17:05:10 **** Build of project lab_7_bsp ****
make -k all 
"Running Make include in ps7_cortexa9_0/libsrc/coresightps_dcc_v1_4/src"
make -C ps7_cortexa9_0/libsrc/coresightps_dcc_v1_4/src -s include  "SHELL=CMD" "COMPILER=arm-none-eabi-gcc" "ARCHIVER=arm-none-eabi-ar" "COMPILER_FLAGS=  -O2 -c" "EXTRA_COMPILER_FLAGS=-mcpu=cortex-a9 -mfpu=vfpv3 -mfloat-abi=hard -nostartfiles -g -Wall -Wextra"
"Running Make include in ps7_cortexa9_0/libsrc/cpu_cortexa9_v2_7/src"
make -C ps7_cortexa9_0/libsrc/cpu_cortexa9_v2_7/src -s include  "SHELL=CMD" "COMPILER=arm-none-eabi-gcc" "ARCHIVER=arm-none-eabi-ar" "COMPILER_FLAGS=  -O2 -c" "EXTRA_COMPILER_FLAGS=-mcpu=cortex-a9 -mfpu=vfpv3 -mfloat-abi=hard -nostartfiles -g -Wall -Wextra"
"Running Make include in ps7_cortexa9_0/libsrc/ddrps_v1_0/src"
make -C ps7_cortexa9_0/libsrc/ddrps_v1_0/src -s include  "SHELL=CMD" "COMPILER=arm-none-eabi-gcc" "ARCHIVER=arm-none-eabi-ar" "COMPILER_FLAGS=  -O2 -c" "EXTRA_COMPILER_FLAGS=-mcpu=cortex-a9 -mfpu=vfpv3 -mfloat-abi=hard -nostartfiles -g -Wall -Wextra"
"Running Make include in ps7_cortexa9_0/libsrc/devcfg_v3_5/src"
make -C ps7_cortexa9_0/libsrc/devcfg_v3_5/src -s include  "SHELL=CMD" "COMPILER=arm-none-eabi-gcc" "ARCHIVER=arm-none-eabi-ar" "COMPILER_FLAGS=  -O2 -c" "EXTRA_COMPILER_FLAGS=-mcpu=cortex-a9 -mfpu=vfpv3 -mfloat-abi=hard -nostartfiles -g -Wall -Wextra"
"Running Make include in ps7_cortexa9_0/libsrc/dmaps_v2_4/src"
make -C ps7_cortexa9_0/libsrc/dmaps_v2_4/src -s include  "SHELL=CMD" "COMPILER=arm-none-eabi-gcc" "ARCHIVER=arm-none-eabi-ar" "COMPILER_FLAGS=  -O2 -c" "EXTRA_COMPILER_FLAGS=-mcpu=cortex-a9 -mfpu=vfpv3 -mfloat-abi=hard -nostartfiles -g -Wall -Wextra"
"Running Make include in ps7_cortexa9_0/libsrc/emacps_v3_8/src"
make -C ps7_cortexa9_0/libsrc/emacps_v3_8/src -s include  "SHELL=CMD" "COMPILER=arm-none-eabi-gcc" "ARCHIVER=arm-none-eabi-ar" "COMPILER_FLAGS=  -O2 -c" "EXTRA_COMPILER_FLAGS=-mcpu=cortex-a9 -mfpu=vfpv3 -mfloat-abi=hard -nostartfiles -g -Wall -Wextra"
"Running Make include in ps7_cortexa9_0/libsrc/freertos10_xilinx_v1_2/src"
make -C ps7_cortexa9_0/libsrc/freertos10_xilinx_v1_2/src -s include  "SHELL=CMD" "COMPILER=arm-none-eabi-gcc" "ARCHIVER=arm-none-eabi-ar" "COMPILER_FLAGS=  -O2 -c" "EXTRA_COMPILER_FLAGS=-mcpu=cortex-a9 -mfpu=vfpv3 -mfloat-abi=hard -nostartfiles -g -Wall -Wextra"
"include"
"Running Make include in ps7_cortexa9_0/libsrc/gpiops_v3_4/src"
make -C ps7_cortexa9_0/libsrc/gpiops_v3_4/src -s include  "SHELL=CMD" "COMPILER=arm-none-eabi-gcc" "ARCHIVER=arm-none-eabi-ar" "COMPILER_FLAGS=  -O2 -c" "EXTRA_COMPILER_FLAGS=-mcpu=cortex-a9 -mfpu=vfpv3 -mfloat-abi=hard -nostartfiles -g -Wall -Wextra"
"Running Make include in ps7_cortexa9_0/libsrc/gpio_v4_3/src"
make -C ps7_cortexa9_0/libsrc/gpio_v4_3/src -s include  "SHELL=CMD" "COMPILER=arm-none-eabi-gcc" "ARCHIVER=arm-none-eabi-ar" "COMPILER_FLAGS=  -O2 -c" "EXTRA_COMPILER_FLAGS=-mcpu=cortex-a9 -mfpu=vfpv3 -mfloat-abi=hard -nostartfiles -g -Wall -Wextra"
"Running Make include in ps7_cortexa9_0/libsrc/qspips_v3_5/src"
make -C ps7_cortexa9_0/libsrc/qspips_v3_5/src -s include  "SHELL=CMD" "COMPILER=arm-none-eabi-gcc" "ARCHIVER=arm-none-eabi-ar" "COMPILER_FLAGS=  -O2 -c" "EXTRA_COMPILER_FLAGS=-mcpu=cortex-a9 -mfpu=vfpv3 -mfloat-abi=hard -nostartfiles -g -Wall -Wextra"
"Running Make include in ps7_cortexa9_0/libsrc/scugic_v3_10/src"
make -C ps7_cortexa9_0/libsrc/scugic_v3_10/src -s include  "SHELL=CMD" "COMPILER=arm-none-eabi-gcc" "ARCHIVER=arm-none-eabi-ar" "COMPILER_FLAGS=  -O2 -c" "EXTRA_COMPILER_FLAGS=-mcpu=cortex-a9 -mfpu=vfpv3 -mfloat-abi=hard -nostartfiles -g -Wall -Wextra"
"Running Make include in ps7_cortexa9_0/libsrc/scutimer_v2_1/src"
make -C ps7_cortexa9_0/libsrc/scutimer_v2_1/src -s include  "SHELL=CMD" "COMPILER=arm-none-eabi-gcc" "ARCHIVER=arm-none-eabi-ar" "COMPILER_FLAGS=  -O2 -c" "EXTRA_COMPILER_FLAGS=-mcpu=cortex-a9 -mfpu=vfpv3 -mfloat-abi=hard -nostartfiles -g -Wall -Wextra"
"Running Make include in ps7_cortexa9_0/libsrc/scuwdt_v2_1/src"
make -C ps7_cortexa9_0/libsrc/scuwdt_v2_1/src -s include  "SHELL=CMD" "COMPILER=arm-none-eabi-gcc" "ARCHIVER=arm-none-eabi-ar" "COMPILER_FLAGS=  -O2 -c" "EXTRA_COMPILER_FLAGS=-mcpu=cortex-a9 -mfpu=vfpv3 -mfloat-abi=hard -nostartfiles -g -Wall -Wextra"
"Running Make include in ps7_cortexa9_0/libsrc/sdps_v3_6/src"
make -C ps7_cortexa9_0/libsrc/sdps_v3_6/src -s include  "SHELL=CMD" "COMPILER=arm-none-eabi-gcc" "ARCHIVER=arm-none-eabi-ar" "COMPILER_FLAGS=  -O2 -c" "EXTRA_COMPILER_FLAGS=-mcpu=cortex-a9 -mfpu=vfpv3 -mfloat-abi=hard -nostartfiles -g -Wall -Wextra"
"Running Make include in ps7_cortexa9_0/libsrc/ttcps_v3_7/src"
make -C ps7_cortexa9_0/libsrc/ttcps_v3_7/src -s include  "SHELL=CMD" "COMPILER=arm-none-eabi-gcc" "ARCHIVER=arm-none-eabi-ar" "COMPILER_FLAGS=  -O2 -c" "EXTRA_COMPILER_FLAGS=-mcpu=cortex-a9 -mfpu=vfpv3 -mfloat-abi=hard -nostartfiles -g -Wall -Wextra"
"Running Make include in ps7_cortexa9_0/libsrc/uartps_v3_7/src"
make -C ps7_cortexa9_0/libsrc/uartps_v3_7/src -s include  "SHELL=CMD" "COMPILER=arm-none-eabi-gcc" "ARCHIVER=arm-none-eabi-ar" "COMPILER_FLAGS=  -O2 -c" "EXTRA_COMPILER_FLAGS=-mcpu=cortex-a9 -mfpu=vfpv3 -mfloat-abi=hard -nostartfiles -g -Wall -Wextra"
"Running Make include in ps7_cortexa9_0/libsrc/usbps_v2_4/src"
make -C ps7_cortexa9_0/libsrc/usbps_v2_4/src -s include  "SHELL=CMD" "COMPILER=arm-none-eabi-gcc" "ARCHIVER=arm-none-eabi-ar" "COMPILER_FLAGS=  -O2 -c" "EXTRA_COMPILER_FLAGS=-mcpu=cortex-a9 -mfpu=vfpv3 -mfloat-abi=hard -nostartfiles -g -Wall -Wextra"
"Running Make include in ps7_cortexa9_0/libsrc/xadcps_v2_3/src"
make -C ps7_cortexa9_0/libsrc/xadcps_v2_3/src -s include  "SHELL=CMD" "COMPILER=arm-none-eabi-gcc" "ARCHIVER=arm-none-eabi-ar" "COMPILER_FLAGS=  -O2 -c" "EXTRA_COMPILER_FLAGS=-mcpu=cortex-a9 -mfpu=vfpv3 -mfloat-abi=hard -nostartfiles -g -Wall -Wextra"
"Running Make libs in ps7_cortexa9_0/libsrc/coresightps_dcc_v1_4/src"
make -C ps7_cortexa9_0/libsrc/coresightps_dcc_v1_4/src -s libs  "SHELL=CMD" "COMPILER=arm-none-eabi-gcc" "ARCHIVER=arm-none-eabi-ar" "COMPILER_FLAGS=  -O2 -c" "EXTRA_COMPILER_FLAGS=-mcpu=cortex-a9 -mfpu=vfpv3 -mfloat-abi=hard -nostartfiles -g -Wall -Wextra"
"Compiling coresightps_dcc"
arm-none-eabi-ar: creating ../../../lib/libxil.a
"Running Make libs in ps7_cortexa9_0/libsrc/cpu_cortexa9_v2_7/src"
make -C ps7_cortexa9_0/libsrc/cpu_cortexa9_v2_7/src -s libs  "SHELL=CMD" "COMPILER=arm-none-eabi-gcc" "ARCHIVER=arm-none-eabi-ar" "COMPILER_FLAGS=  -O2 -c" "EXTRA_COMPILER_FLAGS=-mcpu=cortex-a9 -mfpu=vfpv3 -mfloat-abi=hard -nostartfiles -g -Wall -Wextra"
"Compiling cpu_cortexa9"
"Running Make libs in ps7_cortexa9_0/libsrc/ddrps_v1_0/src"
make -C ps7_cortexa9_0/libsrc/ddrps_v1_0/src -s libs  "SHELL=CMD" "COMPILER=arm-none-eabi-gcc" "ARCHIVER=arm-none-eabi-ar" "COMPILER_FLAGS=  -O2 -c" "EXTRA_COMPILER_FLAGS=-mcpu=cortex-a9 -mfpu=vfpv3 -mfloat-abi=hard -nostartfiles -g -Wall -Wextra"
"Compiling ddrps"
"Running Make libs in ps7_cortexa9_0/libsrc/devcfg_v3_5/src"
make -C ps7_cortexa9_0/libsrc/devcfg_v3_5/src -s libs  "SHELL=CMD" "COMPILER=arm-none-eabi-gcc" "ARCHIVER=arm-none-eabi-ar" "COMPILER_FLAGS=  -O2 -c" "EXTRA_COMPILER_FLAGS=-mcpu=cortex-a9 -mfpu=vfpv3 -mfloat-abi=hard -nostartfiles -g -Wall -Wextra"
"Compiling devcfg"
"Running Make libs in ps7_cortexa9_0/libsrc/dmaps_v2_4/src"
make -C ps7_cortexa9_0/libsrc/dmaps_v2_4/src -s libs  "SHELL=CMD" "COMPILER=arm-none-eabi-gcc" "ARCHIVER=arm-none-eabi-ar" "COMPILER_FLAGS=  -O2 -c" "EXTRA_COMPILER_FLAGS=-mcpu=cortex-a9 -mfpu=vfpv3 -mfloat-abi=hard -nostartfiles -g -Wall -Wextra"
"Compiling dmaps"
"Running Make libs in ps7_cortexa9_0/libsrc/emacps_v3_8/src"
make -C ps7_cortexa9_0/libsrc/emacps_v3_8/src -s libs  "SHELL=CMD" "COMPILER=arm-none-eabi-gcc" "ARCHIVER=arm-none-eabi-ar" "COMPILER_FLAGS=  -O2 -c" "EXTRA_COMPILER_FLAGS=-mcpu=cortex-a9 -mfpu=vfpv3 -mfloat-abi=hard -nostartfiles -g -Wall -Wextra"
"Compiling emacps"
"Running Make libs in ps7_cortexa9_0/libsrc/freertos10_xilinx_v1_2/src"
make -C ps7_cortexa9_0/libsrc/freertos10_xilinx_v1_2/src -s libs  "SHELL=CMD" "COMPILER=arm-none-eabi-gcc" "ARCHIVER=arm-none-eabi-ar" "COMPILER_FLAGS=  -O2 -c" "EXTRA_COMPILER_FLAGS=-mcpu=cortex-a9 -mfpu=vfpv3 -mfloat-abi=hard -nostartfiles -g -Wall -Wextra"
"Compiling standalone"
"Compiling FreeRTOS"
arm-none-eabi-ar: creating ../../../lib/libfreertos.a
"Running Make libs in ps7_cortexa9_0/libsrc/gpiops_v3_4/src"
make -C ps7_cortexa9_0/libsrc/gpiops_v3_4/src -s libs  "SHELL=CMD" "COMPILER=arm-none-eabi-gcc" "ARCHIVER=arm-none-eabi-ar" "COMPILER_FLAGS=  -O2 -c" "EXTRA_COMPILER_FLAGS=-mcpu=cortex-a9 -mfpu=vfpv3 -mfloat-abi=hard -nostartfiles -g -Wall -Wextra"
"Compiling gpiops"
"Running Make libs in ps7_cortexa9_0/libsrc/gpio_v4_3/src"
make -C ps7_cortexa9_0/libsrc/gpio_v4_3/src -s libs  "SHELL=CMD" "COMPILER=arm-none-eabi-gcc" "ARCHIVER=arm-none-eabi-ar" "COMPILER_FLAGS=  -O2 -c" "EXTRA_COMPILER_FLAGS=-mcpu=cortex-a9 -mfpu=vfpv3 -mfloat-abi=hard -nostartfiles -g -Wall -Wextra"
"Compiling gpio"
"Running Make libs in ps7_cortexa9_0/libsrc/qspips_v3_5/src"
make -C ps7_cortexa9_0/libsrc/qspips_v3_5/src -s libs  "SHELL=CMD" "COMPILER=arm-none-eabi-gcc" "ARCHIVER=arm-none-eabi-ar" "COMPILER_FLAGS=  -O2 -c" "EXTRA_COMPILER_FLAGS=-mcpu=cortex-a9 -mfpu=vfpv3 -mfloat-abi=hard -nostartfiles -g -Wall -Wextra"
"Compiling qspips"
"Running Make libs in ps7_cortexa9_0/libsrc/scugic_v3_10/src"
make -C ps7_cortexa9_0/libsrc/scugic_v3_10/src -s libs  "SHELL=CMD" "COMPILER=arm-none-eabi-gcc" "ARCHIVER=arm-none-eabi-ar" "COMPILER_FLAGS=  -O2 -c" "EXTRA_COMPILER_FLAGS=-mcpu=cortex-a9 -mfpu=vfpv3 -mfloat-abi=hard -nostartfiles -g -Wall -Wextra"
"Compiling scugic"
"Running Make libs in ps7_cortexa9_0/libsrc/scutimer_v2_1/src"
make -C ps7_cortexa9_0/libsrc/scutimer_v2_1/src -s libs  "SHELL=CMD" "COMPILER=arm-none-eabi-gcc" "ARCHIVER=arm-none-eabi-ar" "COMPILER_FLAGS=  -O2 -c" "EXTRA_COMPILER_FLAGS=-mcpu=cortex-a9 -mfpu=vfpv3 -mfloat-abi=hard -nostartfiles -g -Wall -Wextra"
"Compiling scutimer"
"Running Make libs in ps7_cortexa9_0/libsrc/scuwdt_v2_1/src"
make -C ps7_cortexa9_0/libsrc/scuwdt_v2_1/src -s libs  "SHELL=CMD" "COMPILER=arm-none-eabi-gcc" "ARCHIVER=arm-none-eabi-ar" "COMPILER_FLAGS=  -O2 -c" "EXTRA_COMPILER_FLAGS=-mcpu=cortex-a9 -mfpu=vfpv3 -mfloat-abi=hard -nostartfiles -g -Wall -Wextra"
"Compiling scuwdt"
"Running Make libs in ps7_cortexa9_0/libsrc/sdps_v3_6/src"
make -C ps7_cortexa9_0/libsrc/sdps_v3_6/src -s libs  "SHELL=CMD" "COMPILER=arm-none-eabi-gcc" "ARCHIVER=arm-none-eabi-ar" "COMPILER_FLAGS=  -O2 -c" "EXTRA_COMPILER_FLAGS=-mcpu=cortex-a9 -mfpu=vfpv3 -mfloat-abi=hard -nostartfiles -g -Wall -Wextra"
"Compiling sdps"
"Running Make libs in ps7_cortexa9_0/libsrc/ttcps_v3_7/src"
make -C ps7_cortexa9_0/libsrc/ttcps_v3_7/src -s libs  "SHELL=CMD" "COMPILER=arm-none-eabi-gcc" "ARCHIVER=arm-none-eabi-ar" "COMPILER_FLAGS=  -O2 -c" "EXTRA_COMPILER_FLAGS=-mcpu=cortex-a9 -mfpu=vfpv3 -mfloat-abi=hard -nostartfiles -g -Wall -Wextra"
"Compiling ttcps"
"Running Make libs in ps7_cortexa9_0/libsrc/uartps_v3_7/src"
make -C ps7_cortexa9_0/libsrc/uartps_v3_7/src -s libs  "SHELL=CMD" "COMPILER=arm-none-eabi-gcc" "ARCHIVER=arm-none-eabi-ar" "COMPILER_FLAGS=  -O2 -c" "EXTRA_COMPILER_FLAGS=-mcpu=cortex-a9 -mfpu=vfpv3 -mfloat-abi=hard -nostartfiles -g -Wall -Wextra"
"Compiling uartps"
"Running Make libs in ps7_cortexa9_0/libsrc/usbps_v2_4/src"
make -C ps7_cortexa9_0/libsrc/usbps_v2_4/src -s libs  "SHELL=CMD" "COMPILER=arm-none-eabi-gcc" "ARCHIVER=arm-none-eabi-ar" "COMPILER_FLAGS=  -O2 -c" "EXTRA_COMPILER_FLAGS=-mcpu=cortex-a9 -mfpu=vfpv3 -mfloat-abi=hard -nostartfiles -g -Wall -Wextra"
"Compiling usbps"
"Running Make libs in ps7_cortexa9_0/libsrc/xadcps_v2_3/src"
make -C ps7_cortexa9_0/libsrc/xadcps_v2_3/src -s libs  "SHELL=CMD" "COMPILER=arm-none-eabi-gcc" "ARCHIVER=arm-none-eabi-ar" "COMPILER_FLAGS=  -O2 -c" "EXTRA_COMPILER_FLAGS=-mcpu=cortex-a9 -mfpu=vfpv3 -mfloat-abi=hard -nostartfiles -g -Wall -Wextra"
"Compiling xadcps"
'Finished building libraries'
17:05:47 **** Auto Build of project lab_7_bsp ****
make -k all 
"Running Make include in ps7_cortexa9_0/libsrc/coresightps_dcc_v1_4/src"
make -C ps7_cortexa9_0/libsrc/coresightps_dcc_v1_4/src -s include  "SHELL=CMD" "COMPILER=arm-none-eabi-gcc" "ARCHIVER=arm-none-eabi-ar" "COMPILER_FLAGS=  -O2 -c" "EXTRA_COMPILER_FLAGS=-mcpu=cortex-a9 -mfpu=vfpv3 -mfloat-abi=hard -nostartfiles -g -Wall -Wextra"
"Running Make include in ps7_cortexa9_0/libsrc/cpu_cortexa9_v2_7/src"
make -C ps7_cortexa9_0/libsrc/cpu_cortexa9_v2_7/src -s include  "SHELL=CMD" "COMPILER=arm-none-eabi-gcc" "ARCHIVER=arm-none-eabi-ar" "COMPILER_FLAGS=  -O2 -c" "EXTRA_COMPILER_FLAGS=-mcpu=cortex-a9 -mfpu=vfpv3 -mfloat-abi=hard -nostartfiles -g -Wall -Wextra"
"Running Make include in ps7_cortexa9_0/libsrc/ddrps_v1_0/src"
make -C ps7_cortexa9_0/libsrc/ddrps_v1_0/src -s include  "SHELL=CMD" "COMPILER=arm-none-eabi-gcc" "ARCHIVER=arm-none-eabi-ar" "COMPILER_FLAGS=  -O2 -c" "EXTRA_COMPILER_FLAGS=-mcpu=cortex-a9 -mfpu=vfpv3 -mfloat-abi=hard -nostartfiles -g -Wall -Wextra"
"Running Make include in ps7_cortexa9_0/libsrc/devcfg_v3_5/src"
make -C ps7_cortexa9_0/libsrc/devcfg_v3_5/src -s include  "SHELL=CMD" "COMPILER=arm-none-eabi-gcc" "ARCHIVER=arm-none-eabi-ar" "COMPILER_FLAGS=  -O2 -c" "EXTRA_COMPILER_FLAGS=-mcpu=cortex-a9 -mfpu=vfpv3 -mfloat-abi=hard -nostartfiles -g -Wall -Wextra"
"Running Make include in ps7_cortexa9_0/libsrc/dmaps_v2_4/src"
make -C ps7_cortexa9_0/libsrc/dmaps_v2_4/src -s include  "SHELL=CMD" "COMPILER=arm-none-eabi-gcc" "ARCHIVER=arm-none-eabi-ar" "COMPILER_FLAGS=  -O2 -c" "EXTRA_COMPILER_FLAGS=-mcpu=cortex-a9 -mfpu=vfpv3 -mfloat-abi=hard -nostartfiles -g -Wall -Wextra"
"Running Make include in ps7_cortexa9_0/libsrc/emacps_v3_8/src"
make -C ps7_cortexa9_0/libsrc/emacps_v3_8/src -s include  "SHELL=CMD" "COMPILER=arm-none-eabi-gcc" "ARCHIVER=arm-none-eabi-ar" "COMPILER_FLAGS=  -O2 -c" "EXTRA_COMPILER_FLAGS=-mcpu=cortex-a9 -mfpu=vfpv3 -mfloat-abi=hard -nostartfiles -g -Wall -Wextra"
"Running Make include in ps7_cortexa9_0/libsrc/freertos10_xilinx_v1_2/src"
make -C ps7_cortexa9_0/libsrc/freertos10_xilinx_v1_2/src -s include  "SHELL=CMD" "COMPILER=arm-none-eabi-gcc" "ARCHIVER=arm-none-eabi-ar" "COMPILER_FLAGS=  -O2 -c" "EXTRA_COMPILER_FLAGS=-mcpu=cortex-a9 -mfpu=vfpv3 -mfloat-abi=hard -nostartfiles -g -Wall -Wextra"
"include"
"Running Make include in ps7_cortexa9_0/libsrc/gpiops_v3_4/src"
make -C ps7_cortexa9_0/libsrc/gpiops_v3_4/src -s include  "SHELL=CMD" "COMPILER=arm-none-eabi-gcc" "ARCHIVER=arm-none-eabi-ar" "COMPILER_FLAGS=  -O2 -c" "EXTRA_COMPILER_FLAGS=-mcpu=cortex-a9 -mfpu=vfpv3 -mfloat-abi=hard -nostartfiles -g -Wall -Wextra"
"Running Make include in ps7_cortexa9_0/libsrc/gpio_v4_3/src"
make -C ps7_cortexa9_0/libsrc/gpio_v4_3/src -s include  "SHELL=CMD" "COMPILER=arm-none-eabi-gcc" "ARCHIVER=arm-none-eabi-ar" "COMPILER_FLAGS=  -O2 -c" "EXTRA_COMPILER_FLAGS=-mcpu=cortex-a9 -mfpu=vfpv3 -mfloat-abi=hard -nostartfiles -g -Wall -Wextra"
"Running Make include in ps7_cortexa9_0/libsrc/qspips_v3_5/src"
make -C ps7_cortexa9_0/libsrc/qspips_v3_5/src -s include  "SHELL=CMD" "COMPILER=arm-none-eabi-gcc" "ARCHIVER=arm-none-eabi-ar" "COMPILER_FLAGS=  -O2 -c" "EXTRA_COMPILER_FLAGS=-mcpu=cortex-a9 -mfpu=vfpv3 -mfloat-abi=hard -nostartfiles -g -Wall -Wextra"
"Running Make include in ps7_cortexa9_0/libsrc/scugic_v3_10/src"
make -C ps7_cortexa9_0/libsrc/scugic_v3_10/src -s include  "SHELL=CMD" "COMPILER=arm-none-eabi-gcc" "ARCHIVER=arm-none-eabi-ar" "COMPILER_FLAGS=  -O2 -c" "EXTRA_COMPILER_FLAGS=-mcpu=cortex-a9 -mfpu=vfpv3 -mfloat-abi=hard -nostartfiles -g -Wall -Wextra"
"Running Make include in ps7_cortexa9_0/libsrc/scutimer_v2_1/src"
make -C ps7_cortexa9_0/libsrc/scutimer_v2_1/src -s include  "SHELL=CMD" "COMPILER=arm-none-eabi-gcc" "ARCHIVER=arm-none-eabi-ar" "COMPILER_FLAGS=  -O2 -c" "EXTRA_COMPILER_FLAGS=-mcpu=cortex-a9 -mfpu=vfpv3 -mfloat-abi=hard -nostartfiles -g -Wall -Wextra"
"Running Make include in ps7_cortexa9_0/libsrc/scuwdt_v2_1/src"
make -C ps7_cortexa9_0/libsrc/scuwdt_v2_1/src -s include  "SHELL=CMD" "COMPILER=arm-none-eabi-gcc" "ARCHIVER=arm-none-eabi-ar" "COMPILER_FLAGS=  -O2 -c" "EXTRA_COMPILER_FLAGS=-mcpu=cortex-a9 -mfpu=vfpv3 -mfloat-abi=hard -nostartfiles -g -Wall -Wextra"
"Running Make include in ps7_cortexa9_0/libsrc/sdps_v3_6/src"
make -C ps7_cortexa9_0/libsrc/sdps_v3_6/src -s include  "SHELL=CMD" "COMPILER=arm-none-eabi-gcc" "ARCHIVER=arm-none-eabi-ar" "COMPILER_FLAGS=  -O2 -c" "EXTRA_COMPILER_FLAGS=-mcpu=cortex-a9 -mfpu=vfpv3 -mfloat-abi=hard -nostartfiles -g -Wall -Wextra"
"Running Make include in ps7_cortexa9_0/libsrc/ttcps_v3_7/src"
make -C ps7_cortexa9_0/libsrc/ttcps_v3_7/src -s include  "SHELL=CMD" "COMPILER=arm-none-eabi-gcc" "ARCHIVER=arm-none-eabi-ar" "COMPILER_FLAGS=  -O2 -c" "EXTRA_COMPILER_FLAGS=-mcpu=cortex-a9 -mfpu=vfpv3 -mfloat-abi=hard -nostartfiles -g -Wall -Wextra"
"Running Make include in ps7_cortexa9_0/libsrc/uartps_v3_7/src"
make -C ps7_cortexa9_0/libsrc/uartps_v3_7/src -s include  "SHELL=CMD" "COMPILER=arm-none-eabi-gcc" "ARCHIVER=arm-none-eabi-ar" "COMPILER_FLAGS=  -O2 -c" "EXTRA_COMPILER_FLAGS=-mcpu=cortex-a9 -mfpu=vfpv3 -mfloat-abi=hard -nostartfiles -g -Wall -Wextra"
"Running Make include in ps7_cortexa9_0/libsrc/usbps_v2_4/src"
make -C ps7_cortexa9_0/libsrc/usbps_v2_4/src -s include  "SHELL=CMD" "COMPILER=arm-none-eabi-gcc" "ARCHIVER=arm-none-eabi-ar" "COMPILER_FLAGS=  -O2 -c" "EXTRA_COMPILER_FLAGS=-mcpu=cortex-a9 -mfpu=vfpv3 -mfloat-abi=hard -nostartfiles -g -Wall -Wextra"
"Running Make include in ps7_cortexa9_0/libsrc/xadcps_v2_3/src"
make -C ps7_cortexa9_0/libsrc/xadcps_v2_3/src -s include  "SHELL=CMD" "COMPILER=arm-none-eabi-gcc" "ARCHIVER=arm-none-eabi-ar" "COMPILER_FLAGS=  -O2 -c" "EXTRA_COMPILER_FLAGS=-mcpu=cortex-a9 -mfpu=vfpv3 -mfloat-abi=hard -nostartfiles -g -Wall -Wextra"
"Running Make libs in ps7_cortexa9_0/libsrc/coresightps_dcc_v1_4/src"
make -C ps7_cortexa9_0/libsrc/coresightps_dcc_v1_4/src -s libs  "SHELL=CMD" "COMPILER=arm-none-eabi-gcc" "ARCHIVER=arm-none-eabi-ar" "COMPILER_FLAGS=  -O2 -c" "EXTRA_COMPILER_FLAGS=-mcpu=cortex-a9 -mfpu=vfpv3 -mfloat-abi=hard -nostartfiles -g -Wall -Wextra"
"Compiling coresightps_dcc"
"Running Make libs in ps7_cortexa9_0/libsrc/cpu_cortexa9_v2_7/src"
make -C ps7_cortexa9_0/libsrc/cpu_cortexa9_v2_7/src -s libs  "SHELL=CMD" "COMPILER=arm-none-eabi-gcc" "ARCHIVER=arm-none-eabi-ar" "COMPILER_FLAGS=  -O2 -c" "EXTRA_COMPILER_FLAGS=-mcpu=cortex-a9 -mfpu=vfpv3 -mfloat-abi=hard -nostartfiles -g -Wall -Wextra"
"Compiling cpu_cortexa9"
"Running Make libs in ps7_cortexa9_0/libsrc/ddrps_v1_0/src"
make -C ps7_cortexa9_0/libsrc/ddrps_v1_0/src -s libs  "SHELL=CMD" "COMPILER=arm-none-eabi-gcc" "ARCHIVER=arm-none-eabi-ar" "COMPILER_FLAGS=  -O2 -c" "EXTRA_COMPILER_FLAGS=-mcpu=cortex-a9 -mfpu=vfpv3 -mfloat-abi=hard -nostartfiles -g -Wall -Wextra"
"Compiling ddrps"
"Running Make libs in ps7_cortexa9_0/libsrc/devcfg_v3_5/src"
make -C ps7_cortexa9_0/libsrc/devcfg_v3_5/src -s libs  "SHELL=CMD" "COMPILER=arm-none-eabi-gcc" "ARCHIVER=arm-none-eabi-ar" "COMPILER_FLAGS=  -O2 -c" "EXTRA_COMPILER_FLAGS=-mcpu=cortex-a9 -mfpu=vfpv3 -mfloat-abi=hard -nostartfiles -g -Wall -Wextra"
"Compiling devcfg"
"Running Make libs in ps7_cortexa9_0/libsrc/dmaps_v2_4/src"
make -C ps7_cortexa9_0/libsrc/dmaps_v2_4/src -s libs  "SHELL=CMD" "COMPILER=arm-none-eabi-gcc" "ARCHIVER=arm-none-eabi-ar" "COMPILER_FLAGS=  -O2 -c" "EXTRA_COMPILER_FLAGS=-mcpu=cortex-a9 -mfpu=vfpv3 -mfloat-abi=hard -nostartfiles -g -Wall -Wextra"
"Compiling dmaps"
"Running Make libs in ps7_cortexa9_0/libsrc/emacps_v3_8/src"
make -C ps7_cortexa9_0/libsrc/emacps_v3_8/src -s libs  "SHELL=CMD" "COMPILER=arm-none-eabi-gcc" "ARCHIVER=arm-none-eabi-ar" "COMPILER_FLAGS=  -O2 -c" "EXTRA_COMPILER_FLAGS=-mcpu=cortex-a9 -mfpu=vfpv3 -mfloat-abi=hard -nostartfiles -g -Wall -Wextra"
"Compiling emacps"
"Running Make libs in ps7_cortexa9_0/libsrc/freertos10_xilinx_v1_2/src"
make -C ps7_cortexa9_0/libsrc/freertos10_xilinx_v1_2/src -s libs  "SHELL=CMD" "COMPILER=arm-none-eabi-gcc" "ARCHIVER=arm-none-eabi-ar" "COMPILER_FLAGS=  -O2 -c" "EXTRA_COMPILER_FLAGS=-mcpu=cortex-a9 -mfpu=vfpv3 -mfloat-abi=hard -nostartfiles -g -Wall -Wextra"
"Compiling standalone"
"Compiling FreeRTOS"
"Running Make libs in ps7_cortexa9_0/libsrc/gpiops_v3_4/src"
make -C ps7_cortexa9_0/libsrc/gpiops_v3_4/src -s libs  "SHELL=CMD" "COMPILER=arm-none-eabi-gcc" "ARCHIVER=arm-none-eabi-ar" "COMPILER_FLAGS=  -O2 -c" "EXTRA_COMPILER_FLAGS=-mcpu=cortex-a9 -mfpu=vfpv3 -mfloat-abi=hard -nostartfiles -g -Wall -Wextra"
"Compiling gpiops"
"Running Make libs in ps7_cortexa9_0/libsrc/gpio_v4_3/src"
make -C ps7_cortexa9_0/libsrc/gpio_v4_3/src -s libs  "SHELL=CMD" "COMPILER=arm-none-eabi-gcc" "ARCHIVER=arm-none-eabi-ar" "COMPILER_FLAGS=  -O2 -c" "EXTRA_COMPILER_FLAGS=-mcpu=cortex-a9 -mfpu=vfpv3 -mfloat-abi=hard -nostartfiles -g -Wall -Wextra"
"Compiling gpio"
"Running Make libs in ps7_cortexa9_0/libsrc/qspips_v3_5/src"
make -C ps7_cortexa9_0/libsrc/qspips_v3_5/src -s libs  "SHELL=CMD" "COMPILER=arm-none-eabi-gcc" "ARCHIVER=arm-none-eabi-ar" "COMPILER_FLAGS=  -O2 -c" "EXTRA_COMPILER_FLAGS=-mcpu=cortex-a9 -mfpu=vfpv3 -mfloat-abi=hard -nostartfiles -g -Wall -Wextra"
"Compiling qspips"
"Running Make libs in ps7_cortexa9_0/libsrc/scugic_v3_10/src"
make -C ps7_cortexa9_0/libsrc/scugic_v3_10/src -s libs  "SHELL=CMD" "COMPILER=arm-none-eabi-gcc" "ARCHIVER=arm-none-eabi-ar" "COMPILER_FLAGS=  -O2 -c" "EXTRA_COMPILER_FLAGS=-mcpu=cortex-a9 -mfpu=vfpv3 -mfloat-abi=hard -nostartfiles -g -Wall -Wextra"
"Compiling scugic"
"Running Make libs in ps7_cortexa9_0/libsrc/scutimer_v2_1/src"
make -C ps7_cortexa9_0/libsrc/scutimer_v2_1/src -s libs  "SHELL=CMD" "COMPILER=arm-none-eabi-gcc" "ARCHIVER=arm-none-eabi-ar" "COMPILER_FLAGS=  -O2 -c" "EXTRA_COMPILER_FLAGS=-mcpu=cortex-a9 -mfpu=vfpv3 -mfloat-abi=hard -nostartfiles -g -Wall -Wextra"
"Compiling scutimer"
"Running Make libs in ps7_cortexa9_0/libsrc/scuwdt_v2_1/src"
make -C ps7_cortexa9_0/libsrc/scuwdt_v2_1/src -s libs  "SHELL=CMD" "COMPILER=arm-none-eabi-gcc" "ARCHIVER=arm-none-eabi-ar" "COMPILER_FLAGS=  -O2 -c" "EXTRA_COMPILER_FLAGS=-mcpu=cortex-a9 -mfpu=vfpv3 -mfloat-abi=hard -nostartfiles -g -Wall -Wextra"
"Compiling scuwdt"
"Running Make libs in ps7_cortexa9_0/libsrc/sdps_v3_6/src"
make -C ps7_cortexa9_0/libsrc/sdps_v3_6/src -s libs  "SHELL=CMD" "COMPILER=arm-none-eabi-gcc" "ARCHIVER=arm-none-eabi-ar" "COMPILER_FLAGS=  -O2 -c" "EXTRA_COMPILER_FLAGS=-mcpu=cortex-a9 -mfpu=vfpv3 -mfloat-abi=hard -nostartfiles -g -Wall -Wextra"
"Compiling sdps"
"Running Make libs in ps7_cortexa9_0/libsrc/ttcps_v3_7/src"
make -C ps7_cortexa9_0/libsrc/ttcps_v3_7/src -s libs  "SHELL=CMD" "COMPILER=arm-none-eabi-gcc" "ARCHIVER=arm-none-eabi-ar" "COMPILER_FLAGS=  -O2 -c" "EXTRA_COMPILER_FLAGS=-mcpu=cortex-a9 -mfpu=vfpv3 -mfloat-abi=hard -nostartfiles -g -Wall -Wextra"
"Compiling ttcps"
"Running Make libs in ps7_cortexa9_0/libsrc/uartps_v3_7/src"
make -C ps7_cortexa9_0/libsrc/uartps_v3_7/src -s libs  "SHELL=CMD" "COMPILER=arm-none-eabi-gcc" "ARCHIVER=arm-none-eabi-ar" "COMPILER_FLAGS=  -O2 -c" "EXTRA_COMPILER_FLAGS=-mcpu=cortex-a9 -mfpu=vfpv3 -mfloat-abi=hard -nostartfiles -g -Wall -Wextra"
"Compiling uartps"
"Running Make libs in ps7_cortexa9_0/libsrc/usbps_v2_4/src"
make -C ps7_cortexa9_0/libsrc/usbps_v2_4/src -s libs  "SHELL=CMD" "COMPILER=arm-none-eabi-gcc" "ARCHIVER=arm-none-eabi-ar" "COMPILER_FLAGS=  -O2 -c" "EXTRA_COMPILER_FLAGS=-mcpu=cortex-a9 -mfpu=vfpv3 -mfloat-abi=hard -nostartfiles -g -Wall -Wextra"
"Compiling usbps"
"Running Make libs in ps7_cortexa9_0/libsrc/xadcps_v2_3/src"
make -C ps7_cortexa9_0/libsrc/xadcps_v2_3/src -s libs  "SHELL=CMD" "COMPILER=arm-none-eabi-gcc" "ARCHIVER=arm-none-eabi-ar" "COMPILER_FLAGS=  -O2 -c" "EXTRA_COMPILER_FLAGS=-mcpu=cortex-a9 -mfpu=vfpv3 -mfloat-abi=hard -nostartfiles -g -Wall -Wextra"
"Compiling xadcps"
'Finished building libraries'

**** Build of configuration Debug for project lab_7 ****

Nothing to build for project lab_7
17:07:04 **** Auto Build of configuration Debug for project lab_7 ****
make pre-build main-build 
a9-linaro-pre-build-step
' '
'Building file: ../src/lab_7.c'
'Invoking: ARM v7 gcc compiler'
arm-none-eabi-gcc -Wall -O0 -g3 -c -fmessage-length=0 -MT"src/lab_7.o" -mcpu=cortex-a9 -mfpu=vfpv3 -mfloat-abi=hard -I../../lab_7_bsp/ps7_cortexa9_0/include -MMD -MP -MF"src/lab_7.d" -MT"src/lab_7.o" -o "src/lab_7.o" "../src/lab_7.c"
'Finished building: ../src/lab_7.c'
' '
'Building target: lab_7.elf'
'Invoking: ARM v7 gcc linker'
arm-none-eabi-gcc -mcpu=cortex-a9 -mfpu=vfpv3 -mfloat-abi=hard -Wl,-build-id=none -specs=Xilinx.spec -Wl,-T -Wl,../src/lscript.ld -L../../lab_7_bsp/ps7_cortexa9_0/lib -o "lab_7.elf"  ./src/lab_7.o   -Wl,--start-group,-lxil,-lfreertos,-lgcc,-lc,--end-group
'Finished building target: lab_7.elf'
' '
'Invoking: ARM v7 Print Size'
arm-none-eabi-size lab_7.elf  |tee "lab_7.elf.size"
   text	   data	    bss	    dec	    hex	filename
  90816	   3400	  89472	 183688	  2cd88	lab_7.elf
'Finished building: lab_7.elf.size'
' '
17:07:06 **** Auto Build of configuration Debug for project lab_7 ****
make pre-build main-build 
a9-linaro-pre-build-step
' '
make: Nothing to be done for 'main-build'.
17:09:05 **** Auto Build of configuration Debug for project lab_7 ****
make pre-build main-build 
a9-linaro-pre-build-step
' '
'Building file: ../src/lab_7.c'
'Invoking: ARM v7 gcc compiler'
arm-none-eabi-gcc -Wall -O0 -g3 -c -fmessage-length=0 -MT"src/lab_7.o" -mcpu=cortex-a9 -mfpu=vfpv3 -mfloat-abi=hard -I../../lab_7_bsp/ps7_cortexa9_0/include -MMD -MP -MF"src/lab_7.d" -MT"src/lab_7.o" -o "src/lab_7.o" "../src/lab_7.c"
'Finished building: ../src/lab_7.c'
' '
'Building target: lab_7.elf'
'Invoking: ARM v7 gcc linker'
arm-none-eabi-gcc -mcpu=cortex-a9 -mfpu=vfpv3 -mfloat-abi=hard -Wl,-build-id=none -specs=Xilinx.spec -Wl,-T -Wl,../src/lscript.ld -L../../lab_7_bsp/ps7_cortexa9_0/lib -o "lab_7.elf"  ./src/lab_7.o   -Wl,--start-group,-lxil,-lfreertos,-lgcc,-lc,--end-group
'Finished building target: lab_7.elf'
' '
'Invoking: ARM v7 Print Size'
arm-none-eabi-size lab_7.elf  |tee "lab_7.elf.size"
   text	   data	    bss	    dec	    hex	filename
  90752	   3400	  89472	 183624	  2cd48	lab_7.elf
'Finished building: lab_7.elf.size'
' '
17:09:47 **** Auto Build of configuration Debug for project lab_7 ****
make pre-build main-build 
a9-linaro-pre-build-step
' '
'Building file: ../src/lab_7.c'
'Invoking: ARM v7 gcc compiler'
arm-none-eabi-gcc -Wall -O0 -g3 -c -fmessage-length=0 -MT"src/lab_7.o" -mcpu=cortex-a9 -mfpu=vfpv3 -mfloat-abi=hard -I../../lab_7_bsp/ps7_cortexa9_0/include -MMD -MP -MF"src/lab_7.d" -MT"src/lab_7.o" -o "src/lab_7.o" "../src/lab_7.c"
'Finished building: ../src/lab_7.c'
' '
'Building target: lab_7.elf'
'Invoking: ARM v7 gcc linker'
arm-none-eabi-gcc -mcpu=cortex-a9 -mfpu=vfpv3 -mfloat-abi=hard -Wl,-build-id=none -specs=Xilinx.spec -Wl,-T -Wl,../src/lscript.ld -L../../lab_7_bsp/ps7_cortexa9_0/lib -o "lab_7.elf"  ./src/lab_7.o   -Wl,--start-group,-lxil,-lfreertos,-lgcc,-lc,--end-group
'Finished building target: lab_7.elf'
' '
'Invoking: ARM v7 Print Size'
arm-none-eabi-size lab_7.elf  |tee "lab_7.elf.size"
   text	   data	    bss	    dec	    hex	filename
  90816	   3400	  89472	 183688	  2cd88	lab_7.elf
'Finished building: lab_7.elf.size'
' '
17:10:04 **** Incremental Build of configuration Debug for project lab_7 ****
make pre-build main-build 
a9-linaro-pre-build-step
' '
make: Nothing to be done for 'main-build'.
17:10:27 **** Auto Build of configuration Debug for project lab_7 ****
make pre-build main-build 
a9-linaro-pre-build-step
' '
'Building file: ../src/lab_7.c'
'Invoking: ARM v7 gcc compiler'
arm-none-eabi-gcc -Wall -O0 -g3 -c -fmessage-length=0 -MT"src/lab_7.o" -mcpu=cortex-a9 -mfpu=vfpv3 -mfloat-abi=hard -I../../lab_7_bsp/ps7_cortexa9_0/include -MMD -MP -MF"src/lab_7.d" -MT"src/lab_7.o" -o "src/lab_7.o" "../src/lab_7.c"
'Finished building: ../src/lab_7.c'
' '
'Building target: lab_7.elf'
'Invoking: ARM v7 gcc linker'
arm-none-eabi-gcc -mcpu=cortex-a9 -mfpu=vfpv3 -mfloat-abi=hard -Wl,-build-id=none -specs=Xilinx.spec -Wl,-T -Wl,../src/lscript.ld -L../../lab_7_bsp/ps7_cortexa9_0/lib -o "lab_7.elf"  ./src/lab_7.o   -Wl,--start-group,-lxil,-lfreertos,-lgcc,-lc,--end-group
'Finished building target: lab_7.elf'
' '
'Invoking: ARM v7 Print Size'
arm-none-eabi-size lab_7.elf  |tee "lab_7.elf.size"
   text	   data	    bss	    dec	    hex	filename
  90816	   3400	  89472	 183688	  2cd88	lab_7.elf
'Finished building: lab_7.elf.size'
' '
17:10:41 **** Auto Build of configuration Debug for project lab_7 ****
make pre-build main-build 
a9-linaro-pre-build-step
' '
'Building file: ../src/lab_7.c'
'Invoking: ARM v7 gcc compiler'
arm-none-eabi-gcc -Wall -O0 -g3 -c -fmessage-length=0 -MT"src/lab_7.o" -mcpu=cortex-a9 -mfpu=vfpv3 -mfloat-abi=hard -I../../lab_7_bsp/ps7_cortexa9_0/include -MMD -MP -MF"src/lab_7.d" -MT"src/lab_7.o" -o "src/lab_7.o" "../src/lab_7.c"
'Finished building: ../src/lab_7.c'
' '
'Building target: lab_7.elf'
'Invoking: ARM v7 gcc linker'
arm-none-eabi-gcc -mcpu=cortex-a9 -mfpu=vfpv3 -mfloat-abi=hard -Wl,-build-id=none -specs=Xilinx.spec -Wl,-T -Wl,../src/lscript.ld -L../../lab_7_bsp/ps7_cortexa9_0/lib -o "lab_7.elf"  ./src/lab_7.o   -Wl,--start-group,-lxil,-lfreertos,-lgcc,-lc,--end-group
'Finished building target: lab_7.elf'
' '
'Invoking: ARM v7 Print Size'
arm-none-eabi-size lab_7.elf  |tee "lab_7.elf.size"
   text	   data	    bss	    dec	    hex	filename
  90816	   3400	  89472	 183688	  2cd88	lab_7.elf
'Finished building: lab_7.elf.size'
' '
17:10:58 **** Incremental Build of configuration Debug for project lab_7 ****
make pre-build main-build 
a9-linaro-pre-build-step
' '
make: Nothing to be done for 'main-build'.
17:11:59 **** Auto Build of configuration Debug for project lab_7 ****
make pre-build main-build 
a9-linaro-pre-build-step
' '
'Building file: ../src/lab_7.c'
'Invoking: ARM v7 gcc compiler'
arm-none-eabi-gcc -Wall -O0 -g3 -c -fmessage-length=0 -MT"src/lab_7.o" -mcpu=cortex-a9 -mfpu=vfpv3 -mfloat-abi=hard -I../../lab_7_bsp/ps7_cortexa9_0/include -MMD -MP -MF"src/lab_7.d" -MT"src/lab_7.o" -o "src/lab_7.o" "../src/lab_7.c"
'Finished building: ../src/lab_7.c'
' '
'Building target: lab_7.elf'
'Invoking: ARM v7 gcc linker'
arm-none-eabi-gcc -mcpu=cortex-a9 -mfpu=vfpv3 -mfloat-abi=hard -Wl,-build-id=none -specs=Xilinx.spec -Wl,-T -Wl,../src/lscript.ld -L../../lab_7_bsp/ps7_cortexa9_0/lib -o "lab_7.elf"  ./src/lab_7.o   -Wl,--start-group,-lxil,-lfreertos,-lgcc,-lc,--end-group
'Finished building target: lab_7.elf'
' '
'Invoking: ARM v7 Print Size'
arm-none-eabi-size lab_7.elf  |tee "lab_7.elf.size"
   text	   data	    bss	    dec	    hex	filename
  90816	   3400	  89472	 183688	  2cd88	lab_7.elf
'Finished building: lab_7.elf.size'
' '
17:13:01 **** Auto Build of configuration Debug for project lab_7 ****
make pre-build main-build 
a9-linaro-pre-build-step
' '
'Building file: ../src/lab_7.c'
'Invoking: ARM v7 gcc compiler'
arm-none-eabi-gcc -Wall -O0 -g3 -c -fmessage-length=0 -MT"src/lab_7.o" -mcpu=cortex-a9 -mfpu=vfpv3 -mfloat-abi=hard -I../../lab_7_bsp/ps7_cortexa9_0/include -MMD -MP -MF"src/lab_7.d" -MT"src/lab_7.o" -o "src/lab_7.o" "../src/lab_7.c"
../src/lab_7.c: In function 'main':
../src/lab_7.c:123:13: warning: unused variable 'x10s' [-Wunused-variable]
  TickType_t x10s = pdMS_TO_TICKS(10000UL);
             ^~~~
At top level:
../src/lab_7.c:92:13: warning: 'vTimerCallback' defined but not used [-Wunused-function]
 static void vTimerCallback( TimerHandle_t pxTimer){
             ^~~~~~~~~~~~~~
../src/lab_7.c:22:22: warning: 'xTimer' defined but not used [-Wunused-variable]
 static TimerHandle_t xTimer = NULL;
                      ^~~~~~
'Finished building: ../src/lab_7.c'
' '
'Building target: lab_7.elf'
'Invoking: ARM v7 gcc linker'
arm-none-eabi-gcc -mcpu=cortex-a9 -mfpu=vfpv3 -mfloat-abi=hard -Wl,-build-id=none -specs=Xilinx.spec -Wl,-T -Wl,../src/lscript.ld -L../../lab_7_bsp/ps7_cortexa9_0/lib -o "lab_7.elf"  ./src/lab_7.o   -Wl,--start-group,-lxil,-lfreertos,-lgcc,-lc,--end-group
'Finished building target: lab_7.elf'
' '
'Invoking: ARM v7 Print Size'
arm-none-eabi-size lab_7.elf  |tee "lab_7.elf.size"
   text	   data	    bss	    dec	    hex	filename
  90680	   3400	  89472	 183552	  2cd00	lab_7.elf
'Finished building: lab_7.elf.size'
' '
17:13:16 **** Incremental Build of configuration Debug for project lab_7 ****
make pre-build main-build 
a9-linaro-pre-build-step
' '
make: Nothing to be done for 'main-build'.
17:13:42 **** Incremental Build of configuration Debug for project lab_7 ****
make pre-build main-build 
a9-linaro-pre-build-step
' '
make: Nothing to be done for 'main-build'.
17:16:07 **** Auto Build of configuration Debug for project lab_7 ****
make pre-build main-build 
a9-linaro-pre-build-step
' '
'Building file: ../src/lab_7.c'
'Invoking: ARM v7 gcc compiler'
arm-none-eabi-gcc -Wall -O0 -g3 -c -fmessage-length=0 -MT"src/lab_7.o" -mcpu=cortex-a9 -mfpu=vfpv3 -mfloat-abi=hard -I../../lab_7_bsp/ps7_cortexa9_0/include -MMD -MP -MF"src/lab_7.d" -MT"src/lab_7.o" -o "src/lab_7.o" "../src/lab_7.c"
../src/lab_7.c: In function 'main':
../src/lab_7.c:127:13: warning: unused variable 'x10s' [-Wunused-variable]
  TickType_t x10s = pdMS_TO_TICKS(10000UL);
             ^~~~
At top level:
../src/lab_7.c:96:13: warning: 'vTimerCallback' defined but not used [-Wunused-function]
 static void vTimerCallback( TimerHandle_t pxTimer){
             ^~~~~~~~~~~~~~
../src/lab_7.c:23:22: warning: 'xTimer' defined but not used [-Wunused-variable]
 static TimerHandle_t xTimer = NULL;
                      ^~~~~~
'Finished building: ../src/lab_7.c'
' '
'Building target: lab_7.elf'
'Invoking: ARM v7 gcc linker'
arm-none-eabi-gcc -mcpu=cortex-a9 -mfpu=vfpv3 -mfloat-abi=hard -Wl,-build-id=none -specs=Xilinx.spec -Wl,-T -Wl,../src/lscript.ld -L../../lab_7_bsp/ps7_cortexa9_0/lib -o "lab_7.elf"  ./src/lab_7.o   -Wl,--start-group,-lxil,-lfreertos,-lgcc,-lc,--end-group
'Finished building target: lab_7.elf'
' '
'Invoking: ARM v7 Print Size'
arm-none-eabi-size lab_7.elf  |tee "lab_7.elf.size"
   text	   data	    bss	    dec	    hex	filename
  90744	   3400	  89472	 183616	  2cd40	lab_7.elf
'Finished building: lab_7.elf.size'
' '
17:16:22 **** Incremental Build of configuration Debug for project lab_7 ****
make pre-build main-build 
a9-linaro-pre-build-step
' '
make: Nothing to be done for 'main-build'.
17:19:31 **** Auto Build of configuration Debug for project lab_7 ****
make pre-build main-build 
a9-linaro-pre-build-step
' '
'Building file: ../src/lab_7.c'
'Invoking: ARM v7 gcc compiler'
arm-none-eabi-gcc -Wall -O0 -g3 -c -fmessage-length=0 -MT"src/lab_7.o" -mcpu=cortex-a9 -mfpu=vfpv3 -mfloat-abi=hard -I../../lab_7_bsp/ps7_cortexa9_0/include -MMD -MP -MF"src/lab_7.d" -MT"src/lab_7.o" -o "src/lab_7.o" "../src/lab_7.c"
../src/lab_7.c: In function 'main':
../src/lab_7.c:127:13: warning: unused variable 'x10s' [-Wunused-variable]
  TickType_t x10s = pdMS_TO_TICKS(10000UL);
             ^~~~
At top level:
../src/lab_7.c:96:13: warning: 'vTimerCallback' defined but not used [-Wunused-function]
 static void vTimerCallback( TimerHandle_t pxTimer){
             ^~~~~~~~~~~~~~
../src/lab_7.c:23:22: warning: 'xTimer' defined but not used [-Wunused-variable]
 static TimerHandle_t xTimer = NULL;
                      ^~~~~~
'Finished building: ../src/lab_7.c'
' '
'Building target: lab_7.elf'
'Invoking: ARM v7 gcc linker'
arm-none-eabi-gcc -mcpu=cortex-a9 -mfpu=vfpv3 -mfloat-abi=hard -Wl,-build-id=none -specs=Xilinx.spec -Wl,-T -Wl,../src/lscript.ld -L../../lab_7_bsp/ps7_cortexa9_0/lib -o "lab_7.elf"  ./src/lab_7.o   -Wl,--start-group,-lxil,-lfreertos,-lgcc,-lc,--end-group
'Finished building target: lab_7.elf'
' '
'Invoking: ARM v7 Print Size'
arm-none-eabi-size lab_7.elf  |tee "lab_7.elf.size"
   text	   data	    bss	    dec	    hex	filename
  90744	   3400	  89472	 183616	  2cd40	lab_7.elf
'Finished building: lab_7.elf.size'
' '
17:19:59 **** Incremental Build of configuration Debug for project lab_7 ****
make pre-build main-build 
a9-linaro-pre-build-step
' '
make: Nothing to be done for 'main-build'.
17:20:31 **** Incremental Build of configuration Debug for project lab_7 ****
make pre-build main-build 
a9-linaro-pre-build-step
' '
make: Nothing to be done for 'main-build'.
17:23:08 **** Auto Build of configuration Debug for project lab_7 ****
make pre-build main-build 
a9-linaro-pre-build-step
' '
'Building file: ../src/lab_7.c'
'Invoking: ARM v7 gcc compiler'
arm-none-eabi-gcc -Wall -O0 -g3 -c -fmessage-length=0 -MT"src/lab_7.o" -mcpu=cortex-a9 -mfpu=vfpv3 -mfloat-abi=hard -I../../lab_7_bsp/ps7_cortexa9_0/include -MMD -MP -MF"src/lab_7.d" -MT"src/lab_7.o" -o "src/lab_7.o" "../src/lab_7.c"
../src/lab_7.c: In function 'main':
../src/lab_7.c:127:13: warning: unused variable 'x10s' [-Wunused-variable]
  TickType_t x10s = pdMS_TO_TICKS(10000UL);
             ^~~~
At top level:
../src/lab_7.c:96:13: warning: 'vTimerCallback' defined but not used [-Wunused-function]
 static void vTimerCallback( TimerHandle_t pxTimer){
             ^~~~~~~~~~~~~~
../src/lab_7.c:23:22: warning: 'xTimer' defined but not used [-Wunused-variable]
 static TimerHandle_t xTimer = NULL;
                      ^~~~~~
'Finished building: ../src/lab_7.c'
' '
'Building target: lab_7.elf'
'Invoking: ARM v7 gcc linker'
arm-none-eabi-gcc -mcpu=cortex-a9 -mfpu=vfpv3 -mfloat-abi=hard -Wl,-build-id=none -specs=Xilinx.spec -Wl,-T -Wl,../src/lscript.ld -L../../lab_7_bsp/ps7_cortexa9_0/lib -o "lab_7.elf"  ./src/lab_7.o   -Wl,--start-group,-lxil,-lfreertos,-lgcc,-lc,--end-group
'Finished building target: lab_7.elf'
' '
'Invoking: ARM v7 Print Size'
arm-none-eabi-size lab_7.elf  |tee "lab_7.elf.size"
   text	   data	    bss	    dec	    hex	filename
  90744	   3400	  89472	 183616	  2cd40	lab_7.elf
'Finished building: lab_7.elf.size'
' '
17:23:33 **** Auto Build of configuration Debug for project lab_7 ****
make pre-build main-build 
a9-linaro-pre-build-step
' '
'Building file: ../src/lab_7.c'
'Invoking: ARM v7 gcc compiler'
arm-none-eabi-gcc -Wall -O0 -g3 -c -fmessage-length=0 -MT"src/lab_7.o" -mcpu=cortex-a9 -mfpu=vfpv3 -mfloat-abi=hard -I../../lab_7_bsp/ps7_cortexa9_0/include -MMD -MP -MF"src/lab_7.d" -MT"src/lab_7.o" -o "src/lab_7.o" "../src/lab_7.c"
../src/lab_7.c:96:13: warning: 'vTimerCallback' defined but not used [-Wunused-function]
 static void vTimerCallback( TimerHandle_t pxTimer){
             ^~~~~~~~~~~~~~
../src/lab_7.c:23:22: warning: 'xTimer' defined but not used [-Wunused-variable]
 static TimerHandle_t xTimer = NULL;
                      ^~~~~~
'Finished building: ../src/lab_7.c'
' '
'Building target: lab_7.elf'
'Invoking: ARM v7 gcc linker'
arm-none-eabi-gcc -mcpu=cortex-a9 -mfpu=vfpv3 -mfloat-abi=hard -Wl,-build-id=none -specs=Xilinx.spec -Wl,-T -Wl,../src/lscript.ld -L../../lab_7_bsp/ps7_cortexa9_0/lib -o "lab_7.elf"  ./src/lab_7.o   -Wl,--start-group,-lxil,-lfreertos,-lgcc,-lc,--end-group
'Finished building target: lab_7.elf'
' '
'Invoking: ARM v7 Print Size'
arm-none-eabi-size lab_7.elf  |tee "lab_7.elf.size"
   text	   data	    bss	    dec	    hex	filename
  90744	   3400	  89472	 183616	  2cd40	lab_7.elf
'Finished building: lab_7.elf.size'
' '
17:23:38 **** Incremental Build of configuration Debug for project lab_7 ****
make pre-build main-build 
a9-linaro-pre-build-step
' '
make: Nothing to be done for 'main-build'.
17:24:54 **** Auto Build of configuration Debug for project lab_7 ****
make pre-build main-build 
a9-linaro-pre-build-step
' '
'Building file: ../src/lab_7.c'
'Invoking: ARM v7 gcc compiler'
arm-none-eabi-gcc -Wall -O0 -g3 -c -fmessage-length=0 -MT"src/lab_7.o" -mcpu=cortex-a9 -mfpu=vfpv3 -mfloat-abi=hard -I../../lab_7_bsp/ps7_cortexa9_0/include -MMD -MP -MF"src/lab_7.d" -MT"src/lab_7.o" -o "src/lab_7.o" "../src/lab_7.c"
../src/lab_7.c:96:13: warning: 'vTimerCallback' defined but not used [-Wunused-function]
 static void vTimerCallback( TimerHandle_t pxTimer){
             ^~~~~~~~~~~~~~
../src/lab_7.c:23:22: warning: 'xTimer' defined but not used [-Wunused-variable]
 static TimerHandle_t xTimer = NULL;
                      ^~~~~~
'Finished building: ../src/lab_7.c'
' '
'Building target: lab_7.elf'
'Invoking: ARM v7 gcc linker'
arm-none-eabi-gcc -mcpu=cortex-a9 -mfpu=vfpv3 -mfloat-abi=hard -Wl,-build-id=none -specs=Xilinx.spec -Wl,-T -Wl,../src/lscript.ld -L../../lab_7_bsp/ps7_cortexa9_0/lib -o "lab_7.elf"  ./src/lab_7.o   -Wl,--start-group,-lxil,-lfreertos,-lgcc,-lc,--end-group
'Finished building target: lab_7.elf'
' '
'Invoking: ARM v7 Print Size'
arm-none-eabi-size lab_7.elf  |tee "lab_7.elf.size"
   text	   data	    bss	    dec	    hex	filename
  90744	   3400	  89472	 183616	  2cd40	lab_7.elf
'Finished building: lab_7.elf.size'
' '
17:25:18 **** Auto Build of configuration Debug for project lab_7 ****
make pre-build main-build 
a9-linaro-pre-build-step
' '
'Building file: ../src/lab_7.c'
'Invoking: ARM v7 gcc compiler'
arm-none-eabi-gcc -Wall -O0 -g3 -c -fmessage-length=0 -MT"src/lab_7.o" -mcpu=cortex-a9 -mfpu=vfpv3 -mfloat-abi=hard -I../../lab_7_bsp/ps7_cortexa9_0/include -MMD -MP -MF"src/lab_7.d" -MT"src/lab_7.o" -o "src/lab_7.o" "../src/lab_7.c"
../src/lab_7.c:96:13: warning: 'vTimerCallback' defined but not used [-Wunused-function]
 static void vTimerCallback( TimerHandle_t pxTimer){
             ^~~~~~~~~~~~~~
'Finished building: ../src/lab_7.c'
' '
'Building target: lab_7.elf'
'Invoking: ARM v7 gcc linker'
arm-none-eabi-gcc -mcpu=cortex-a9 -mfpu=vfpv3 -mfloat-abi=hard -Wl,-build-id=none -specs=Xilinx.spec -Wl,-T -Wl,../src/lscript.ld -L../../lab_7_bsp/ps7_cortexa9_0/lib -o "lab_7.elf"  ./src/lab_7.o   -Wl,--start-group,-lxil,-lfreertos,-lgcc,-lc,--end-group
'Finished building target: lab_7.elf'
' '
'Invoking: ARM v7 Print Size'
arm-none-eabi-size lab_7.elf  |tee "lab_7.elf.size"
   text	   data	    bss	    dec	    hex	filename
  90744	   3400	  89472	 183616	  2cd40	lab_7.elf
'Finished building: lab_7.elf.size'
' '
17:25:28 **** Incremental Build of configuration Debug for project lab_7 ****
make pre-build main-build 
a9-linaro-pre-build-step
' '
make: Nothing to be done for 'main-build'.
17:26:04 **** Incremental Build of configuration Debug for project lab_7 ****
make pre-build main-build 
a9-linaro-pre-build-step
' '
make: Nothing to be done for 'main-build'.
17:26:46 **** Auto Build of configuration Debug for project lab_7 ****
make pre-build main-build 
a9-linaro-pre-build-step
' '
'Building file: ../src/lab_7.c'
'Invoking: ARM v7 gcc compiler'
arm-none-eabi-gcc -Wall -O0 -g3 -c -fmessage-length=0 -MT"src/lab_7.o" -mcpu=cortex-a9 -mfpu=vfpv3 -mfloat-abi=hard -I../../lab_7_bsp/ps7_cortexa9_0/include -MMD -MP -MF"src/lab_7.d" -MT"src/lab_7.o" -o "src/lab_7.o" "../src/lab_7.c"
../src/lab_7.c:96:13: warning: 'vTimerCallback' defined but not used [-Wunused-function]
 static void vTimerCallback( TimerHandle_t pxTimer){
             ^~~~~~~~~~~~~~
'Finished building: ../src/lab_7.c'
' '
'Building target: lab_7.elf'
'Invoking: ARM v7 gcc linker'
arm-none-eabi-gcc -mcpu=cortex-a9 -mfpu=vfpv3 -mfloat-abi=hard -Wl,-build-id=none -specs=Xilinx.spec -Wl,-T -Wl,../src/lscript.ld -L../../lab_7_bsp/ps7_cortexa9_0/lib -o "lab_7.elf"  ./src/lab_7.o   -Wl,--start-group,-lxil,-lfreertos,-lgcc,-lc,--end-group
'Finished building target: lab_7.elf'
' '
'Invoking: ARM v7 Print Size'
arm-none-eabi-size lab_7.elf  |tee "lab_7.elf.size"
   text	   data	    bss	    dec	    hex	filename
  90744	   3400	  89472	 183616	  2cd40	lab_7.elf
'Finished building: lab_7.elf.size'
' '
17:27:10 **** Incremental Build of configuration Debug for project lab_7 ****
make pre-build main-build 
a9-linaro-pre-build-step
' '
make: Nothing to be done for 'main-build'.
17:31:13 **** Auto Build of configuration Debug for project lab_7 ****
make pre-build main-build 
a9-linaro-pre-build-step
' '
'Building file: ../src/lab_7.c'
'Invoking: ARM v7 gcc compiler'
arm-none-eabi-gcc -Wall -O0 -g3 -c -fmessage-length=0 -MT"src/lab_7.o" -mcpu=cortex-a9 -mfpu=vfpv3 -mfloat-abi=hard -I../../lab_7_bsp/ps7_cortexa9_0/include -MMD -MP -MF"src/lab_7.d" -MT"src/lab_7.o" -o "src/lab_7.o" "../src/lab_7.c"
../src/lab_7.c:96:13: warning: 'vTimerCallback' defined but not used [-Wunused-function]
 static void vTimerCallback( TimerHandle_t pxTimer){
             ^~~~~~~~~~~~~~
'Finished building: ../src/lab_7.c'
' '
'Building target: lab_7.elf'
'Invoking: ARM v7 gcc linker'
arm-none-eabi-gcc -mcpu=cortex-a9 -mfpu=vfpv3 -mfloat-abi=hard -Wl,-build-id=none -specs=Xilinx.spec -Wl,-T -Wl,../src/lscript.ld -L../../lab_7_bsp/ps7_cortexa9_0/lib -o "lab_7.elf"  ./src/lab_7.o   -Wl,--start-group,-lxil,-lfreertos,-lgcc,-lc,--end-group
'Finished building target: lab_7.elf'
' '
'Invoking: ARM v7 Print Size'
arm-none-eabi-size lab_7.elf  |tee "lab_7.elf.size"
   text	   data	    bss	    dec	    hex	filename
  90744	   3400	  89472	 183616	  2cd40	lab_7.elf
'Finished building: lab_7.elf.size'
' '
17:31:31 **** Incremental Build of configuration Debug for project lab_7 ****
make pre-build main-build 
a9-linaro-pre-build-step
' '
make: Nothing to be done for 'main-build'.
17:35:22 **** Auto Build of configuration Debug for project lab_7 ****
make pre-build main-build 
a9-linaro-pre-build-step
' '
'Building file: ../src/lab_7.c'
'Invoking: ARM v7 gcc compiler'
arm-none-eabi-gcc -Wall -O0 -g3 -c -fmessage-length=0 -MT"src/lab_7.o" -mcpu=cortex-a9 -mfpu=vfpv3 -mfloat-abi=hard -I../../lab_7_bsp/ps7_cortexa9_0/include -MMD -MP -MF"src/lab_7.d" -MT"src/lab_7.o" -o "src/lab_7.o" "../src/lab_7.c"
../src/lab_7.c: In function 'TaskSW':
../src/lab_7.c:87:7: warning: suggest parentheses around assignment used as truth value [-Wparentheses]
   if (sw = 0b0001){
       ^~
At top level:
../src/lab_7.c:98:13: warning: 'vTimerCallback' defined but not used [-Wunused-function]
 static void vTimerCallback( TimerHandle_t pxTimer){
             ^~~~~~~~~~~~~~
'Finished building: ../src/lab_7.c'
' '
'Building target: lab_7.elf'
'Invoking: ARM v7 gcc linker'
arm-none-eabi-gcc -mcpu=cortex-a9 -mfpu=vfpv3 -mfloat-abi=hard -Wl,-build-id=none -specs=Xilinx.spec -Wl,-T -Wl,../src/lscript.ld -L../../lab_7_bsp/ps7_cortexa9_0/lib -o "lab_7.elf"  ./src/lab_7.o   -Wl,--start-group,-lxil,-lfreertos,-lgcc,-lc,--end-group
'Finished building target: lab_7.elf'
' '
'Invoking: ARM v7 Print Size'
arm-none-eabi-size lab_7.elf  |tee "lab_7.elf.size"
   text	   data	    bss	    dec	    hex	filename
  90744	   3400	  89472	 183616	  2cd40	lab_7.elf
'Finished building: lab_7.elf.size'
' '
17:37:42 **** Auto Build of configuration Debug for project lab_7 ****
make pre-build main-build 
a9-linaro-pre-build-step
' '
'Building file: ../src/lab_7.c'
'Invoking: ARM v7 gcc compiler'
arm-none-eabi-gcc -Wall -O0 -g3 -c -fmessage-length=0 -MT"src/lab_7.o" -mcpu=cortex-a9 -mfpu=vfpv3 -mfloat-abi=hard -I../../lab_7_bsp/ps7_cortexa9_0/include -MMD -MP -MF"src/lab_7.d" -MT"src/lab_7.o" -o "src/lab_7.o" "../src/lab_7.c"
../src/lab_7.c: In function 'TaskBTN':
../src/lab_7.c:72:8: error: 'sw' undeclared (first use in this function); did you mean 's8'?
    if (sw != )
        ^~
        s8
../src/lab_7.c:72:8: note: each undeclared identifier is reported only once for each function it appears in
../src/lab_7.c:72:14: error: expected expression before ')' token
    if (sw != )
              ^
../src/lab_7.c: In function 'TaskSW':
../src/lab_7.c:88:7: warning: suggest parentheses around assignment used as truth value [-Wparentheses]
   if (sw = 0b0001){
       ^~
At top level:
../src/lab_7.c:99:13: warning: 'vTimerCallback' defined but not used [-Wunused-function]
 static void vTimerCallback( TimerHandle_t pxTimer){
             ^~~~~~~~~~~~~~
make: *** [src/subdir.mk:23: src/lab_7.o] Error 1
17:38:45 **** Auto Build of configuration Debug for project lab_7 ****
make pre-build main-build 
a9-linaro-pre-build-step
' '
'Building file: ../src/lab_7.c'
'Invoking: ARM v7 gcc compiler'
arm-none-eabi-gcc -Wall -O0 -g3 -c -fmessage-length=0 -MT"src/lab_7.o" -mcpu=cortex-a9 -mfpu=vfpv3 -mfloat-abi=hard -I../../lab_7_bsp/ps7_cortexa9_0/include -MMD -MP -MF"src/lab_7.d" -MT"src/lab_7.o" -o "src/lab_7.o" "../src/lab_7.c"
../src/lab_7.c: In function 'TaskBTN':
../src/lab_7.c:73:9: error: 'sw' undeclared (first use in this function); did you mean 's8'?
     if (sw != 0b0001){
         ^~
         s8
../src/lab_7.c:73:9: note: each undeclared identifier is reported only once for each function it appears in
../src/lab_7.c: In function 'TaskSW':
../src/lab_7.c:91:7: warning: suggest parentheses around assignment used as truth value [-Wparentheses]
   if (sw = 0b0001){
       ^~
At top level:
../src/lab_7.c:102:13: warning: 'vTimerCallback' defined but not used [-Wunused-function]
 static void vTimerCallback( TimerHandle_t pxTimer){
             ^~~~~~~~~~~~~~
make: *** [src/subdir.mk:23: src/lab_7.o] Error 1
17:38:53 **** Auto Build of configuration Debug for project lab_7 ****
make pre-build main-build 
a9-linaro-pre-build-step
' '
'Building file: ../src/lab_7.c'
'Invoking: ARM v7 gcc compiler'
arm-none-eabi-gcc -Wall -O0 -g3 -c -fmessage-length=0 -MT"src/lab_7.o" -mcpu=cortex-a9 -mfpu=vfpv3 -mfloat-abi=hard -I../../lab_7_bsp/ps7_cortexa9_0/include -MMD -MP -MF"src/lab_7.d" -MT"src/lab_7.o" -o "src/lab_7.o" "../src/lab_7.c"
../src/lab_7.c: In function 'TaskSW':
../src/lab_7.c:91:7: warning: suggest parentheses around assignment used as truth value [-Wparentheses]
   if (sw = 0b0001){
       ^~
At top level:
../src/lab_7.c:102:13: warning: 'vTimerCallback' defined but not used [-Wunused-function]
 static void vTimerCallback( TimerHandle_t pxTimer){
             ^~~~~~~~~~~~~~
'Finished building: ../src/lab_7.c'
' '
'Building target: lab_7.elf'
'Invoking: ARM v7 gcc linker'
arm-none-eabi-gcc -mcpu=cortex-a9 -mfpu=vfpv3 -mfloat-abi=hard -Wl,-build-id=none -specs=Xilinx.spec -Wl,-T -Wl,../src/lscript.ld -L../../lab_7_bsp/ps7_cortexa9_0/lib -o "lab_7.elf"  ./src/lab_7.o   -Wl,--start-group,-lxil,-lfreertos,-lgcc,-lc,--end-group
'Finished building target: lab_7.elf'
' '
'Invoking: ARM v7 Print Size'
arm-none-eabi-size lab_7.elf  |tee "lab_7.elf.size"
   text	   data	    bss	    dec	    hex	filename
  90744	   3400	  89472	 183616	  2cd40	lab_7.elf
'Finished building: lab_7.elf.size'
' '
17:39:27 **** Incremental Build of configuration Debug for project lab_7 ****
make pre-build main-build 
a9-linaro-pre-build-step
' '
make: Nothing to be done for 'main-build'.
17:41:49 **** Auto Build of configuration Debug for project lab_7 ****
make pre-build main-build 
a9-linaro-pre-build-step
' '
'Building file: ../src/lab_7.c'
'Invoking: ARM v7 gcc compiler'
arm-none-eabi-gcc -Wall -O0 -g3 -c -fmessage-length=0 -MT"src/lab_7.o" -mcpu=cortex-a9 -mfpu=vfpv3 -mfloat-abi=hard -I../../lab_7_bsp/ps7_cortexa9_0/include -MMD -MP -MF"src/lab_7.d" -MT"src/lab_7.o" -o "src/lab_7.o" "../src/lab_7.c"
../src/lab_7.c: In function 'TaskSW':
../src/lab_7.c:96:7: warning: suggest parentheses around assignment used as truth value [-Wparentheses]
   if (sw = 0b0001){
       ^~
At top level:
../src/lab_7.c:107:13: warning: 'vTimerCallback' defined but not used [-Wunused-function]
 static void vTimerCallback( TimerHandle_t pxTimer){
             ^~~~~~~~~~~~~~
'Finished building: ../src/lab_7.c'
' '
'Building target: lab_7.elf'
'Invoking: ARM v7 gcc linker'
arm-none-eabi-gcc -mcpu=cortex-a9 -mfpu=vfpv3 -mfloat-abi=hard -Wl,-build-id=none -specs=Xilinx.spec -Wl,-T -Wl,../src/lscript.ld -L../../lab_7_bsp/ps7_cortexa9_0/lib -o "lab_7.elf"  ./src/lab_7.o   -Wl,--start-group,-lxil,-lfreertos,-lgcc,-lc,--end-group
'Finished building target: lab_7.elf'
' '
'Invoking: ARM v7 Print Size'
arm-none-eabi-size lab_7.elf  |tee "lab_7.elf.size"
   text	   data	    bss	    dec	    hex	filename
  90808	   3400	  89472	 183680	  2cd80	lab_7.elf
'Finished building: lab_7.elf.size'
' '
17:42:18 **** Incremental Build of configuration Debug for project lab_7 ****
make pre-build main-build 
a9-linaro-pre-build-step
' '
make: Nothing to be done for 'main-build'.
17:44:11 **** Auto Build of configuration Debug for project lab_7 ****
make pre-build main-build 
a9-linaro-pre-build-step
' '
'Building file: ../src/lab_7.c'
'Invoking: ARM v7 gcc compiler'
arm-none-eabi-gcc -Wall -O0 -g3 -c -fmessage-length=0 -MT"src/lab_7.o" -mcpu=cortex-a9 -mfpu=vfpv3 -mfloat-abi=hard -I../../lab_7_bsp/ps7_cortexa9_0/include -MMD -MP -MF"src/lab_7.d" -MT"src/lab_7.o" -o "src/lab_7.o" "../src/lab_7.c"
../src/lab_7.c: In function 'TaskSW':
../src/lab_7.c:95:7: warning: suggest parentheses around assignment used as truth value [-Wparentheses]
   if (sw = 0b0001){
       ^~
At top level:
../src/lab_7.c:106:13: warning: 'vTimerCallback' defined but not used [-Wunused-function]
 static void vTimerCallback( TimerHandle_t pxTimer){
             ^~~~~~~~~~~~~~
'Finished building: ../src/lab_7.c'
' '
'Building target: lab_7.elf'
'Invoking: ARM v7 gcc linker'
arm-none-eabi-gcc -mcpu=cortex-a9 -mfpu=vfpv3 -mfloat-abi=hard -Wl,-build-id=none -specs=Xilinx.spec -Wl,-T -Wl,../src/lscript.ld -L../../lab_7_bsp/ps7_cortexa9_0/lib -o "lab_7.elf"  ./src/lab_7.o   -Wl,--start-group,-lxil,-lfreertos,-lgcc,-lc,--end-group
'Finished building target: lab_7.elf'
' '
'Invoking: ARM v7 Print Size'
arm-none-eabi-size lab_7.elf  |tee "lab_7.elf.size"
   text	   data	    bss	    dec	    hex	filename
  90744	   3400	  89472	 183616	  2cd40	lab_7.elf
'Finished building: lab_7.elf.size'
' '
17:44:27 **** Incremental Build of configuration Debug for project lab_7 ****
make pre-build main-build 
a9-linaro-pre-build-step
' '
make: Nothing to be done for 'main-build'.
17:45:57 **** Auto Build of configuration Debug for project lab_7 ****
make pre-build main-build 
a9-linaro-pre-build-step
' '
'Building file: ../src/lab_7.c'
'Invoking: ARM v7 gcc compiler'
arm-none-eabi-gcc -Wall -O0 -g3 -c -fmessage-length=0 -MT"src/lab_7.o" -mcpu=cortex-a9 -mfpu=vfpv3 -mfloat-abi=hard -I../../lab_7_bsp/ps7_cortexa9_0/include -MMD -MP -MF"src/lab_7.d" -MT"src/lab_7.o" -o "src/lab_7.o" "../src/lab_7.c"
../src/lab_7.c: In function 'TaskSW':
../src/lab_7.c:98:7: warning: suggest parentheses around assignment used as truth value [-Wparentheses]
   if (sw = 0b0001){
       ^~
At top level:
../src/lab_7.c:109:13: warning: 'vTimerCallback' defined but not used [-Wunused-function]
 static void vTimerCallback( TimerHandle_t pxTimer){
             ^~~~~~~~~~~~~~
'Finished building: ../src/lab_7.c'
' '
'Building target: lab_7.elf'
'Invoking: ARM v7 gcc linker'
arm-none-eabi-gcc -mcpu=cortex-a9 -mfpu=vfpv3 -mfloat-abi=hard -Wl,-build-id=none -specs=Xilinx.spec -Wl,-T -Wl,../src/lscript.ld -L../../lab_7_bsp/ps7_cortexa9_0/lib -o "lab_7.elf"  ./src/lab_7.o   -Wl,--start-group,-lxil,-lfreertos,-lgcc,-lc,--end-group
'Finished building target: lab_7.elf'
' '
'Invoking: ARM v7 Print Size'
arm-none-eabi-size lab_7.elf  |tee "lab_7.elf.size"
   text	   data	    bss	    dec	    hex	filename
  90808	   3400	  89472	 183680	  2cd80	lab_7.elf
'Finished building: lab_7.elf.size'
' '
17:46:14 **** Incremental Build of configuration Debug for project lab_7 ****
make pre-build main-build 
a9-linaro-pre-build-step
' '
make: Nothing to be done for 'main-build'.
17:46:36 **** Incremental Build of configuration Debug for project lab_7 ****
make pre-build main-build 
a9-linaro-pre-build-step
' '
make: Nothing to be done for 'main-build'.
17:47:12 **** Auto Build of configuration Debug for project lab_7 ****
make pre-build main-build 
a9-linaro-pre-build-step
' '
'Building file: ../src/lab_7.c'
'Invoking: ARM v7 gcc compiler'
arm-none-eabi-gcc -Wall -O0 -g3 -c -fmessage-length=0 -MT"src/lab_7.o" -mcpu=cortex-a9 -mfpu=vfpv3 -mfloat-abi=hard -I../../lab_7_bsp/ps7_cortexa9_0/include -MMD -MP -MF"src/lab_7.d" -MT"src/lab_7.o" -o "src/lab_7.o" "../src/lab_7.c"
../src/lab_7.c: In function 'TaskSW':
../src/lab_7.c:98:7: warning: suggest parentheses around assignment used as truth value [-Wparentheses]
   if (sw = 0b0001){
       ^~
At top level:
../src/lab_7.c:109:13: warning: 'vTimerCallback' defined but not used [-Wunused-function]
 static void vTimerCallback( TimerHandle_t pxTimer){
             ^~~~~~~~~~~~~~
'Finished building: ../src/lab_7.c'
' '
'Building target: lab_7.elf'
'Invoking: ARM v7 gcc linker'
arm-none-eabi-gcc -mcpu=cortex-a9 -mfpu=vfpv3 -mfloat-abi=hard -Wl,-build-id=none -specs=Xilinx.spec -Wl,-T -Wl,../src/lscript.ld -L../../lab_7_bsp/ps7_cortexa9_0/lib -o "lab_7.elf"  ./src/lab_7.o   -Wl,--start-group,-lxil,-lfreertos,-lgcc,-lc,--end-group
'Finished building target: lab_7.elf'
' '
'Invoking: ARM v7 Print Size'
arm-none-eabi-size lab_7.elf  |tee "lab_7.elf.size"
   text	   data	    bss	    dec	    hex	filename
  90808	   3400	  89472	 183680	  2cd80	lab_7.elf
'Finished building: lab_7.elf.size'
' '
17:47:28 **** Incremental Build of configuration Debug for project lab_7 ****
make pre-build main-build 
a9-linaro-pre-build-step
' '
make: Nothing to be done for 'main-build'.
17:47:54 **** Incremental Build of configuration Debug for project lab_7 ****
make pre-build main-build 
a9-linaro-pre-build-step
' '
make: Nothing to be done for 'main-build'.
17:48:32 **** Auto Build of configuration Debug for project lab_7 ****
make pre-build main-build 
a9-linaro-pre-build-step
' '
'Building file: ../src/lab_7.c'
'Invoking: ARM v7 gcc compiler'
arm-none-eabi-gcc -Wall -O0 -g3 -c -fmessage-length=0 -MT"src/lab_7.o" -mcpu=cortex-a9 -mfpu=vfpv3 -mfloat-abi=hard -I../../lab_7_bsp/ps7_cortexa9_0/include -MMD -MP -MF"src/lab_7.d" -MT"src/lab_7.o" -o "src/lab_7.o" "../src/lab_7.c"
../src/lab_7.c: In function 'TaskSW':
../src/lab_7.c:101:7: warning: suggest parentheses around assignment used as truth value [-Wparentheses]
   if (sw = 0b0001){
       ^~
At top level:
../src/lab_7.c:112:13: warning: 'vTimerCallback' defined but not used [-Wunused-function]
 static void vTimerCallback( TimerHandle_t pxTimer){
             ^~~~~~~~~~~~~~
'Finished building: ../src/lab_7.c'
' '
'Building target: lab_7.elf'
'Invoking: ARM v7 gcc linker'
arm-none-eabi-gcc -mcpu=cortex-a9 -mfpu=vfpv3 -mfloat-abi=hard -Wl,-build-id=none -specs=Xilinx.spec -Wl,-T -Wl,../src/lscript.ld -L../../lab_7_bsp/ps7_cortexa9_0/lib -o "lab_7.elf"  ./src/lab_7.o   -Wl,--start-group,-lxil,-lfreertos,-lgcc,-lc,--end-group
'Finished building target: lab_7.elf'
' '
'Invoking: ARM v7 Print Size'
arm-none-eabi-size lab_7.elf  |tee "lab_7.elf.size"
   text	   data	    bss	    dec	    hex	filename
  90808	   3400	  89472	 183680	  2cd80	lab_7.elf
'Finished building: lab_7.elf.size'
' '
17:48:41 **** Auto Build of configuration Debug for project lab_7 ****
make pre-build main-build 
a9-linaro-pre-build-step
' '
'Building file: ../src/lab_7.c'
'Invoking: ARM v7 gcc compiler'
arm-none-eabi-gcc -Wall -O0 -g3 -c -fmessage-length=0 -MT"src/lab_7.o" -mcpu=cortex-a9 -mfpu=vfpv3 -mfloat-abi=hard -I../../lab_7_bsp/ps7_cortexa9_0/include -MMD -MP -MF"src/lab_7.d" -MT"src/lab_7.o" -o "src/lab_7.o" "../src/lab_7.c"
../src/lab_7.c: In function 'TaskSW':
../src/lab_7.c:101:7: warning: suggest parentheses around assignment used as truth value [-Wparentheses]
   if (sw = 0b0001){
       ^~
At top level:
../src/lab_7.c:112:13: warning: 'vTimerCallback' defined but not used [-Wunused-function]
 static void vTimerCallback( TimerHandle_t pxTimer){
             ^~~~~~~~~~~~~~
'Finished building: ../src/lab_7.c'
' '
'Building target: lab_7.elf'
'Invoking: ARM v7 gcc linker'
arm-none-eabi-gcc -mcpu=cortex-a9 -mfpu=vfpv3 -mfloat-abi=hard -Wl,-build-id=none -specs=Xilinx.spec -Wl,-T -Wl,../src/lscript.ld -L../../lab_7_bsp/ps7_cortexa9_0/lib -o "lab_7.elf"  ./src/lab_7.o   -Wl,--start-group,-lxil,-lfreertos,-lgcc,-lc,--end-group
'Finished building target: lab_7.elf'
' '
'Invoking: ARM v7 Print Size'
arm-none-eabi-size lab_7.elf  |tee "lab_7.elf.size"
   text	   data	    bss	    dec	    hex	filename
  90808	   3400	  89472	 183680	  2cd80	lab_7.elf
'Finished building: lab_7.elf.size'
' '
17:49:00 **** Incremental Build of configuration Debug for project lab_7 ****
make pre-build main-build 
a9-linaro-pre-build-step
' '
make: Nothing to be done for 'main-build'.
17:49:18 **** Incremental Build of configuration Debug for project lab_7 ****
make pre-build main-build 
a9-linaro-pre-build-step
' '
make: Nothing to be done for 'main-build'.
17:50:05 **** Incremental Build of configuration Debug for project lab_7 ****
make pre-build main-build 
a9-linaro-pre-build-step
' '
make: Nothing to be done for 'main-build'.
17:51:15 **** Auto Build of configuration Debug for project lab_7 ****
make pre-build main-build 
a9-linaro-pre-build-step
' '
'Building file: ../src/lab_7.c'
'Invoking: ARM v7 gcc compiler'
arm-none-eabi-gcc -Wall -O0 -g3 -c -fmessage-length=0 -MT"src/lab_7.o" -mcpu=cortex-a9 -mfpu=vfpv3 -mfloat-abi=hard -I../../lab_7_bsp/ps7_cortexa9_0/include -MMD -MP -MF"src/lab_7.d" -MT"src/lab_7.o" -o "src/lab_7.o" "../src/lab_7.c"
../src/lab_7.c: In function 'TaskSW':
../src/lab_7.c:101:7: warning: suggest parentheses around assignment used as truth value [-Wparentheses]
   if (sw = 0b0001){
       ^~
At top level:
../src/lab_7.c:112:13: warning: 'vTimerCallback' defined but not used [-Wunused-function]
 static void vTimerCallback( TimerHandle_t pxTimer){
             ^~~~~~~~~~~~~~
'Finished building: ../src/lab_7.c'
' '
'Building target: lab_7.elf'
'Invoking: ARM v7 gcc linker'
arm-none-eabi-gcc -mcpu=cortex-a9 -mfpu=vfpv3 -mfloat-abi=hard -Wl,-build-id=none -specs=Xilinx.spec -Wl,-T -Wl,../src/lscript.ld -L../../lab_7_bsp/ps7_cortexa9_0/lib -o "lab_7.elf"  ./src/lab_7.o   -Wl,--start-group,-lxil,-lfreertos,-lgcc,-lc,--end-group
'Finished building target: lab_7.elf'
' '
'Invoking: ARM v7 Print Size'
arm-none-eabi-size lab_7.elf  |tee "lab_7.elf.size"
   text	   data	    bss	    dec	    hex	filename
  90808	   3400	  89472	 183680	  2cd80	lab_7.elf
'Finished building: lab_7.elf.size'
' '
17:51:31 **** Incremental Build of configuration Debug for project lab_7 ****
make pre-build main-build 
a9-linaro-pre-build-step
' '
make: Nothing to be done for 'main-build'.
18:05:50 **** Auto Build of configuration Debug for project lab_7 ****
make pre-build main-build 
a9-linaro-pre-build-step
' '
'Building file: ../src/lab_7.c'
'Invoking: ARM v7 gcc compiler'
arm-none-eabi-gcc -Wall -O0 -g3 -c -fmessage-length=0 -MT"src/lab_7.o" -mcpu=cortex-a9 -mfpu=vfpv3 -mfloat-abi=hard -I../../lab_7_bsp/ps7_cortexa9_0/include -MMD -MP -MF"src/lab_7.d" -MT"src/lab_7.o" -o "src/lab_7.o" "../src/lab_7.c"
../src/lab_7.c: In function 'TaskSW':
../src/lab_7.c:100:7: warning: suggest parentheses around assignment used as truth value [-Wparentheses]
   if (sw = 0b0001){
       ^~
At top level:
../src/lab_7.c:111:13: warning: 'vTimerCallback' defined but not used [-Wunused-function]
 static void vTimerCallback( TimerHandle_t pxTimer){
             ^~~~~~~~~~~~~~
'Finished building: ../src/lab_7.c'
' '
'Building target: lab_7.elf'
'Invoking: ARM v7 gcc linker'
arm-none-eabi-gcc -mcpu=cortex-a9 -mfpu=vfpv3 -mfloat-abi=hard -Wl,-build-id=none -specs=Xilinx.spec -Wl,-T -Wl,../src/lscript.ld -L../../lab_7_bsp/ps7_cortexa9_0/lib -o "lab_7.elf"  ./src/lab_7.o   -Wl,--start-group,-lxil,-lfreertos,-lgcc,-lc,--end-group
'Finished building target: lab_7.elf'
' '
'Invoking: ARM v7 Print Size'
arm-none-eabi-size lab_7.elf  |tee "lab_7.elf.size"
   text	   data	    bss	    dec	    hex	filename
  90744	   3400	  89472	 183616	  2cd40	lab_7.elf
'Finished building: lab_7.elf.size'
' '
18:06:13 **** Auto Build of configuration Debug for project lab_7 ****
make pre-build main-build 
a9-linaro-pre-build-step
' '
'Building file: ../src/lab_7.c'
'Invoking: ARM v7 gcc compiler'
arm-none-eabi-gcc -Wall -O0 -g3 -c -fmessage-length=0 -MT"src/lab_7.o" -mcpu=cortex-a9 -mfpu=vfpv3 -mfloat-abi=hard -I../../lab_7_bsp/ps7_cortexa9_0/include -MMD -MP -MF"src/lab_7.d" -MT"src/lab_7.o" -o "src/lab_7.o" "../src/lab_7.c"
../src/lab_7.c: In function 'TaskSW':
../src/lab_7.c:100:7: warning: suggest parentheses around assignment used as truth value [-Wparentheses]
   if (sw = 0b0001){
       ^~
At top level:
../src/lab_7.c:111:13: warning: 'vTimerCallback' defined but not used [-Wunused-function]
 static void vTimerCallback( TimerHandle_t pxTimer){
             ^~~~~~~~~~~~~~
'Finished building: ../src/lab_7.c'
' '
'Building target: lab_7.elf'
'Invoking: ARM v7 gcc linker'
arm-none-eabi-gcc -mcpu=cortex-a9 -mfpu=vfpv3 -mfloat-abi=hard -Wl,-build-id=none -specs=Xilinx.spec -Wl,-T -Wl,../src/lscript.ld -L../../lab_7_bsp/ps7_cortexa9_0/lib -o "lab_7.elf"  ./src/lab_7.o   -Wl,--start-group,-lxil,-lfreertos,-lgcc,-lc,--end-group
'Finished building target: lab_7.elf'
' '
'Invoking: ARM v7 Print Size'
arm-none-eabi-size lab_7.elf  |tee "lab_7.elf.size"
   text	   data	    bss	    dec	    hex	filename
  90744	   3400	  89472	 183616	  2cd40	lab_7.elf
'Finished building: lab_7.elf.size'
' '
18:06:18 **** Auto Build of configuration Debug for project lab_7 ****
make pre-build main-build 
a9-linaro-pre-build-step
' '
'Building file: ../src/lab_7.c'
'Invoking: ARM v7 gcc compiler'
arm-none-eabi-gcc -Wall -O0 -g3 -c -fmessage-length=0 -MT"src/lab_7.o" -mcpu=cortex-a9 -mfpu=vfpv3 -mfloat-abi=hard -I../../lab_7_bsp/ps7_cortexa9_0/include -MMD -MP -MF"src/lab_7.d" -MT"src/lab_7.o" -o "src/lab_7.o" "../src/lab_7.c"
../src/lab_7.c: In function 'TaskSW':
../src/lab_7.c:99:7: warning: suggest parentheses around assignment used as truth value [-Wparentheses]
   if (sw = 0b0001){
       ^~
At top level:
../src/lab_7.c:110:13: warning: 'vTimerCallback' defined but not used [-Wunused-function]
 static void vTimerCallback( TimerHandle_t pxTimer){
             ^~~~~~~~~~~~~~
'Finished building: ../src/lab_7.c'
' '
'Building target: lab_7.elf'
'Invoking: ARM v7 gcc linker'
arm-none-eabi-gcc -mcpu=cortex-a9 -mfpu=vfpv3 -mfloat-abi=hard -Wl,-build-id=none -specs=Xilinx.spec -Wl,-T -Wl,../src/lscript.ld -L../../lab_7_bsp/ps7_cortexa9_0/lib -o "lab_7.elf"  ./src/lab_7.o   -Wl,--start-group,-lxil,-lfreertos,-lgcc,-lc,--end-group
'Finished building target: lab_7.elf'
' '
'Invoking: ARM v7 Print Size'
arm-none-eabi-size lab_7.elf  |tee "lab_7.elf.size"
   text	   data	    bss	    dec	    hex	filename
  90744	   3400	  89472	 183616	  2cd40	lab_7.elf
'Finished building: lab_7.elf.size'
' '
18:07:47 **** Auto Build of configuration Debug for project lab_7 ****
make pre-build main-build 
a9-linaro-pre-build-step
' '
'Building file: ../src/lab_7.c'
'Invoking: ARM v7 gcc compiler'
arm-none-eabi-gcc -Wall -O0 -g3 -c -fmessage-length=0 -MT"src/lab_7.o" -mcpu=cortex-a9 -mfpu=vfpv3 -mfloat-abi=hard -I../../lab_7_bsp/ps7_cortexa9_0/include -MMD -MP -MF"src/lab_7.d" -MT"src/lab_7.o" -o "src/lab_7.o" "../src/lab_7.c"
../src/lab_7.c: In function 'TaskSW':
../src/lab_7.c:99:7: warning: suggest parentheses around assignment used as truth value [-Wparentheses]
   if (sw = 0b0001){
       ^~
'Finished building: ../src/lab_7.c'
' '
'Building target: lab_7.elf'
'Invoking: ARM v7 gcc linker'
arm-none-eabi-gcc -mcpu=cortex-a9 -mfpu=vfpv3 -mfloat-abi=hard -Wl,-build-id=none -specs=Xilinx.spec -Wl,-T -Wl,../src/lscript.ld -L../../lab_7_bsp/ps7_cortexa9_0/lib -o "lab_7.elf"  ./src/lab_7.o   -Wl,--start-group,-lxil,-lfreertos,-lgcc,-lc,--end-group
'Finished building target: lab_7.elf'
' '
'Invoking: ARM v7 Print Size'
arm-none-eabi-size lab_7.elf  |tee "lab_7.elf.size"
   text	   data	    bss	    dec	    hex	filename
  90648	   3396	  89472	 183516	  2ccdc	lab_7.elf
'Finished building: lab_7.elf.size'
' '
18:11:28 **** Auto Build of configuration Debug for project lab_7 ****
make pre-build main-build 
a9-linaro-pre-build-step
' '
'Building file: ../src/lab_7.c'
'Invoking: ARM v7 gcc compiler'
arm-none-eabi-gcc -Wall -O0 -g3 -c -fmessage-length=0 -MT"src/lab_7.o" -mcpu=cortex-a9 -mfpu=vfpv3 -mfloat-abi=hard -I../../lab_7_bsp/ps7_cortexa9_0/include -MMD -MP -MF"src/lab_7.d" -MT"src/lab_7.o" -o "src/lab_7.o" "../src/lab_7.c"
../src/lab_7.c: In function 'TaskSW':
../src/lab_7.c:99:7: warning: suggest parentheses around assignment used as truth value [-Wparentheses]
   if (sw = 0b0001){
       ^~
'Finished building: ../src/lab_7.c'
' '
'Building target: lab_7.elf'
'Invoking: ARM v7 gcc linker'
arm-none-eabi-gcc -mcpu=cortex-a9 -mfpu=vfpv3 -mfloat-abi=hard -Wl,-build-id=none -specs=Xilinx.spec -Wl,-T -Wl,../src/lscript.ld -L../../lab_7_bsp/ps7_cortexa9_0/lib -o "lab_7.elf"  ./src/lab_7.o   -Wl,--start-group,-lxil,-lfreertos,-lgcc,-lc,--end-group
'Finished building target: lab_7.elf'
' '
'Invoking: ARM v7 Print Size'
arm-none-eabi-size lab_7.elf  |tee "lab_7.elf.size"
   text	   data	    bss	    dec	    hex	filename
  90648	   3396	  89472	 183516	  2ccdc	lab_7.elf
'Finished building: lab_7.elf.size'
' '
18:11:46 **** Auto Build of configuration Debug for project lab_7 ****
make pre-build main-build 
a9-linaro-pre-build-step
' '
'Building file: ../src/lab_7.c'
'Invoking: ARM v7 gcc compiler'
arm-none-eabi-gcc -Wall -O0 -g3 -c -fmessage-length=0 -MT"src/lab_7.o" -mcpu=cortex-a9 -mfpu=vfpv3 -mfloat-abi=hard -I../../lab_7_bsp/ps7_cortexa9_0/include -MMD -MP -MF"src/lab_7.d" -MT"src/lab_7.o" -o "src/lab_7.o" "../src/lab_7.c"
../src/lab_7.c: In function 'TaskSW':
../src/lab_7.c:99:7: warning: suggest parentheses around assignment used as truth value [-Wparentheses]
   if (sw = 0b0001){
       ^~
'Finished building: ../src/lab_7.c'
' '
'Building target: lab_7.elf'
'Invoking: ARM v7 gcc linker'
arm-none-eabi-gcc -mcpu=cortex-a9 -mfpu=vfpv3 -mfloat-abi=hard -Wl,-build-id=none -specs=Xilinx.spec -Wl,-T -Wl,../src/lscript.ld -L../../lab_7_bsp/ps7_cortexa9_0/lib -o "lab_7.elf"  ./src/lab_7.o   -Wl,--start-group,-lxil,-lfreertos,-lgcc,-lc,--end-group
'Finished building target: lab_7.elf'
' '
'Invoking: ARM v7 Print Size'
arm-none-eabi-size lab_7.elf  |tee "lab_7.elf.size"
   text	   data	    bss	    dec	    hex	filename
  90648	   3396	  89472	 183516	  2ccdc	lab_7.elf
'Finished building: lab_7.elf.size'
' '
18:13:21 **** Auto Build of configuration Debug for project lab_7 ****
make pre-build main-build 
a9-linaro-pre-build-step
' '
'Building file: ../src/lab_7.c'
'Invoking: ARM v7 gcc compiler'
arm-none-eabi-gcc -Wall -O0 -g3 -c -fmessage-length=0 -MT"src/lab_7.o" -mcpu=cortex-a9 -mfpu=vfpv3 -mfloat-abi=hard -I../../lab_7_bsp/ps7_cortexa9_0/include -MMD -MP -MF"src/lab_7.d" -MT"src/lab_7.o" -o "src/lab_7.o" "../src/lab_7.c"
../src/lab_7.c: In function 'TaskSW':
../src/lab_7.c:103:7: warning: suggest parentheses around assignment used as truth value [-Wparentheses]
   if (sw = 0b0001){
       ^~
'Finished building: ../src/lab_7.c'
' '
'Building target: lab_7.elf'
'Invoking: ARM v7 gcc linker'
arm-none-eabi-gcc -mcpu=cortex-a9 -mfpu=vfpv3 -mfloat-abi=hard -Wl,-build-id=none -specs=Xilinx.spec -Wl,-T -Wl,../src/lscript.ld -L../../lab_7_bsp/ps7_cortexa9_0/lib -o "lab_7.elf"  ./src/lab_7.o   -Wl,--start-group,-lxil,-lfreertos,-lgcc,-lc,--end-group
'Finished building target: lab_7.elf'
' '
'Invoking: ARM v7 Print Size'
arm-none-eabi-size lab_7.elf  |tee "lab_7.elf.size"
   text	   data	    bss	    dec	    hex	filename
  90648	   3396	  89472	 183516	  2ccdc	lab_7.elf
'Finished building: lab_7.elf.size'
' '
18:13:45 **** Auto Build of configuration Debug for project lab_7 ****
make pre-build main-build 
a9-linaro-pre-build-step
' '
'Building file: ../src/lab_7.c'
'Invoking: ARM v7 gcc compiler'
arm-none-eabi-gcc -Wall -O0 -g3 -c -fmessage-length=0 -MT"src/lab_7.o" -mcpu=cortex-a9 -mfpu=vfpv3 -mfloat-abi=hard -I../../lab_7_bsp/ps7_cortexa9_0/include -MMD -MP -MF"src/lab_7.d" -MT"src/lab_7.o" -o "src/lab_7.o" "../src/lab_7.c"
../src/lab_7.c: In function 'TaskSW':
../src/lab_7.c:101:7: warning: suggest parentheses around assignment used as truth value [-Wparentheses]
   if (sw = 0b0001){
       ^~
'Finished building: ../src/lab_7.c'
' '
'Building target: lab_7.elf'
'Invoking: ARM v7 gcc linker'
arm-none-eabi-gcc -mcpu=cortex-a9 -mfpu=vfpv3 -mfloat-abi=hard -Wl,-build-id=none -specs=Xilinx.spec -Wl,-T -Wl,../src/lscript.ld -L../../lab_7_bsp/ps7_cortexa9_0/lib -o "lab_7.elf"  ./src/lab_7.o   -Wl,--start-group,-lxil,-lfreertos,-lgcc,-lc,--end-group
'Finished building target: lab_7.elf'
' '
'Invoking: ARM v7 Print Size'
arm-none-eabi-size lab_7.elf  |tee "lab_7.elf.size"
   text	   data	    bss	    dec	    hex	filename
  90648	   3396	  89472	 183516	  2ccdc	lab_7.elf
'Finished building: lab_7.elf.size'
' '
18:13:56 **** Auto Build of configuration Debug for project lab_7 ****
make pre-build main-build 
a9-linaro-pre-build-step
' '
'Building file: ../src/lab_7.c'
'Invoking: ARM v7 gcc compiler'
arm-none-eabi-gcc -Wall -O0 -g3 -c -fmessage-length=0 -MT"src/lab_7.o" -mcpu=cortex-a9 -mfpu=vfpv3 -mfloat-abi=hard -I../../lab_7_bsp/ps7_cortexa9_0/include -MMD -MP -MF"src/lab_7.d" -MT"src/lab_7.o" -o "src/lab_7.o" "../src/lab_7.c"
../src/lab_7.c: In function 'TaskSW':
../src/lab_7.c:100:7: warning: suggest parentheses around assignment used as truth value [-Wparentheses]
   if (sw = 0b0001){
       ^~
'Finished building: ../src/lab_7.c'
' '
'Building target: lab_7.elf'
'Invoking: ARM v7 gcc linker'
arm-none-eabi-gcc -mcpu=cortex-a9 -mfpu=vfpv3 -mfloat-abi=hard -Wl,-build-id=none -specs=Xilinx.spec -Wl,-T -Wl,../src/lscript.ld -L../../lab_7_bsp/ps7_cortexa9_0/lib -o "lab_7.elf"  ./src/lab_7.o   -Wl,--start-group,-lxil,-lfreertos,-lgcc,-lc,--end-group
'Finished building target: lab_7.elf'
' '
'Invoking: ARM v7 Print Size'
arm-none-eabi-size lab_7.elf  |tee "lab_7.elf.size"
   text	   data	    bss	    dec	    hex	filename
  90648	   3396	  89472	 183516	  2ccdc	lab_7.elf
'Finished building: lab_7.elf.size'
' '
18:14:02 **** Auto Build of configuration Debug for project lab_7 ****
make pre-build main-build 
a9-linaro-pre-build-step
' '
'Building file: ../src/lab_7.c'
'Invoking: ARM v7 gcc compiler'
arm-none-eabi-gcc -Wall -O0 -g3 -c -fmessage-length=0 -MT"src/lab_7.o" -mcpu=cortex-a9 -mfpu=vfpv3 -mfloat-abi=hard -I../../lab_7_bsp/ps7_cortexa9_0/include -MMD -MP -MF"src/lab_7.d" -MT"src/lab_7.o" -o "src/lab_7.o" "../src/lab_7.c"
../src/lab_7.c: In function 'TaskSW':
../src/lab_7.c:99:7: warning: suggest parentheses around assignment used as truth value [-Wparentheses]
   if (sw = 0b0001){
       ^~
'Finished building: ../src/lab_7.c'
' '
'Building target: lab_7.elf'
'Invoking: ARM v7 gcc linker'
arm-none-eabi-gcc -mcpu=cortex-a9 -mfpu=vfpv3 -mfloat-abi=hard -Wl,-build-id=none -specs=Xilinx.spec -Wl,-T -Wl,../src/lscript.ld -L../../lab_7_bsp/ps7_cortexa9_0/lib -o "lab_7.elf"  ./src/lab_7.o   -Wl,--start-group,-lxil,-lfreertos,-lgcc,-lc,--end-group
'Finished building target: lab_7.elf'
' '
'Invoking: ARM v7 Print Size'
arm-none-eabi-size lab_7.elf  |tee "lab_7.elf.size"
   text	   data	    bss	    dec	    hex	filename
  90648	   3396	  89472	 183516	  2ccdc	lab_7.elf
'Finished building: lab_7.elf.size'
' '
18:14:12 **** Auto Build of configuration Debug for project lab_7 ****
make pre-build main-build 
a9-linaro-pre-build-step
' '
'Building file: ../src/lab_7.c'
'Invoking: ARM v7 gcc compiler'
arm-none-eabi-gcc -Wall -O0 -g3 -c -fmessage-length=0 -MT"src/lab_7.o" -mcpu=cortex-a9 -mfpu=vfpv3 -mfloat-abi=hard -I../../lab_7_bsp/ps7_cortexa9_0/include -MMD -MP -MF"src/lab_7.d" -MT"src/lab_7.o" -o "src/lab_7.o" "../src/lab_7.c"
../src/lab_7.c: In function 'TaskSW':
../src/lab_7.c:97:7: warning: suggest parentheses around assignment used as truth value [-Wparentheses]
   if (sw = 0b0001){
       ^~
'Finished building: ../src/lab_7.c'
' '
'Building target: lab_7.elf'
'Invoking: ARM v7 gcc linker'
arm-none-eabi-gcc -mcpu=cortex-a9 -mfpu=vfpv3 -mfloat-abi=hard -Wl,-build-id=none -specs=Xilinx.spec -Wl,-T -Wl,../src/lscript.ld -L../../lab_7_bsp/ps7_cortexa9_0/lib -o "lab_7.elf"  ./src/lab_7.o   -Wl,--start-group,-lxil,-lfreertos,-lgcc,-lc,--end-group
'Finished building target: lab_7.elf'
' '
'Invoking: ARM v7 Print Size'
arm-none-eabi-size lab_7.elf  |tee "lab_7.elf.size"
   text	   data	    bss	    dec	    hex	filename
  90648	   3396	  89472	 183516	  2ccdc	lab_7.elf
'Finished building: lab_7.elf.size'
' '
18:14:23 **** Auto Build of configuration Debug for project lab_7 ****
make pre-build main-build 
a9-linaro-pre-build-step
' '
'Building file: ../src/lab_7.c'
'Invoking: ARM v7 gcc compiler'
arm-none-eabi-gcc -Wall -O0 -g3 -c -fmessage-length=0 -MT"src/lab_7.o" -mcpu=cortex-a9 -mfpu=vfpv3 -mfloat-abi=hard -I../../lab_7_bsp/ps7_cortexa9_0/include -MMD -MP -MF"src/lab_7.d" -MT"src/lab_7.o" -o "src/lab_7.o" "../src/lab_7.c"
../src/lab_7.c: In function 'TaskSW':
../src/lab_7.c:97:7: warning: suggest parentheses around assignment used as truth value [-Wparentheses]
   if (sw = 0b0001){
       ^~
'Finished building: ../src/lab_7.c'
' '
'Building target: lab_7.elf'
'Invoking: ARM v7 gcc linker'
arm-none-eabi-gcc -mcpu=cortex-a9 -mfpu=vfpv3 -mfloat-abi=hard -Wl,-build-id=none -specs=Xilinx.spec -Wl,-T -Wl,../src/lscript.ld -L../../lab_7_bsp/ps7_cortexa9_0/lib -o "lab_7.elf"  ./src/lab_7.o   -Wl,--start-group,-lxil,-lfreertos,-lgcc,-lc,--end-group
'Finished building target: lab_7.elf'
' '
'Invoking: ARM v7 Print Size'
arm-none-eabi-size lab_7.elf  |tee "lab_7.elf.size"
   text	   data	    bss	    dec	    hex	filename
  90648	   3396	  89472	 183516	  2ccdc	lab_7.elf
'Finished building: lab_7.elf.size'
' '
