09:27:52 INFO  : Registering command handlers for SDK TCF services
09:27:53 INFO  : Launching XSCT server: xsct.bat -interactive C:\vivado_proj\Embedded_Lab\lab_6\lab_6.sdk\temp_xsdb_launch_script.tcl
09:27:55 INFO  : XSCT server has started successfully.
09:27:56 INFO  : Successfully done setting XSCT server connection channel  
09:27:56 INFO  : Successfully done setting SDK workspace  
09:27:56 INFO  : Processing command line option -hwspec C:/vivado_proj/Embedded_Lab/lab_6/lab_6.sdk/design_1_wrapper.hdf.
14:24:43 INFO  : Registering command handlers for SDK TCF services
14:24:45 INFO  : Launching XSCT server: xsct.bat -interactive C:\vivado_proj\Embedded_Lab\lab_6\lab_6.sdk\temp_xsdb_launch_script.tcl
14:24:50 INFO  : XSCT server has started successfully.
14:24:51 INFO  : Successfully done setting XSCT server connection channel  
14:24:51 INFO  : Processing command line option -hwspec C:/vivado_proj/Embedded_Lab/lab_6/lab_6.sdk/design_1_wrapper.hdf.
14:24:51 INFO  : Successfully done setting SDK workspace  
14:24:51 INFO  : Checking for hwspec changes in the project design_1_wrapper_hw_platform_0.
14:39:09 ERROR : Failed to connect to hardware server on host '127.0.0.1' and port '3121'.
Reason: 'connect -url tcp:127.0.0.1:3121' is cancelled.
14:39:09 INFO  : Issued abort command to xsdb.
18:12:34 INFO  : Registering command handlers for SDK TCF services
18:12:35 INFO  : Launching XSCT server: xsct.bat -interactive C:\vivado_proj\Embedded_Lab\lab_6\lab_6.sdk\temp_xsdb_launch_script.tcl
18:12:40 INFO  : XSCT server has started successfully.
18:12:41 INFO  : Successfully done setting XSCT server connection channel  
18:12:41 INFO  : Processing command line option -hwspec C:/vivado_proj/Embedded_Lab/lab_6/lab_6.sdk/design_1_wrapper.hdf.
18:12:41 INFO  : Successfully done setting SDK workspace  
18:12:41 INFO  : Checking for hwspec changes in the project design_1_wrapper_hw_platform_0.
21:30:34 INFO  : Registering command handlers for SDK TCF services
21:30:36 INFO  : Launching XSCT server: xsct.bat -interactive D:\vivado_proj\Embedded_Lab\lab_6\lab_6.sdk\temp_xsdb_launch_script.tcl
21:30:41 INFO  : XSCT server has started successfully.
21:30:41 INFO  : Successfully done setting XSCT server connection channel  
21:30:47 INFO  : Successfully done setting SDK workspace  
21:30:47 INFO  : Processing command line option -hwspec D:/vivado_proj/Embedded_Lab/lab_6/lab_6.sdk/design_1_wrapper.hdf.
21:53:29 INFO  : Connected to target on host '127.0.0.1' and port '3121'.
21:53:31 INFO  : 'targets -set -filter {jtag_cable_name =~ "Digilent Zybo 210279A42B16A" && level==0} -index 1' command is executed.
21:53:32 INFO  : FPGA configured successfully with bitstream "D:/vivado_proj/Embedded_Lab/lab_6/lab_6.sdk/design_1_wrapper_hw_platform_0/design_1_wrapper.bit"
21:53:39 INFO  : 'targets -set -filter {jtag_cable_name =~ "Digilent Zybo 210279A42B16A" && level==0} -index 1' command is executed.
21:53:39 INFO  : 'fpga -state' command is executed.
21:53:39 INFO  : Connected to target on host '127.0.0.1' and port '3121'.
21:53:39 INFO  : Jtag cable 'Digilent Zybo 210279A42B16A' is selected.
21:53:39 INFO  : 'jtag frequency' command is executed.
21:53:39 INFO  : Sourcing of 'D:/vivado_proj/Embedded_Lab/lab_6/lab_6.sdk/design_1_wrapper_hw_platform_0/ps7_init.tcl' is done.
21:53:40 INFO  : Context for 'APU' is selected.
21:53:40 INFO  : Hardware design information is loaded from 'D:/vivado_proj/Embedded_Lab/lab_6/lab_6.sdk/design_1_wrapper_hw_platform_0/system.hdf'.
21:53:40 INFO  : 'configparams force-mem-access 1' command is executed.
21:53:40 INFO  : Context for 'APU' is selected.
21:53:40 INFO  : 'stop' command is executed.
21:53:40 INFO  : 'ps7_init' command is executed.
21:53:40 INFO  : 'ps7_post_config' command is executed.
21:53:40 INFO  : Context for processor 'ps7_cortexa9_0' is selected.
21:53:40 INFO  : Processor reset is completed for 'ps7_cortexa9_0'.
21:53:40 INFO  : Context for processor 'ps7_cortexa9_0' is selected.
21:53:40 INFO  : The application 'D:/vivado_proj/Embedded_Lab/lab_6/lab_6.sdk/lab_6/Debug/lab_6.elf' is downloaded to processor 'ps7_cortexa9_0'.
21:53:40 INFO  : 'configparams force-mem-access 0' command is executed.
21:53:40 INFO  : ----------------XSDB Script----------------
connect -url tcp:127.0.0.1:3121
source D:/vivado_proj/Embedded_Lab/lab_6/lab_6.sdk/design_1_wrapper_hw_platform_0/ps7_init.tcl
targets -set -nocase -filter {name =~"APU*" && jtag_cable_name =~ "Digilent Zybo 210279A42B16A"} -index 0
loadhw -hw D:/vivado_proj/Embedded_Lab/lab_6/lab_6.sdk/design_1_wrapper_hw_platform_0/system.hdf -mem-ranges [list {0x40000000 0xbfffffff}]
configparams force-mem-access 1
targets -set -nocase -filter {name =~"APU*" && jtag_cable_name =~ "Digilent Zybo 210279A42B16A"} -index 0
stop
ps7_init
ps7_post_config
targets -set -nocase -filter {name =~ "ARM*#0" && jtag_cable_name =~ "Digilent Zybo 210279A42B16A"} -index 0
rst -processor
targets -set -nocase -filter {name =~ "ARM*#0" && jtag_cable_name =~ "Digilent Zybo 210279A42B16A"} -index 0
dow D:/vivado_proj/Embedded_Lab/lab_6/lab_6.sdk/lab_6/Debug/lab_6.elf
configparams force-mem-access 0
----------------End of Script----------------

21:53:40 INFO  : Context for processor 'ps7_cortexa9_0' is selected.
21:53:41 INFO  : 'con' command is executed.
21:53:41 INFO  : ----------------XSDB Script (After Launch)----------------
targets -set -nocase -filter {name =~ "ARM*#0" && jtag_cable_name =~ "Digilent Zybo 210279A42B16A"} -index 0
con
----------------End of Script----------------

21:53:41 INFO  : Disconnected from the channel tcfchan#1.
21:54:11 INFO  : 'targets -set -filter {jtag_cable_name =~ "Digilent Zybo 210279A42B16A" && level==0} -index 1' command is executed.
21:54:11 INFO  : 'fpga -state' command is executed.
21:54:11 INFO  : Connected to target on host '127.0.0.1' and port '3121'.
21:54:11 INFO  : Jtag cable 'Digilent Zybo 210279A42B16A' is selected.
21:54:11 INFO  : 'jtag frequency' command is executed.
21:54:11 INFO  : Sourcing of 'D:/vivado_proj/Embedded_Lab/lab_6/lab_6.sdk/design_1_wrapper_hw_platform_0/ps7_init.tcl' is done.
21:54:11 INFO  : Context for 'APU' is selected.
21:54:13 INFO  : Hardware design information is loaded from 'D:/vivado_proj/Embedded_Lab/lab_6/lab_6.sdk/design_1_wrapper_hw_platform_0/system.hdf'.
21:54:13 INFO  : 'configparams force-mem-access 1' command is executed.
21:54:13 INFO  : Context for 'APU' is selected.
21:54:13 INFO  : 'stop' command is executed.
21:54:13 INFO  : 'ps7_init' command is executed.
21:54:13 INFO  : 'ps7_post_config' command is executed.
21:54:13 INFO  : Context for processor 'ps7_cortexa9_0' is selected.
21:54:13 INFO  : Processor reset is completed for 'ps7_cortexa9_0'.
21:54:13 INFO  : Context for processor 'ps7_cortexa9_0' is selected.
21:54:14 INFO  : The application 'D:/vivado_proj/Embedded_Lab/lab_6/lab_6.sdk/lab_6/Debug/lab_6.elf' is downloaded to processor 'ps7_cortexa9_0'.
21:54:14 INFO  : 'configparams force-mem-access 0' command is executed.
21:54:14 INFO  : ----------------XSDB Script----------------
connect -url tcp:127.0.0.1:3121
source D:/vivado_proj/Embedded_Lab/lab_6/lab_6.sdk/design_1_wrapper_hw_platform_0/ps7_init.tcl
targets -set -nocase -filter {name =~"APU*" && jtag_cable_name =~ "Digilent Zybo 210279A42B16A"} -index 0
loadhw -hw D:/vivado_proj/Embedded_Lab/lab_6/lab_6.sdk/design_1_wrapper_hw_platform_0/system.hdf -mem-ranges [list {0x40000000 0xbfffffff}]
configparams force-mem-access 1
targets -set -nocase -filter {name =~"APU*" && jtag_cable_name =~ "Digilent Zybo 210279A42B16A"} -index 0
stop
ps7_init
ps7_post_config
targets -set -nocase -filter {name =~ "ARM*#0" && jtag_cable_name =~ "Digilent Zybo 210279A42B16A"} -index 0
rst -processor
targets -set -nocase -filter {name =~ "ARM*#0" && jtag_cable_name =~ "Digilent Zybo 210279A42B16A"} -index 0
dow D:/vivado_proj/Embedded_Lab/lab_6/lab_6.sdk/lab_6/Debug/lab_6.elf
configparams force-mem-access 0
----------------End of Script----------------

21:54:14 INFO  : Context for processor 'ps7_cortexa9_0' is selected.
21:54:14 INFO  : 'con' command is executed.
21:54:14 INFO  : ----------------XSDB Script (After Launch)----------------
targets -set -nocase -filter {name =~ "ARM*#0" && jtag_cable_name =~ "Digilent Zybo 210279A42B16A"} -index 0
con
----------------End of Script----------------

21:54:14 INFO  : Disconnected from the channel tcfchan#2.
00:26:05 INFO  : Connected to target on host '127.0.0.1' and port '3121'.
00:26:05 INFO  : 'targets -set -filter {jtag_cable_name =~ "Digilent Zybo 210279A42B16A" && level==0} -index 1' command is executed.
00:26:06 INFO  : FPGA configured successfully with bitstream "D:/vivado_proj/Embedded_Lab/lab_6/lab_6.sdk/design_1_wrapper_hw_platform_0/design_1_wrapper.bit"
00:26:09 INFO  : 'targets -set -filter {jtag_cable_name =~ "Digilent Zybo 210279A42B16A" && level==0} -index 1' command is executed.
00:26:09 INFO  : 'fpga -state' command is executed.
00:26:09 INFO  : Connected to target on host '127.0.0.1' and port '3121'.
00:26:09 INFO  : Jtag cable 'Digilent Zybo 210279A42B16A' is selected.
00:26:09 INFO  : 'jtag frequency' command is executed.
00:26:09 INFO  : Sourcing of 'D:/vivado_proj/Embedded_Lab/lab_6/lab_6.sdk/design_1_wrapper_hw_platform_0/ps7_init.tcl' is done.
00:26:09 INFO  : Context for 'APU' is selected.
00:26:09 INFO  : Hardware design information is loaded from 'D:/vivado_proj/Embedded_Lab/lab_6/lab_6.sdk/design_1_wrapper_hw_platform_0/system.hdf'.
00:26:09 INFO  : 'configparams force-mem-access 1' command is executed.
00:26:09 INFO  : Context for 'APU' is selected.
00:26:09 INFO  : 'stop' command is executed.
00:26:09 INFO  : 'ps7_init' command is executed.
00:26:09 INFO  : 'ps7_post_config' command is executed.
00:26:09 INFO  : Context for processor 'ps7_cortexa9_0' is selected.
00:26:09 INFO  : Processor reset is completed for 'ps7_cortexa9_0'.
00:26:09 INFO  : Context for processor 'ps7_cortexa9_0' is selected.
00:26:09 INFO  : The application 'D:/vivado_proj/Embedded_Lab/lab_6/lab_6.sdk/lab_6/Debug/lab_6.elf' is downloaded to processor 'ps7_cortexa9_0'.
00:26:09 INFO  : 'configparams force-mem-access 0' command is executed.
00:26:09 INFO  : ----------------XSDB Script----------------
connect -url tcp:127.0.0.1:3121
source D:/vivado_proj/Embedded_Lab/lab_6/lab_6.sdk/design_1_wrapper_hw_platform_0/ps7_init.tcl
targets -set -nocase -filter {name =~"APU*" && jtag_cable_name =~ "Digilent Zybo 210279A42B16A"} -index 0
loadhw -hw D:/vivado_proj/Embedded_Lab/lab_6/lab_6.sdk/design_1_wrapper_hw_platform_0/system.hdf -mem-ranges [list {0x40000000 0xbfffffff}]
configparams force-mem-access 1
targets -set -nocase -filter {name =~"APU*" && jtag_cable_name =~ "Digilent Zybo 210279A42B16A"} -index 0
stop
ps7_init
ps7_post_config
targets -set -nocase -filter {name =~ "ARM*#0" && jtag_cable_name =~ "Digilent Zybo 210279A42B16A"} -index 0
rst -processor
targets -set -nocase -filter {name =~ "ARM*#0" && jtag_cable_name =~ "Digilent Zybo 210279A42B16A"} -index 0
dow D:/vivado_proj/Embedded_Lab/lab_6/lab_6.sdk/lab_6/Debug/lab_6.elf
configparams force-mem-access 0
----------------End of Script----------------

00:26:10 INFO  : Context for processor 'ps7_cortexa9_0' is selected.
00:26:10 INFO  : 'con' command is executed.
00:26:10 INFO  : ----------------XSDB Script (After Launch)----------------
targets -set -nocase -filter {name =~ "ARM*#0" && jtag_cable_name =~ "Digilent Zybo 210279A42B16A"} -index 0
con
----------------End of Script----------------

00:26:10 INFO  : Disconnected from the channel tcfchan#3.
00:27:14 INFO  : Connected to target on host '127.0.0.1' and port '3121'.
00:27:14 INFO  : 'targets -set -filter {jtag_cable_name =~ "Digilent Zybo 210279A42B16A" && level==0} -index 1' command is executed.
00:27:15 INFO  : FPGA configured successfully with bitstream "D:/vivado_proj/Embedded_Lab/lab_6/lab_6.sdk/design_1_wrapper_hw_platform_0/design_1_wrapper.bit"
00:28:25 INFO  : Connected to target on host '127.0.0.1' and port '3121'.
00:28:25 INFO  : 'targets -set -filter {jtag_cable_name =~ "Digilent Zybo 210279A42B16A" && level==0} -index 1' command is executed.
00:28:26 INFO  : FPGA configured successfully with bitstream "D:/vivado_proj/Embedded_Lab/lab_6/lab_6.sdk/design_1_wrapper_hw_platform_0/design_1_wrapper.bit"
00:28:30 INFO  : 'targets -set -filter {jtag_cable_name =~ "Digilent Zybo 210279A42B16A" && level==0} -index 1' command is executed.
00:28:30 INFO  : 'fpga -state' command is executed.
00:28:30 INFO  : Connected to target on host '127.0.0.1' and port '3121'.
00:28:30 INFO  : Jtag cable 'Digilent Zybo 210279A42B16A' is selected.
00:28:30 INFO  : 'jtag frequency' command is executed.
00:28:30 INFO  : Sourcing of 'D:/vivado_proj/Embedded_Lab/lab_6/lab_6.sdk/design_1_wrapper_hw_platform_0/ps7_init.tcl' is done.
00:28:30 INFO  : Context for 'APU' is selected.
00:28:30 INFO  : Hardware design information is loaded from 'D:/vivado_proj/Embedded_Lab/lab_6/lab_6.sdk/design_1_wrapper_hw_platform_0/system.hdf'.
00:28:30 INFO  : 'configparams force-mem-access 1' command is executed.
00:28:30 INFO  : Context for 'APU' is selected.
00:28:30 INFO  : 'stop' command is executed.
00:28:30 INFO  : 'ps7_init' command is executed.
00:28:30 INFO  : 'ps7_post_config' command is executed.
00:28:30 INFO  : Context for processor 'ps7_cortexa9_0' is selected.
00:28:30 INFO  : Processor reset is completed for 'ps7_cortexa9_0'.
00:28:30 INFO  : Context for processor 'ps7_cortexa9_0' is selected.
00:28:30 INFO  : The application 'D:/vivado_proj/Embedded_Lab/lab_6/lab_6.sdk/lab_6/Debug/lab_6.elf' is downloaded to processor 'ps7_cortexa9_0'.
00:28:30 INFO  : 'configparams force-mem-access 0' command is executed.
00:28:30 INFO  : ----------------XSDB Script----------------
connect -url tcp:127.0.0.1:3121
source D:/vivado_proj/Embedded_Lab/lab_6/lab_6.sdk/design_1_wrapper_hw_platform_0/ps7_init.tcl
targets -set -nocase -filter {name =~"APU*" && jtag_cable_name =~ "Digilent Zybo 210279A42B16A"} -index 0
loadhw -hw D:/vivado_proj/Embedded_Lab/lab_6/lab_6.sdk/design_1_wrapper_hw_platform_0/system.hdf -mem-ranges [list {0x40000000 0xbfffffff}]
configparams force-mem-access 1
targets -set -nocase -filter {name =~"APU*" && jtag_cable_name =~ "Digilent Zybo 210279A42B16A"} -index 0
stop
ps7_init
ps7_post_config
targets -set -nocase -filter {name =~ "ARM*#0" && jtag_cable_name =~ "Digilent Zybo 210279A42B16A"} -index 0
rst -processor
targets -set -nocase -filter {name =~ "ARM*#0" && jtag_cable_name =~ "Digilent Zybo 210279A42B16A"} -index 0
dow D:/vivado_proj/Embedded_Lab/lab_6/lab_6.sdk/lab_6/Debug/lab_6.elf
configparams force-mem-access 0
----------------End of Script----------------

00:28:31 INFO  : Context for processor 'ps7_cortexa9_0' is selected.
00:28:31 INFO  : 'con' command is executed.
00:28:31 INFO  : ----------------XSDB Script (After Launch)----------------
targets -set -nocase -filter {name =~ "ARM*#0" && jtag_cable_name =~ "Digilent Zybo 210279A42B16A"} -index 0
con
----------------End of Script----------------

00:28:31 INFO  : Disconnected from the channel tcfchan#4.
00:28:40 INFO  : 'targets -set -filter {jtag_cable_name =~ "Digilent Zybo 210279A42B16A" && level==0} -index 1' command is executed.
00:28:40 INFO  : 'fpga -state' command is executed.
00:28:40 INFO  : Connected to target on host '127.0.0.1' and port '3121'.
00:28:41 INFO  : Jtag cable 'Digilent Zybo 210279A42B16A' is selected.
00:28:41 INFO  : 'jtag frequency' command is executed.
00:28:41 INFO  : Sourcing of 'D:/vivado_proj/Embedded_Lab/lab_6/lab_6.sdk/design_1_wrapper_hw_platform_0/ps7_init.tcl' is done.
00:28:41 INFO  : Context for 'APU' is selected.
00:28:41 INFO  : Hardware design information is loaded from 'D:/vivado_proj/Embedded_Lab/lab_6/lab_6.sdk/design_1_wrapper_hw_platform_0/system.hdf'.
00:28:41 INFO  : 'configparams force-mem-access 1' command is executed.
00:28:41 INFO  : Context for 'APU' is selected.
00:28:41 INFO  : 'stop' command is executed.
00:28:41 INFO  : 'ps7_init' command is executed.
00:28:41 INFO  : 'ps7_post_config' command is executed.
00:28:41 INFO  : Context for processor 'ps7_cortexa9_0' is selected.
00:28:41 INFO  : Processor reset is completed for 'ps7_cortexa9_0'.
00:28:41 INFO  : Context for processor 'ps7_cortexa9_0' is selected.
00:28:41 INFO  : The application 'D:/vivado_proj/Embedded_Lab/lab_6/lab_6.sdk/lab_6/Debug/lab_6.elf' is downloaded to processor 'ps7_cortexa9_0'.
00:28:41 INFO  : 'configparams force-mem-access 0' command is executed.
00:28:41 INFO  : ----------------XSDB Script----------------
connect -url tcp:127.0.0.1:3121
source D:/vivado_proj/Embedded_Lab/lab_6/lab_6.sdk/design_1_wrapper_hw_platform_0/ps7_init.tcl
targets -set -nocase -filter {name =~"APU*" && jtag_cable_name =~ "Digilent Zybo 210279A42B16A"} -index 0
loadhw -hw D:/vivado_proj/Embedded_Lab/lab_6/lab_6.sdk/design_1_wrapper_hw_platform_0/system.hdf -mem-ranges [list {0x40000000 0xbfffffff}]
configparams force-mem-access 1
targets -set -nocase -filter {name =~"APU*" && jtag_cable_name =~ "Digilent Zybo 210279A42B16A"} -index 0
stop
ps7_init
ps7_post_config
targets -set -nocase -filter {name =~ "ARM*#0" && jtag_cable_name =~ "Digilent Zybo 210279A42B16A"} -index 0
rst -processor
targets -set -nocase -filter {name =~ "ARM*#0" && jtag_cable_name =~ "Digilent Zybo 210279A42B16A"} -index 0
dow D:/vivado_proj/Embedded_Lab/lab_6/lab_6.sdk/lab_6/Debug/lab_6.elf
configparams force-mem-access 0
----------------End of Script----------------

00:28:41 INFO  : Context for processor 'ps7_cortexa9_0' is selected.
00:28:41 INFO  : 'con' command is executed.
00:28:41 INFO  : ----------------XSDB Script (After Launch)----------------
targets -set -nocase -filter {name =~ "ARM*#0" && jtag_cable_name =~ "Digilent Zybo 210279A42B16A"} -index 0
con
----------------End of Script----------------

00:28:41 INFO  : Disconnected from the channel tcfchan#5.
00:29:02 INFO  : 'targets -set -filter {jtag_cable_name =~ "Digilent Zybo 210279A42B16A" && level==0} -index 1' command is executed.
00:29:02 INFO  : 'fpga -state' command is executed.
00:29:02 INFO  : Connected to target on host '127.0.0.1' and port '3121'.
00:29:02 INFO  : Jtag cable 'Digilent Zybo 210279A42B16A' is selected.
00:29:02 INFO  : 'jtag frequency' command is executed.
00:29:02 INFO  : Sourcing of 'D:/vivado_proj/Embedded_Lab/lab_6/lab_6.sdk/design_1_wrapper_hw_platform_0/ps7_init.tcl' is done.
00:29:02 INFO  : Context for 'APU' is selected.
00:29:02 INFO  : Hardware design information is loaded from 'D:/vivado_proj/Embedded_Lab/lab_6/lab_6.sdk/design_1_wrapper_hw_platform_0/system.hdf'.
00:29:02 INFO  : 'configparams force-mem-access 1' command is executed.
00:29:02 INFO  : Context for 'APU' is selected.
00:29:02 INFO  : 'stop' command is executed.
00:29:02 INFO  : 'ps7_init' command is executed.
00:29:02 INFO  : 'ps7_post_config' command is executed.
00:29:02 INFO  : Context for processor 'ps7_cortexa9_0' is selected.
00:29:02 INFO  : Processor reset is completed for 'ps7_cortexa9_0'.
00:29:02 INFO  : Context for processor 'ps7_cortexa9_0' is selected.
00:29:03 INFO  : The application 'D:/vivado_proj/Embedded_Lab/lab_6/lab_6.sdk/lab_6/Debug/lab_6.elf' is downloaded to processor 'ps7_cortexa9_0'.
00:29:03 INFO  : 'configparams force-mem-access 0' command is executed.
00:29:03 INFO  : ----------------XSDB Script----------------
connect -url tcp:127.0.0.1:3121
source D:/vivado_proj/Embedded_Lab/lab_6/lab_6.sdk/design_1_wrapper_hw_platform_0/ps7_init.tcl
targets -set -nocase -filter {name =~"APU*" && jtag_cable_name =~ "Digilent Zybo 210279A42B16A"} -index 0
loadhw -hw D:/vivado_proj/Embedded_Lab/lab_6/lab_6.sdk/design_1_wrapper_hw_platform_0/system.hdf -mem-ranges [list {0x40000000 0xbfffffff}]
configparams force-mem-access 1
targets -set -nocase -filter {name =~"APU*" && jtag_cable_name =~ "Digilent Zybo 210279A42B16A"} -index 0
stop
ps7_init
ps7_post_config
targets -set -nocase -filter {name =~ "ARM*#0" && jtag_cable_name =~ "Digilent Zybo 210279A42B16A"} -index 0
rst -processor
targets -set -nocase -filter {name =~ "ARM*#0" && jtag_cable_name =~ "Digilent Zybo 210279A42B16A"} -index 0
dow D:/vivado_proj/Embedded_Lab/lab_6/lab_6.sdk/lab_6/Debug/lab_6.elf
configparams force-mem-access 0
----------------End of Script----------------

00:29:03 INFO  : Context for processor 'ps7_cortexa9_0' is selected.
00:29:03 INFO  : 'con' command is executed.
00:29:03 INFO  : ----------------XSDB Script (After Launch)----------------
targets -set -nocase -filter {name =~ "ARM*#0" && jtag_cable_name =~ "Digilent Zybo 210279A42B16A"} -index 0
con
----------------End of Script----------------

00:29:03 INFO  : Disconnected from the channel tcfchan#6.
00:29:12 INFO  : Connected to target on host '127.0.0.1' and port '3121'.
00:29:12 INFO  : 'targets -set -filter {jtag_cable_name =~ "Digilent Zybo 210279A42B16A" && level==0} -index 1' command is executed.
00:29:13 INFO  : FPGA configured successfully with bitstream "D:/vivado_proj/Embedded_Lab/lab_6/lab_6.sdk/design_1_wrapper_hw_platform_0/design_1_wrapper.bit"
00:29:18 INFO  : 'targets -set -filter {jtag_cable_name =~ "Digilent Zybo 210279A42B16A" && level==0} -index 1' command is executed.
00:29:18 INFO  : 'fpga -state' command is executed.
00:29:18 INFO  : Connected to target on host '127.0.0.1' and port '3121'.
00:29:18 INFO  : Jtag cable 'Digilent Zybo 210279A42B16A' is selected.
00:29:18 INFO  : 'jtag frequency' command is executed.
00:29:18 INFO  : Sourcing of 'D:/vivado_proj/Embedded_Lab/lab_6/lab_6.sdk/design_1_wrapper_hw_platform_0/ps7_init.tcl' is done.
00:29:18 INFO  : Context for 'APU' is selected.
00:29:18 INFO  : Hardware design information is loaded from 'D:/vivado_proj/Embedded_Lab/lab_6/lab_6.sdk/design_1_wrapper_hw_platform_0/system.hdf'.
00:29:18 INFO  : 'configparams force-mem-access 1' command is executed.
00:29:18 INFO  : Context for 'APU' is selected.
00:29:18 INFO  : 'stop' command is executed.
00:29:19 INFO  : 'ps7_init' command is executed.
00:29:19 INFO  : 'ps7_post_config' command is executed.
00:29:19 INFO  : Context for processor 'ps7_cortexa9_0' is selected.
00:29:19 INFO  : Processor reset is completed for 'ps7_cortexa9_0'.
00:29:19 INFO  : Context for processor 'ps7_cortexa9_0' is selected.
00:29:19 INFO  : The application 'D:/vivado_proj/Embedded_Lab/lab_6/lab_6.sdk/lab_6/Debug/lab_6.elf' is downloaded to processor 'ps7_cortexa9_0'.
00:29:19 INFO  : 'configparams force-mem-access 0' command is executed.
00:29:19 INFO  : ----------------XSDB Script----------------
connect -url tcp:127.0.0.1:3121
source D:/vivado_proj/Embedded_Lab/lab_6/lab_6.sdk/design_1_wrapper_hw_platform_0/ps7_init.tcl
targets -set -nocase -filter {name =~"APU*" && jtag_cable_name =~ "Digilent Zybo 210279A42B16A"} -index 0
loadhw -hw D:/vivado_proj/Embedded_Lab/lab_6/lab_6.sdk/design_1_wrapper_hw_platform_0/system.hdf -mem-ranges [list {0x40000000 0xbfffffff}]
configparams force-mem-access 1
targets -set -nocase -filter {name =~"APU*" && jtag_cable_name =~ "Digilent Zybo 210279A42B16A"} -index 0
stop
ps7_init
ps7_post_config
targets -set -nocase -filter {name =~ "ARM*#0" && jtag_cable_name =~ "Digilent Zybo 210279A42B16A"} -index 0
rst -processor
targets -set -nocase -filter {name =~ "ARM*#0" && jtag_cable_name =~ "Digilent Zybo 210279A42B16A"} -index 0
dow D:/vivado_proj/Embedded_Lab/lab_6/lab_6.sdk/lab_6/Debug/lab_6.elf
configparams force-mem-access 0
----------------End of Script----------------

00:29:19 INFO  : Context for processor 'ps7_cortexa9_0' is selected.
00:29:19 INFO  : 'con' command is executed.
00:29:19 INFO  : ----------------XSDB Script (After Launch)----------------
targets -set -nocase -filter {name =~ "ARM*#0" && jtag_cable_name =~ "Digilent Zybo 210279A42B16A"} -index 0
con
----------------End of Script----------------

00:29:19 INFO  : Disconnected from the channel tcfchan#7.
00:30:13 INFO  : Connected to target on host '127.0.0.1' and port '3121'.
00:30:14 INFO  : 'targets -set -filter {jtag_cable_name =~ "Digilent Zybo 210279A42B16A" && level==0} -index 1' command is executed.
00:30:15 INFO  : FPGA configured successfully with bitstream "D:/vivado_proj/Embedded_Lab/lab_6/lab_6.sdk/design_1_wrapper_hw_platform_0/design_1_wrapper.bit"
00:30:20 INFO  : 'targets -set -filter {jtag_cable_name =~ "Digilent Zybo 210279A42B16A" && level==0} -index 1' command is executed.
00:30:20 INFO  : 'fpga -state' command is executed.
00:30:20 INFO  : Connected to target on host '127.0.0.1' and port '3121'.
00:30:20 INFO  : Jtag cable 'Digilent Zybo 210279A42B16A' is selected.
00:30:20 INFO  : 'jtag frequency' command is executed.
00:30:20 INFO  : Sourcing of 'D:/vivado_proj/Embedded_Lab/lab_6/lab_6.sdk/design_1_wrapper_hw_platform_0/ps7_init.tcl' is done.
00:30:20 INFO  : Context for 'APU' is selected.
00:30:20 INFO  : Hardware design information is loaded from 'D:/vivado_proj/Embedded_Lab/lab_6/lab_6.sdk/design_1_wrapper_hw_platform_0/system.hdf'.
00:30:20 INFO  : 'configparams force-mem-access 1' command is executed.
00:30:20 INFO  : Context for 'APU' is selected.
00:30:20 INFO  : 'stop' command is executed.
00:30:20 INFO  : 'ps7_init' command is executed.
00:30:20 INFO  : 'ps7_post_config' command is executed.
00:30:20 INFO  : Context for processor 'ps7_cortexa9_0' is selected.
00:30:20 INFO  : Processor reset is completed for 'ps7_cortexa9_0'.
00:30:21 INFO  : Context for processor 'ps7_cortexa9_0' is selected.
00:30:21 INFO  : The application 'D:/vivado_proj/Embedded_Lab/lab_6/lab_6.sdk/lab_6/Debug/lab_6.elf' is downloaded to processor 'ps7_cortexa9_0'.
00:30:21 INFO  : 'configparams force-mem-access 0' command is executed.
00:30:21 INFO  : ----------------XSDB Script----------------
connect -url tcp:127.0.0.1:3121
source D:/vivado_proj/Embedded_Lab/lab_6/lab_6.sdk/design_1_wrapper_hw_platform_0/ps7_init.tcl
targets -set -nocase -filter {name =~"APU*" && jtag_cable_name =~ "Digilent Zybo 210279A42B16A"} -index 0
loadhw -hw D:/vivado_proj/Embedded_Lab/lab_6/lab_6.sdk/design_1_wrapper_hw_platform_0/system.hdf -mem-ranges [list {0x40000000 0xbfffffff}]
configparams force-mem-access 1
targets -set -nocase -filter {name =~"APU*" && jtag_cable_name =~ "Digilent Zybo 210279A42B16A"} -index 0
stop
ps7_init
ps7_post_config
targets -set -nocase -filter {name =~ "ARM*#0" && jtag_cable_name =~ "Digilent Zybo 210279A42B16A"} -index 0
rst -processor
targets -set -nocase -filter {name =~ "ARM*#0" && jtag_cable_name =~ "Digilent Zybo 210279A42B16A"} -index 0
dow D:/vivado_proj/Embedded_Lab/lab_6/lab_6.sdk/lab_6/Debug/lab_6.elf
configparams force-mem-access 0
----------------End of Script----------------

00:30:21 INFO  : Context for processor 'ps7_cortexa9_0' is selected.
00:30:21 INFO  : 'con' command is executed.
00:30:21 INFO  : ----------------XSDB Script (After Launch)----------------
targets -set -nocase -filter {name =~ "ARM*#0" && jtag_cable_name =~ "Digilent Zybo 210279A42B16A"} -index 0
con
----------------End of Script----------------

00:30:21 INFO  : Disconnected from the channel tcfchan#8.
00:30:58 INFO  : Connected to target on host '127.0.0.1' and port '3121'.
00:30:58 INFO  : 'targets -set -filter {jtag_cable_name =~ "Digilent Zybo 210279A42B16A" && level==0} -index 1' command is executed.
00:31:00 INFO  : FPGA configured successfully with bitstream "D:/vivado_proj/Embedded_Lab/lab_6/lab_6.sdk/design_1_wrapper_hw_platform_0/design_1_wrapper.bit"
00:31:03 INFO  : 'targets -set -filter {jtag_cable_name =~ "Digilent Zybo 210279A42B16A" && level==0} -index 1' command is executed.
00:31:03 INFO  : 'fpga -state' command is executed.
00:31:03 INFO  : Connected to target on host '127.0.0.1' and port '3121'.
00:31:03 INFO  : Jtag cable 'Digilent Zybo 210279A42B16A' is selected.
00:31:03 INFO  : 'jtag frequency' command is executed.
00:31:03 INFO  : Sourcing of 'D:/vivado_proj/Embedded_Lab/lab_6/lab_6.sdk/design_1_wrapper_hw_platform_0/ps7_init.tcl' is done.
00:31:03 INFO  : Context for 'APU' is selected.
00:31:03 INFO  : Hardware design information is loaded from 'D:/vivado_proj/Embedded_Lab/lab_6/lab_6.sdk/design_1_wrapper_hw_platform_0/system.hdf'.
00:31:03 INFO  : 'configparams force-mem-access 1' command is executed.
00:31:03 INFO  : Context for 'APU' is selected.
00:31:03 INFO  : 'stop' command is executed.
00:31:04 INFO  : 'ps7_init' command is executed.
00:31:04 INFO  : 'ps7_post_config' command is executed.
00:31:04 INFO  : Context for processor 'ps7_cortexa9_0' is selected.
00:31:04 INFO  : Processor reset is completed for 'ps7_cortexa9_0'.
00:31:04 INFO  : Context for processor 'ps7_cortexa9_0' is selected.
00:31:04 INFO  : The application 'D:/vivado_proj/Embedded_Lab/lab_6/lab_6.sdk/lab_6/Debug/lab_6.elf' is downloaded to processor 'ps7_cortexa9_0'.
00:31:04 INFO  : 'configparams force-mem-access 0' command is executed.
00:31:04 INFO  : ----------------XSDB Script----------------
connect -url tcp:127.0.0.1:3121
source D:/vivado_proj/Embedded_Lab/lab_6/lab_6.sdk/design_1_wrapper_hw_platform_0/ps7_init.tcl
targets -set -nocase -filter {name =~"APU*" && jtag_cable_name =~ "Digilent Zybo 210279A42B16A"} -index 0
loadhw -hw D:/vivado_proj/Embedded_Lab/lab_6/lab_6.sdk/design_1_wrapper_hw_platform_0/system.hdf -mem-ranges [list {0x40000000 0xbfffffff}]
configparams force-mem-access 1
targets -set -nocase -filter {name =~"APU*" && jtag_cable_name =~ "Digilent Zybo 210279A42B16A"} -index 0
stop
ps7_init
ps7_post_config
targets -set -nocase -filter {name =~ "ARM*#0" && jtag_cable_name =~ "Digilent Zybo 210279A42B16A"} -index 0
rst -processor
targets -set -nocase -filter {name =~ "ARM*#0" && jtag_cable_name =~ "Digilent Zybo 210279A42B16A"} -index 0
dow D:/vivado_proj/Embedded_Lab/lab_6/lab_6.sdk/lab_6/Debug/lab_6.elf
configparams force-mem-access 0
----------------End of Script----------------

00:31:04 INFO  : Context for processor 'ps7_cortexa9_0' is selected.
00:31:04 INFO  : 'con' command is executed.
00:31:04 INFO  : ----------------XSDB Script (After Launch)----------------
targets -set -nocase -filter {name =~ "ARM*#0" && jtag_cable_name =~ "Digilent Zybo 210279A42B16A"} -index 0
con
----------------End of Script----------------

00:31:04 INFO  : Disconnected from the channel tcfchan#9.
00:31:39 INFO  : Connected to target on host '127.0.0.1' and port '3121'.
00:31:39 INFO  : 'targets -set -filter {jtag_cable_name =~ "Digilent Zybo 210279A42B16A" && level==0} -index 1' command is executed.
00:31:41 INFO  : FPGA configured successfully with bitstream "D:/vivado_proj/Embedded_Lab/lab_6/lab_6.sdk/design_1_wrapper_hw_platform_0/design_1_wrapper.bit"
00:31:44 INFO  : 'targets -set -filter {jtag_cable_name =~ "Digilent Zybo 210279A42B16A" && level==0} -index 1' command is executed.
00:31:44 INFO  : 'fpga -state' command is executed.
00:31:44 INFO  : Connected to target on host '127.0.0.1' and port '3121'.
00:31:44 INFO  : Jtag cable 'Digilent Zybo 210279A42B16A' is selected.
00:31:44 INFO  : 'jtag frequency' command is executed.
00:31:44 INFO  : Sourcing of 'D:/vivado_proj/Embedded_Lab/lab_6/lab_6.sdk/design_1_wrapper_hw_platform_0/ps7_init.tcl' is done.
00:31:44 INFO  : Context for 'APU' is selected.
00:31:44 INFO  : Hardware design information is loaded from 'D:/vivado_proj/Embedded_Lab/lab_6/lab_6.sdk/design_1_wrapper_hw_platform_0/system.hdf'.
00:31:44 INFO  : 'configparams force-mem-access 1' command is executed.
00:31:44 INFO  : Context for 'APU' is selected.
00:31:44 INFO  : 'stop' command is executed.
00:31:44 INFO  : 'ps7_init' command is executed.
00:31:45 INFO  : 'ps7_post_config' command is executed.
00:31:45 INFO  : Context for processor 'ps7_cortexa9_0' is selected.
00:31:45 INFO  : Processor reset is completed for 'ps7_cortexa9_0'.
00:31:45 INFO  : Context for processor 'ps7_cortexa9_0' is selected.
00:31:45 INFO  : The application 'D:/vivado_proj/Embedded_Lab/lab_6/lab_6.sdk/lab_6/Debug/lab_6.elf' is downloaded to processor 'ps7_cortexa9_0'.
00:31:45 INFO  : 'configparams force-mem-access 0' command is executed.
00:31:45 INFO  : ----------------XSDB Script----------------
connect -url tcp:127.0.0.1:3121
source D:/vivado_proj/Embedded_Lab/lab_6/lab_6.sdk/design_1_wrapper_hw_platform_0/ps7_init.tcl
targets -set -nocase -filter {name =~"APU*" && jtag_cable_name =~ "Digilent Zybo 210279A42B16A"} -index 0
loadhw -hw D:/vivado_proj/Embedded_Lab/lab_6/lab_6.sdk/design_1_wrapper_hw_platform_0/system.hdf -mem-ranges [list {0x40000000 0xbfffffff}]
configparams force-mem-access 1
targets -set -nocase -filter {name =~"APU*" && jtag_cable_name =~ "Digilent Zybo 210279A42B16A"} -index 0
stop
ps7_init
ps7_post_config
targets -set -nocase -filter {name =~ "ARM*#0" && jtag_cable_name =~ "Digilent Zybo 210279A42B16A"} -index 0
rst -processor
targets -set -nocase -filter {name =~ "ARM*#0" && jtag_cable_name =~ "Digilent Zybo 210279A42B16A"} -index 0
dow D:/vivado_proj/Embedded_Lab/lab_6/lab_6.sdk/lab_6/Debug/lab_6.elf
configparams force-mem-access 0
----------------End of Script----------------

00:31:45 INFO  : Context for processor 'ps7_cortexa9_0' is selected.
00:31:45 INFO  : 'con' command is executed.
00:31:45 INFO  : ----------------XSDB Script (After Launch)----------------
targets -set -nocase -filter {name =~ "ARM*#0" && jtag_cable_name =~ "Digilent Zybo 210279A42B16A"} -index 0
con
----------------End of Script----------------

00:31:45 INFO  : Disconnected from the channel tcfchan#10.
