INFO-FLOW: Workspace C:/vivado_proj/lab_4/matrix_mult_prj/solution1 opened at Tue Feb 26 15:11:20 -0500 2019
Execute     set_part xc7z010clg400-1 
Execute       add_library xilinx/zynq/zynq:xc7z010:clg400:-1 
Execute         get_default_platform 
Execute         license_isbetapart xc7z010 
Command         license_isbetapart done; error code: 1; 
Execute         open_platform DefaultPlatform 
Execute         import_lib C:/Xilinx/Vivado/2018.3/common/technology/xilinx/zynq/zynq 
Execute           source C:/Xilinx/Vivado/2018.3/common/technology/xilinx/common/xilinx.lib 
Execute             source C:/Xilinx/Vivado/2018.3/common/technology/xilinx/interface/xilinx_interface.lib 
Execute               source C:/Xilinx/Vivado/2018.3/common/technology/xilinx/interface/plb46.lib 
Execute               source C:/Xilinx/Vivado/2018.3/common/technology/xilinx/interface/fsl.lib 
Execute               source C:/Xilinx/Vivado/2018.3/common/technology/xilinx/interface/axi4.lib 
Execute               source C:/Xilinx/Vivado/2018.3/common/technology/xilinx/interface/maxi.lib 
Execute               source C:/Xilinx/Vivado/2018.3/common/technology/xilinx/interface/saxilite.lib 
Execute             source C:/Xilinx/Vivado/2018.3/common/technology/xilinx/common/dsp48.lib 
Execute             source C:/Xilinx/Vivado/2018.3/common/technology/xilinx/ip/dds_compiler.lib 
Execute             source C:/Xilinx/Vivado/2018.3/common/technology/xilinx/ip/xfft.lib 
Execute             source C:/Xilinx/Vivado/2018.3/common/technology/xilinx/ip/xfir.lib 
Execute           source C:/Xilinx/Vivado/2018.3/common/technology/xilinx/common/xilinx_old.lib 
Execute           source C:/Xilinx/Vivado/2018.3/common/technology/xilinx/common/xilinx_vivado.lib 
Execute           source C:/Xilinx/Vivado/2018.3/common/technology/xilinx/common/xilinx.hlp 
Execute             source C:/Xilinx/Vivado/2018.3/common/technology/xilinx/common/target_info.tcl 
Execute             source C:/Xilinx/Vivado/2018.3/common/technology/xilinx/interface/xilinx_interface.hlp 
Execute               source C:/Xilinx/Vivado/2018.3/common/technology/xilinx/interface/maxi.hlp 
Execute               source C:/Xilinx/Vivado/2018.3/common/technology/xilinx/interface/saxilite.hlp 
Execute             source C:/Xilinx/Vivado/2018.3/common/technology/xilinx/common/dsp48.hlp 
Execute           source C:/Xilinx/Vivado/2018.3/common/technology/xilinx/zynq/dsp48e1.hlp 
Execute           get_default_platform 
Execute           config_chip_info -quiet -resource  {SLICE 13300}  {LUT 53200}     {FF 106400} {DSP48E 220}   {BRAM 280}  
Execute           config_chip_info -quiet -speed medium 
Execute           source C:/Xilinx/Vivado/2018.3/common/technology/xilinx/common/xilinx.hlp 
Execute             source C:/Xilinx/Vivado/2018.3/common/technology/xilinx/common/target_info.tcl 
Execute             source C:/Xilinx/Vivado/2018.3/common/technology/xilinx/interface/xilinx_interface.hlp 
Execute               source C:/Xilinx/Vivado/2018.3/common/technology/xilinx/interface/maxi.hlp 
Execute               source C:/Xilinx/Vivado/2018.3/common/technology/xilinx/interface/saxilite.hlp 
Execute             source C:/Xilinx/Vivado/2018.3/common/technology/xilinx/common/dsp48.hlp 
Execute         source C:/Xilinx/Vivado/2018.3/common/technology/xilinx/zynq/zynq.gen 
Execute           source C:/Xilinx/Vivado/2018.3/common/technology/xilinx/common/virtex.gen 
Execute             source C:/Xilinx/Vivado/2018.3/common/technology/xilinx/common/xilinx.gen 
Execute               source C:/Xilinx/Vivado/2018.3/common/technology/xilinx/interface/plb46.gen 
Execute               source C:/Xilinx/Vivado/2018.3/common/technology/xilinx/interface/fsl.gen 
Execute               source C:/Xilinx/Vivado/2018.3/common/technology/xilinx/interface/axi4.gen 
Execute               source C:/Xilinx/Vivado/2018.3/common/technology/xilinx/interface/nativeAXI4.gen 
Execute                 source C:/Xilinx/Vivado/2018.3/common/technology/xilinx/interface/saxilite.gen 
Execute                 source C:/Xilinx/Vivado/2018.3/common/technology/xilinx/interface/maxi.gen 
Execute               source C:/Xilinx/Vivado/2018.3/common/technology/xilinx/scripts/xilinxcoregen.gen 
Execute               source C:/Xilinx/Vivado/2018.3/common/technology/xilinx/interface/XilEDKCoreGen.gen 
Execute               source C:/Xilinx/Vivado/2018.3/common/technology/xilinx/ip/dds_compiler.gen 
Execute               source C:/Xilinx/Vivado/2018.3/common/technology/xilinx/ip/util.gen 
Execute               source C:/Xilinx/Vivado/2018.3/common/technology/xilinx/ip/xfft.gen 
Command               ap_source done; 0.193 sec.
Execute               source C:/Xilinx/Vivado/2018.3/common/technology/xilinx/ip/xfir.gen 
Command             ap_source done; 0.269 sec.
Execute             source C:/Xilinx/Vivado/2018.3/common/technology/xilinx/common/dsp48.gen 
Command           ap_source done; 0.275 sec.
Command         ap_source done; 0.276 sec.
Execute         get_default_platform 
Execute         config_chip_info -quiet -resource  {SLICE 4400}   {LUT 17600}     {FF 35200}  {DSP48E 80}    {BRAM 120}  
Execute         config_chip_info -quiet -speed slow 
Command       add_library done; 0.358 sec.
Execute       add_library xilinx/zynq/zynq_fpv6 
Execute         get_default_platform 
Execute         open_platform DefaultPlatform 
Execute         import_lib C:/Xilinx/Vivado/2018.3/common/technology/xilinx/zynq/zynq_fpv6 
Execute           source C:/Xilinx/Vivado/2018.3/common/technology/xilinx/common/xilinx_fpv7.lib 
Execute             source C:/Xilinx/Vivado/2018.3/common/technology/xilinx/common/xilinx_hp.lib 
Execute           source C:/Xilinx/Vivado/2018.3/common/technology/xilinx/common/xilinx_fpv.hlp 
Execute             source C:/Xilinx/Vivado/2018.3/common/technology/xilinx/common/xilinx.hlp 
Execute               source C:/Xilinx/Vivado/2018.3/common/technology/xilinx/common/target_info.tcl 
Execute               source C:/Xilinx/Vivado/2018.3/common/technology/xilinx/interface/xilinx_interface.hlp 
Execute                 source C:/Xilinx/Vivado/2018.3/common/technology/xilinx/interface/maxi.hlp 
Execute                 source C:/Xilinx/Vivado/2018.3/common/technology/xilinx/interface/saxilite.hlp 
Execute               source C:/Xilinx/Vivado/2018.3/common/technology/xilinx/common/dsp48.hlp 
Execute           source C:/Xilinx/Vivado/2018.3/common/technology/xilinx/zynq/zynq_hp.hlp 
Execute         source C:/Xilinx/Vivado/2018.3/common/technology/xilinx/zynq/zynq_fpv6.gen 
Execute           source C:/Xilinx/Vivado/2018.3/common/technology/xilinx/common/xilinx_fpv6.gen 
INFO: [HLS 200-10] Setting target device to 'xc7z010clg400-1'
Execute       get_default_platform 
Command     set_part done; 0.483 sec.
Execute     create_clock -period 5 
Execute       config_clock -quiet -name default -period 5 -default=false 
INFO: [SYN 201-201] Setting up clock 'default' with a period of 5ns.
Execute     csim_design 
INFO: [SIM 211-2] *************** CSIM start ***************
INFO: [SIM 211-4] CSIM will launch GCC as the compiler.
Execute       is_encrypted C:/vivado_proj/lab_4/matrix_mult_test.cpp 
Execute       is_xip C:/vivado_proj/lab_4/matrix_mult_test.cpp 
Execute       is_encrypted C:/vivado_proj/lab_4/matrix_mult.h 
Execute       is_xip C:/vivado_proj/lab_4/matrix_mult.h 
Execute       is_encrypted C:/vivado_proj/lab_4/matrix_mult.cpp 
Execute       is_xip C:/vivado_proj/lab_4/matrix_mult.cpp 
Execute       get_default_platform 
Execute       source run_sim.tcl 
Command       ap_source done; 3.247 sec.
INFO: [SIM 211-1] CSim done with 0 errors.
INFO: [SIM 211-3] *************** CSIM finish ***************
Command     csim_design done; 6.745 sec.
Execute     cleanup_all 
