#-----------------------------------------------------------
# Vivado v2018.3 (64-bit)
# SW Build 2405991 on Thu Dec  6 23:38:27 MST 2018
# IP Build 2404404 on Fri Dec  7 01:43:56 MST 2018
# Start of session at: Mon Apr 22 22:19:10 2019
# Process ID: 11652
# Current directory: D:/vivado_proj/Embedded_Lab/lab_9
# Command line: vivado.exe -gui_launcher_event rodinguilauncherevent21532 D:\vivado_proj\Embedded_Lab\lab_9\lab_9.xpr
# Log file: D:/vivado_proj/Embedded_Lab/lab_9/vivado.log
# Journal file: D:/vivado_proj/Embedded_Lab/lab_9\vivado.jou
#-----------------------------------------------------------
start_gui
open_project D:/vivado_proj/Embedded_Lab/lab_9/lab_9.xpr
INFO: [Project 1-313] Project file moved from 'C:/vivado_proj/Embedded_Lab/lab_9' since last save.
Scanning sources...
Finished scanning sources
WARNING: [filemgmt 56-2] IPUserFilesDir: Could not find the directory 'D:/vivado_proj/Embedded_Lab/lab_9/lab_9.ip_user_files', nor could it be found using path 'C:/vivado_proj/Embedded_Lab/lab_9/lab_9.ip_user_files'.
INFO: [IP_Flow 19-234] Refreshing IP repositories
INFO: [IP_Flow 19-1700] Loaded user IP repository 'd:/vivado_proj/Embedded_Lab/AD1Pmod_1.0'.
INFO: [IP_Flow 19-1700] Loaded user IP repository 'd:/vivado_proj/Embedded_Lab/DA2Pmod_1.0'.
WARNING: [IP_Flow 19-3685] Ignored loading user repository 'd:/vivado_proj/Embedded_Lab/AD1Pmod_1.0/xilinx.com_user_AD1Pmod_1.0'. The path is contained within another repository.
INFO: [IP_Flow 19-2313] Loaded Vivado IP repository 'D:/Xilinx/Vivado/2018.3/data/ip'.
CRITICAL WARNING: [IP_Flow 19-1663] Duplicate IP found for 'xilinx.com:user:AD1Pmod:1.0'. The one found in IP location 'd:/vivado_proj/Embedded_Lab/AD1Pmod_1.0' will take precedence over the same IP in location d:/vivado_proj/Embedded_Lab/AD1Pmod_1.0/xilinx.com_user_AD1Pmod_1.0
CRITICAL WARNING: [IP_Flow 19-1663] Duplicate IP found for 'xilinx.com:user:DA2Pmod:1.0'. The one found in IP location 'd:/vivado_proj/Embedded_Lab/DA2Pmod_1.0' will take precedence over the same IP in location d:/vivado_proj/Embedded_Lab/DA2Pmod_1.0/xilinx.com_user_DA2Pmod_1.0
open_project: Time (s): cpu = 00:00:14 ; elapsed = 00:00:14 . Memory (MB): peak = 831.879 ; gain = 228.637
update_compile_order -fileset sources_1
launch_sdk -workspace D:/vivado_proj/Embedded_Lab/lab_9/lab_9.sdk -hwspec D:/vivado_proj/Embedded_Lab/lab_9/lab_9.sdk/design_1_wrapper.hdf
INFO: [Vivado 12-393] Launching SDK...
INFO: [Vivado 12-417] Running xsdk -workspace D:/vivado_proj/Embedded_Lab/lab_9/lab_9.sdk -hwspec D:/vivado_proj/Embedded_Lab/lab_9/lab_9.sdk/design_1_wrapper.hdf
INFO: [Vivado 12-3157] SDK launch initiated. Please check console for any further messages.
