16:18:34 **** Auto Build of configuration Debug for project lab_2 ****
make pre-build main-build 
a9-linaro-pre-build-step
' '
'Building file: ../src/main.c'
'Invoking: ARM v7 gcc compiler'
arm-none-eabi-gcc -Wall -O0 -g3 -c -fmessage-length=0 -MT"src/main.o" -mcpu=cortex-a9 -mfpu=vfpv3 -mfloat-abi=hard -I../../lab_2_bsp/ps7_cortexa9_0/include -MMD -MP -MF"src/main.d" -MT"src/main.o" -o "src/main.o" "../src/main.c"
'Finished building: ../src/main.c'
' '
'Building target: lab_2.elf'
'Invoking: ARM v7 gcc linker'
arm-none-eabi-gcc -mcpu=cortex-a9 -mfpu=vfpv3 -mfloat-abi=hard -Wl,-build-id=none -specs=Xilinx.spec -Wl,-T -Wl,../src/lscript.ld -L../../lab_2_bsp/ps7_cortexa9_0/lib -o "lab_2.elf"  ./src/main.o   -Wl,--start-group,-lxil,-lgcc,-lc,--end-group
'Finished building target: lab_2.elf'
' '
'Invoking: ARM v7 Print Size'
arm-none-eabi-size lab_2.elf  |tee "lab_2.elf.size"
   text	   data	    bss	    dec	    hex	filename
  72772	   2612	  23392	  98776	  181d8	lab_2.elf
'Finished building: lab_2.elf.size'
' '

16:18:44 Build Finished (took 9s.762ms)

