
*** Running vivado
    with args -log design_1_DA2Pmod_0_0.vds -m64 -product Vivado -mode batch -messageDb vivado.pb -notrace -source design_1_DA2Pmod_0_0.tcl


****** Vivado v2018.3 (64-bit)
  **** SW Build 2405991 on Thu Dec  6 23:38:27 MST 2018
  **** IP Build 2404404 on Fri Dec  7 01:43:56 MST 2018
    ** Copyright 1986-2018 Xilinx, Inc. All Rights Reserved.

source design_1_DA2Pmod_0_0.tcl -notrace
INFO: [IP_Flow 19-234] Refreshing IP repositories
INFO: [IP_Flow 19-1700] Loaded user IP repository 'c:/vivado_proj/Embedded_Lab/AD1Pmod_1.0'.
INFO: [IP_Flow 19-1700] Loaded user IP repository 'c:/vivado_proj/Embedded_Lab/DA2Pmod_1.0'.
WARNING: [IP_Flow 19-3685] Ignored loading user repository 'c:/vivado_proj/Embedded_Lab/AD1Pmod_1.0/xilinx.com_user_AD1Pmod_1.0'. The path is contained within another repository.
INFO: [IP_Flow 19-2313] Loaded Vivado IP repository 'C:/Xilinx/Vivado/2018.3/data/ip'.
CRITICAL WARNING: [IP_Flow 19-1663] Duplicate IP found for 'xilinx.com:user:AD1Pmod:1.0'. The one found in IP location 'c:/vivado_proj/Embedded_Lab/AD1Pmod_1.0' will take precedence over the same IP in location c:/vivado_proj/Embedded_Lab/AD1Pmod_1.0/xilinx.com_user_AD1Pmod_1.0
CRITICAL WARNING: [IP_Flow 19-1663] Duplicate IP found for 'xilinx.com:user:DA2Pmod:1.0'. The one found in IP location 'c:/vivado_proj/Embedded_Lab/DA2Pmod_1.0' will take precedence over the same IP in location c:/vivado_proj/Embedded_Lab/DA2Pmod_1.0/xilinx.com_user_DA2Pmod_1.0
Command: synth_design -top design_1_DA2Pmod_0_0 -part xc7z010clg400-1 -mode out_of_context
Starting synth_design
Attempting to get a license for feature 'Synthesis' and/or device 'xc7z010'
INFO: [Common 17-349] Got license for feature 'Synthesis' and/or device 'xc7z010'
INFO: Launching helper process for spawning children vivado processes
INFO: Helper process launched with PID 25560 
---------------------------------------------------------------------------------
Starting RTL Elaboration : Time (s): cpu = 00:00:04 ; elapsed = 00:00:04 . Memory (MB): peak = 413.305 ; gain = 98.211
---------------------------------------------------------------------------------
INFO: [Synth 8-6157] synthesizing module 'design_1_DA2Pmod_0_0' [c:/vivado_proj/Embedded_Lab/lab_8_new/lab_8_new.srcs/sources_1/bd/design_1/ip/design_1_DA2Pmod_0_0/synth/design_1_DA2Pmod_0_0.v:57]
INFO: [Synth 8-6157] synthesizing module 'DA2Pmod_v1_0' [c:/vivado_proj/Embedded_Lab/lab_8_new/lab_8_new.srcs/sources_1/bd/design_1/ipshared/62bc/hdl/DA2Pmod_v1_0.v:9]
	Parameter C_S00_AXI_DATA_WIDTH bound to: 32 - type: integer 
	Parameter C_S00_AXI_ADDR_WIDTH bound to: 4 - type: integer 
INFO: [Synth 8-6157] synthesizing module 'DA2Pmod_v1_0_S00_AXI' [c:/vivado_proj/Embedded_Lab/lab_8_new/lab_8_new.srcs/sources_1/bd/design_1/ipshared/62bc/hdl/DA2Pmod_v1_0_S00_AXI.v:9]
	Parameter C_S_AXI_DATA_WIDTH bound to: 32 - type: integer 
	Parameter C_S_AXI_ADDR_WIDTH bound to: 4 - type: integer 
	Parameter ADDR_LSB bound to: 2 - type: integer 
	Parameter OPT_MEM_ADDR_BITS bound to: 1 - type: integer 
INFO: [Synth 8-226] default block is never used [c:/vivado_proj/Embedded_Lab/lab_8_new/lab_8_new.srcs/sources_1/bd/design_1/ipshared/62bc/hdl/DA2Pmod_v1_0_S00_AXI.v:240]
INFO: [Synth 8-226] default block is never used [c:/vivado_proj/Embedded_Lab/lab_8_new/lab_8_new.srcs/sources_1/bd/design_1/ipshared/62bc/hdl/DA2Pmod_v1_0_S00_AXI.v:381]
WARNING: [Synth 8-6014] Unused sequential element slv_reg1_reg was removed.  [c:/vivado_proj/Embedded_Lab/lab_8_new/lab_8_new.srcs/sources_1/bd/design_1/ipshared/62bc/hdl/DA2Pmod_v1_0_S00_AXI.v:233]
WARNING: [Synth 8-3936] Found unconnected internal register 'DA2Areg_reg' and it is trimmed from '32' to '12' bits. [c:/vivado_proj/Embedded_Lab/lab_8_new/lab_8_new.srcs/sources_1/bd/design_1/ipshared/62bc/hdl/DA2Pmod_v1_0_S00_AXI.v:431]
WARNING: [Synth 8-3936] Found unconnected internal register 'DA2Breg_reg' and it is trimmed from '32' to '12' bits. [c:/vivado_proj/Embedded_Lab/lab_8_new/lab_8_new.srcs/sources_1/bd/design_1/ipshared/62bc/hdl/DA2Pmod_v1_0_S00_AXI.v:432]
INFO: [Synth 8-6155] done synthesizing module 'DA2Pmod_v1_0_S00_AXI' (1#1) [c:/vivado_proj/Embedded_Lab/lab_8_new/lab_8_new.srcs/sources_1/bd/design_1/ipshared/62bc/hdl/DA2Pmod_v1_0_S00_AXI.v:9]
INFO: [Synth 8-6155] done synthesizing module 'DA2Pmod_v1_0' (2#1) [c:/vivado_proj/Embedded_Lab/lab_8_new/lab_8_new.srcs/sources_1/bd/design_1/ipshared/62bc/hdl/DA2Pmod_v1_0.v:9]
INFO: [Synth 8-6155] done synthesizing module 'design_1_DA2Pmod_0_0' (3#1) [c:/vivado_proj/Embedded_Lab/lab_8_new/lab_8_new.srcs/sources_1/bd/design_1/ip/design_1_DA2Pmod_0_0/synth/design_1_DA2Pmod_0_0.v:57]
WARNING: [Synth 8-3331] design DA2Pmod_v1_0_S00_AXI has unconnected port S_AXI_AWPROT[2]
WARNING: [Synth 8-3331] design DA2Pmod_v1_0_S00_AXI has unconnected port S_AXI_AWPROT[1]
WARNING: [Synth 8-3331] design DA2Pmod_v1_0_S00_AXI has unconnected port S_AXI_AWPROT[0]
WARNING: [Synth 8-3331] design DA2Pmod_v1_0_S00_AXI has unconnected port S_AXI_ARPROT[2]
WARNING: [Synth 8-3331] design DA2Pmod_v1_0_S00_AXI has unconnected port S_AXI_ARPROT[1]
WARNING: [Synth 8-3331] design DA2Pmod_v1_0_S00_AXI has unconnected port S_AXI_ARPROT[0]
---------------------------------------------------------------------------------
Finished RTL Elaboration : Time (s): cpu = 00:00:05 ; elapsed = 00:00:05 . Memory (MB): peak = 469.598 ; gain = 154.504
---------------------------------------------------------------------------------

Report Check Netlist: 
+------+------------------+-------+---------+-------+------------------+
|      |Item              |Errors |Warnings |Status |Description       |
+------+------------------+-------+---------+-------+------------------+
|1     |multi_driven_nets |      0|        0|Passed |Multi driven nets |
+------+------------------+-------+---------+-------+------------------+
---------------------------------------------------------------------------------
Start Handling Custom Attributes
---------------------------------------------------------------------------------
---------------------------------------------------------------------------------
Finished Handling Custom Attributes : Time (s): cpu = 00:00:05 ; elapsed = 00:00:05 . Memory (MB): peak = 469.598 ; gain = 154.504
---------------------------------------------------------------------------------
---------------------------------------------------------------------------------
Finished RTL Optimization Phase 1 : Time (s): cpu = 00:00:05 ; elapsed = 00:00:05 . Memory (MB): peak = 469.598 ; gain = 154.504
---------------------------------------------------------------------------------
INFO: [Device 21-403] Loading part xc7z010clg400-1
INFO: [Project 1-570] Preparing netlist for logic optimization

Processing XDC Constraints
Initializing timing engine
Completed Processing XDC Constraints

Netlist sorting complete. Time (s): cpu = 00:00:00 ; elapsed = 00:00:00 . Memory (MB): peak = 788.207 ; gain = 0.000
INFO: [Project 1-111] Unisim Transformation Summary:
No Unisim elements were transformed.

Netlist sorting complete. Time (s): cpu = 00:00:00 ; elapsed = 00:00:00 . Memory (MB): peak = 788.207 ; gain = 0.000
WARNING: [Constraints 18-5210] No constraints selected for write.
Resolution: This message can indicate that there are no constraints for the design, or it can indicate that the used_in flags are set such that the constraints are ignored. This later case is used when running synth_design to not write synthesis constraints to the resulting checkpoint. Instead, project constraints are read when the synthesized design is opened.
Constraint Validation Runtime : Time (s): cpu = 00:00:00 ; elapsed = 00:00:00.083 . Memory (MB): peak = 790.484 ; gain = 2.277
---------------------------------------------------------------------------------
Finished Constraint Validation : Time (s): cpu = 00:00:15 ; elapsed = 00:00:15 . Memory (MB): peak = 790.484 ; gain = 475.391
---------------------------------------------------------------------------------
---------------------------------------------------------------------------------
Start Loading Part and Timing Information
---------------------------------------------------------------------------------
Loading part: xc7z010clg400-1
---------------------------------------------------------------------------------
Finished Loading Part and Timing Information : Time (s): cpu = 00:00:15 ; elapsed = 00:00:15 . Memory (MB): peak = 790.484 ; gain = 475.391
---------------------------------------------------------------------------------
---------------------------------------------------------------------------------
Start Applying 'set_property' XDC Constraints
---------------------------------------------------------------------------------
---------------------------------------------------------------------------------
Finished applying 'set_property' XDC Constraints : Time (s): cpu = 00:00:15 ; elapsed = 00:00:15 . Memory (MB): peak = 790.484 ; gain = 475.391
---------------------------------------------------------------------------------
WARNING: [Synth 8-327] inferring latch for variable 'reg_data_out_reg' [c:/vivado_proj/Embedded_Lab/lab_8_new/lab_8_new.srcs/sources_1/bd/design_1/ipshared/62bc/hdl/DA2Pmod_v1_0_S00_AXI.v:382]
---------------------------------------------------------------------------------
Finished RTL Optimization Phase 2 : Time (s): cpu = 00:00:15 ; elapsed = 00:00:16 . Memory (MB): peak = 790.484 ; gain = 475.391
---------------------------------------------------------------------------------

Report RTL Partitions: 
+-+--------------+------------+----------+
| |RTL Partition |Replication |Instances |
+-+--------------+------------+----------+
+-+--------------+------------+----------+
---------------------------------------------------------------------------------
Start RTL Component Statistics 
---------------------------------------------------------------------------------
Detailed RTL Component Info : 
+---Registers : 
	               32 Bit    Registers := 4     
	               12 Bit    Registers := 2     
	                6 Bit    Registers := 1     
	                4 Bit    Registers := 2     
	                2 Bit    Registers := 2     
	                1 Bit    Registers := 12    
+---Muxes : 
	   2 Input     32 Bit        Muxes := 3     
	   4 Input     32 Bit        Muxes := 5     
	   2 Input      6 Bit        Muxes := 2     
	   2 Input      1 Bit        Muxes := 5     
	  37 Input      1 Bit        Muxes := 1     
	  36 Input      1 Bit        Muxes := 3     
---------------------------------------------------------------------------------
Finished RTL Component Statistics 
---------------------------------------------------------------------------------
---------------------------------------------------------------------------------
Start RTL Hierarchical Component Statistics 
---------------------------------------------------------------------------------
Hierarchical RTL Component report 
Module DA2Pmod_v1_0_S00_AXI 
Detailed RTL Component Info : 
+---Registers : 
	               32 Bit    Registers := 4     
	               12 Bit    Registers := 2     
	                6 Bit    Registers := 1     
	                4 Bit    Registers := 2     
	                2 Bit    Registers := 2     
	                1 Bit    Registers := 12    
+---Muxes : 
	   2 Input     32 Bit        Muxes := 3     
	   4 Input     32 Bit        Muxes := 5     
	   2 Input      6 Bit        Muxes := 2     
	   2 Input      1 Bit        Muxes := 5     
	  37 Input      1 Bit        Muxes := 1     
	  36 Input      1 Bit        Muxes := 3     
---------------------------------------------------------------------------------
Finished RTL Hierarchical Component Statistics
---------------------------------------------------------------------------------
---------------------------------------------------------------------------------
Start Part Resource Summary
---------------------------------------------------------------------------------
Part Resources:
DSPs: 80 (col length:40)
BRAMs: 120 (col length: RAMB18 40 RAMB36 20)
---------------------------------------------------------------------------------
Finished Part Resource Summary
---------------------------------------------------------------------------------
---------------------------------------------------------------------------------
Start Cross Boundary and Area Optimization
---------------------------------------------------------------------------------
Warning: Parallel synthesis criteria is not met 
WARNING: [Synth 8-3331] design design_1_DA2Pmod_0_0 has unconnected port s00_axi_awprot[2]
WARNING: [Synth 8-3331] design design_1_DA2Pmod_0_0 has unconnected port s00_axi_awprot[1]
WARNING: [Synth 8-3331] design design_1_DA2Pmod_0_0 has unconnected port s00_axi_awprot[0]
WARNING: [Synth 8-3331] design design_1_DA2Pmod_0_0 has unconnected port s00_axi_arprot[2]
WARNING: [Synth 8-3331] design design_1_DA2Pmod_0_0 has unconnected port s00_axi_arprot[1]
WARNING: [Synth 8-3331] design design_1_DA2Pmod_0_0 has unconnected port s00_axi_arprot[0]
INFO: [Synth 8-3886] merging instance 'inst/DA2Pmod_v1_0_S00_AXI_inst/axi_rresp_reg[0]' (FDRE) to 'inst/DA2Pmod_v1_0_S00_AXI_inst/axi_rresp_reg[1]'
INFO: [Synth 8-3333] propagating constant 0 across sequential element (\inst/DA2Pmod_v1_0_S00_AXI_inst/axi_rresp_reg[1] )
INFO: [Synth 8-3886] merging instance 'inst/DA2Pmod_v1_0_S00_AXI_inst/axi_bresp_reg[0]' (FDRE) to 'inst/DA2Pmod_v1_0_S00_AXI_inst/axi_bresp_reg[1]'
INFO: [Synth 8-3333] propagating constant 0 across sequential element (\inst/DA2Pmod_v1_0_S00_AXI_inst/axi_bresp_reg[1] )
---------------------------------------------------------------------------------
Finished Cross Boundary and Area Optimization : Time (s): cpu = 00:00:16 ; elapsed = 00:00:17 . Memory (MB): peak = 790.484 ; gain = 475.391
---------------------------------------------------------------------------------
---------------------------------------------------------------------------------
Start ROM, RAM, DSP and Shift Register Reporting
---------------------------------------------------------------------------------

ROM:
+---------------------+-----------------------------------------+---------------+----------------+
|Module Name          | RTL Object                              | Depth x Width | Implemented As | 
+---------------------+-----------------------------------------+---------------+----------------+
|DA2Pmod_v1_0_S00_AXI | dacstate                                | 64x6          | LUT            | 
|DA2Pmod_v1_0_S00_AXI | DA2dt1                                  | 64x1          | LUT            | 
|DA2Pmod_v1_0_S00_AXI | DA2sck                                  | 64x1          | LUT            | 
|design_1_DA2Pmod_0_0 | inst/DA2Pmod_v1_0_S00_AXI_inst/dacstate | 64x6          | LUT            | 
|design_1_DA2Pmod_0_0 | inst/DA2Pmod_v1_0_S00_AXI_inst/DA2dt1   | 64x1          | LUT            | 
|design_1_DA2Pmod_0_0 | inst/DA2Pmod_v1_0_S00_AXI_inst/DA2sck   | 64x1          | LUT            | 
+---------------------+-----------------------------------------+---------------+----------------+

---------------------------------------------------------------------------------
Finished ROM, RAM, DSP and Shift Register Reporting
---------------------------------------------------------------------------------

Report RTL Partitions: 
+-+--------------+------------+----------+
| |RTL Partition |Replication |Instances |
+-+--------------+------------+----------+
+-+--------------+------------+----------+
---------------------------------------------------------------------------------
Start Applying XDC Timing Constraints
---------------------------------------------------------------------------------
---------------------------------------------------------------------------------
Finished Applying XDC Timing Constraints : Time (s): cpu = 00:00:29 ; elapsed = 00:00:30 . Memory (MB): peak = 796.102 ; gain = 481.008
---------------------------------------------------------------------------------
---------------------------------------------------------------------------------
Start Timing Optimization
---------------------------------------------------------------------------------
---------------------------------------------------------------------------------
Finished Timing Optimization : Time (s): cpu = 00:00:29 ; elapsed = 00:00:30 . Memory (MB): peak = 796.324 ; gain = 481.230
---------------------------------------------------------------------------------

Report RTL Partitions: 
+-+--------------+------------+----------+
| |RTL Partition |Replication |Instances |
+-+--------------+------------+----------+
+-+--------------+------------+----------+
---------------------------------------------------------------------------------
Start Technology Mapping
---------------------------------------------------------------------------------
---------------------------------------------------------------------------------
Finished Technology Mapping : Time (s): cpu = 00:00:29 ; elapsed = 00:00:30 . Memory (MB): peak = 806.203 ; gain = 491.109
---------------------------------------------------------------------------------

Report RTL Partitions: 
+-+--------------+------------+----------+
| |RTL Partition |Replication |Instances |
+-+--------------+------------+----------+
+-+--------------+------------+----------+
---------------------------------------------------------------------------------
Start IO Insertion
---------------------------------------------------------------------------------
---------------------------------------------------------------------------------
Start Flattening Before IO Insertion
---------------------------------------------------------------------------------
---------------------------------------------------------------------------------
Finished Flattening Before IO Insertion
---------------------------------------------------------------------------------
---------------------------------------------------------------------------------
Start Final Netlist Cleanup
---------------------------------------------------------------------------------
---------------------------------------------------------------------------------
Finished Final Netlist Cleanup
---------------------------------------------------------------------------------
---------------------------------------------------------------------------------
Finished IO Insertion : Time (s): cpu = 00:00:30 ; elapsed = 00:00:32 . Memory (MB): peak = 806.203 ; gain = 491.109
---------------------------------------------------------------------------------

Report Check Netlist: 
+------+------------------+-------+---------+-------+------------------+
|      |Item              |Errors |Warnings |Status |Description       |
+------+------------------+-------+---------+-------+------------------+
|1     |multi_driven_nets |      0|        0|Passed |Multi driven nets |
+------+------------------+-------+---------+-------+------------------+
---------------------------------------------------------------------------------
Start Renaming Generated Instances
---------------------------------------------------------------------------------
---------------------------------------------------------------------------------
Finished Renaming Generated Instances : Time (s): cpu = 00:00:31 ; elapsed = 00:00:32 . Memory (MB): peak = 806.203 ; gain = 491.109
---------------------------------------------------------------------------------

Report RTL Partitions: 
+-+--------------+------------+----------+
| |RTL Partition |Replication |Instances |
+-+--------------+------------+----------+
+-+--------------+------------+----------+
---------------------------------------------------------------------------------
Start Rebuilding User Hierarchy
---------------------------------------------------------------------------------
---------------------------------------------------------------------------------
Finished Rebuilding User Hierarchy : Time (s): cpu = 00:00:31 ; elapsed = 00:00:32 . Memory (MB): peak = 806.203 ; gain = 491.109
---------------------------------------------------------------------------------
---------------------------------------------------------------------------------
Start Renaming Generated Ports
---------------------------------------------------------------------------------
---------------------------------------------------------------------------------
Finished Renaming Generated Ports : Time (s): cpu = 00:00:31 ; elapsed = 00:00:32 . Memory (MB): peak = 806.203 ; gain = 491.109
---------------------------------------------------------------------------------
---------------------------------------------------------------------------------
Start Handling Custom Attributes
---------------------------------------------------------------------------------
---------------------------------------------------------------------------------
Finished Handling Custom Attributes : Time (s): cpu = 00:00:31 ; elapsed = 00:00:32 . Memory (MB): peak = 806.203 ; gain = 491.109
---------------------------------------------------------------------------------
---------------------------------------------------------------------------------
Start Renaming Generated Nets
---------------------------------------------------------------------------------
---------------------------------------------------------------------------------
Finished Renaming Generated Nets : Time (s): cpu = 00:00:31 ; elapsed = 00:00:32 . Memory (MB): peak = 806.203 ; gain = 491.109
---------------------------------------------------------------------------------
---------------------------------------------------------------------------------
Start Writing Synthesis Report
---------------------------------------------------------------------------------

Report BlackBoxes: 
+-+--------------+----------+
| |BlackBox name |Instances |
+-+--------------+----------+
+-+--------------+----------+

Report Cell Usage: 
+------+-----+------+
|      |Cell |Count |
+------+-----+------+
|1     |LUT1 |     1|
|2     |LUT2 |     8|
|3     |LUT3 |     1|
|4     |LUT4 |    25|
|5     |LUT5 |    34|
|6     |LUT6 |    23|
|7     |FDRE |   173|
|8     |FDSE |     1|
|9     |LD   |    31|
+------+-----+------+

Report Instance Areas: 
+------+------------------------------+---------------------+------+
|      |Instance                      |Module               |Cells |
+------+------------------------------+---------------------+------+
|1     |top                           |                     |   297|
|2     |  inst                        |DA2Pmod_v1_0         |   297|
|3     |    DA2Pmod_v1_0_S00_AXI_inst |DA2Pmod_v1_0_S00_AXI |   297|
+------+------------------------------+---------------------+------+
---------------------------------------------------------------------------------
Finished Writing Synthesis Report : Time (s): cpu = 00:00:31 ; elapsed = 00:00:32 . Memory (MB): peak = 806.203 ; gain = 491.109
---------------------------------------------------------------------------------
Synthesis finished with 0 errors, 0 critical warnings and 7 warnings.
Synthesis Optimization Runtime : Time (s): cpu = 00:00:20 ; elapsed = 00:00:25 . Memory (MB): peak = 806.203 ; gain = 170.223
Synthesis Optimization Complete : Time (s): cpu = 00:00:31 ; elapsed = 00:00:32 . Memory (MB): peak = 806.203 ; gain = 491.109
INFO: [Project 1-571] Translating synthesized netlist
INFO: [Netlist 29-17] Analyzing 31 Unisim elements for replacement
INFO: [Netlist 29-28] Unisim Transformation completed in 0 CPU seconds
INFO: [Project 1-570] Preparing netlist for logic optimization
INFO: [Opt 31-138] Pushed 0 inverter(s) to 0 load pin(s).
Netlist sorting complete. Time (s): cpu = 00:00:00 ; elapsed = 00:00:00.001 . Memory (MB): peak = 814.684 ; gain = 0.000
INFO: [Project 1-111] Unisim Transformation Summary:
  A total of 31 instances were transformed.
  LD => LDCE: 31 instances

INFO: [Common 17-83] Releasing license: Synthesis
27 Infos, 18 Warnings, 2 Critical Warnings and 0 Errors encountered.
synth_design completed successfully
synth_design: Time (s): cpu = 00:00:32 ; elapsed = 00:00:35 . Memory (MB): peak = 814.738 ; gain = 508.992
Netlist sorting complete. Time (s): cpu = 00:00:00 ; elapsed = 00:00:00 . Memory (MB): peak = 814.738 ; gain = 0.000
WARNING: [Constraints 18-5210] No constraints selected for write.
Resolution: This message can indicate that there are no constraints for the design, or it can indicate that the used_in flags are set such that the constraints are ignored. This later case is used when running synth_design to not write synthesis constraints to the resulting checkpoint. Instead, project constraints are read when the synthesized design is opened.
INFO: [Common 17-1381] The checkpoint 'C:/vivado_proj/Embedded_Lab/lab_8_new/lab_8_new.runs/design_1_DA2Pmod_0_0_synth_1/design_1_DA2Pmod_0_0.dcp' has been generated.
INFO: [Coretcl 2-1648] Added synthesis output to IP cache for IP design_1_DA2Pmod_0_0, cache-ID = 37f132b5551870cd
INFO: [Coretcl 2-1174] Renamed 2 cell refs.
Netlist sorting complete. Time (s): cpu = 00:00:00 ; elapsed = 00:00:00 . Memory (MB): peak = 814.738 ; gain = 0.000
WARNING: [Constraints 18-5210] No constraints selected for write.
Resolution: This message can indicate that there are no constraints for the design, or it can indicate that the used_in flags are set such that the constraints are ignored. This later case is used when running synth_design to not write synthesis constraints to the resulting checkpoint. Instead, project constraints are read when the synthesized design is opened.
INFO: [Common 17-1381] The checkpoint 'C:/vivado_proj/Embedded_Lab/lab_8_new/lab_8_new.runs/design_1_DA2Pmod_0_0_synth_1/design_1_DA2Pmod_0_0.dcp' has been generated.
INFO: [runtcl-4] Executing : report_utilization -file design_1_DA2Pmod_0_0_utilization_synth.rpt -pb design_1_DA2Pmod_0_0_utilization_synth.pb
INFO: [Common 17-206] Exiting Vivado at Tue Apr  9 19:15:56 2019...
