21:12:12 INFO  : Registering command handlers for SDK TCF services
21:12:13 INFO  : Launching XSCT server: xsct.bat -interactive C:\vivado_proj\Embedded_Lab\lab_8_new\lab_8_new.sdk\temp_xsdb_launch_script.tcl
21:12:17 INFO  : XSCT server has started successfully.
21:12:18 INFO  : Successfully done setting XSCT server connection channel  
21:12:18 INFO  : Successfully done setting SDK workspace  
21:12:18 INFO  : Processing command line option -hwspec C:/vivado_proj/Embedded_Lab/lab_8_new/lab_8_new.sdk/design_1_wrapper.hdf.
21:16:32 INFO  : Connected to target on host '127.0.0.1' and port '3121'.
21:16:34 ERROR : 'targets -set -filter {jtag_cable_name =~ "Digilent Zybo 210279A6A507A" && level==0} -index 1' is cancelled.
21:16:34 INFO  : Issued abort command to xsdb.
21:16:43 INFO  : Connected to target on host '127.0.0.1' and port '3121'.
21:17:09 INFO  : Connected to target on host '127.0.0.1' and port '3121'.
21:18:14 INFO  : Connected to target on host '127.0.0.1' and port '3121'.
21:19:25 INFO  : Connected to target on host '127.0.0.1' and port '3121'.
21:19:54 INFO  : Connected to target on host '127.0.0.1' and port '3121'.
21:20:49 INFO  : Connected to target on host '127.0.0.1' and port '3121'.
21:20:49 INFO  : 'targets -set -filter {jtag_cable_name =~ "Digilent Zybo 210279A6A507A" && level==0} -index 1' command is executed.
21:20:50 INFO  : FPGA configured successfully with bitstream "C:/vivado_proj/Embedded_Lab/lab_8_new/lab_8_new.sdk/design_1_wrapper_hw_platform_0/design_1_wrapper.bit"
21:21:00 INFO  : 'targets -set -filter {jtag_cable_name =~ "Digilent Zybo 210279A6A507A" && level==0} -index 1' command is executed.
21:21:00 INFO  : 'fpga -state' command is executed.
21:21:00 INFO  : Connected to target on host '127.0.0.1' and port '3121'.
21:21:00 INFO  : Jtag cable 'Digilent Zybo 210279A6A507A' is selected.
21:21:00 INFO  : 'jtag frequency' command is executed.
21:21:00 INFO  : Sourcing of 'C:/vivado_proj/Embedded_Lab/lab_8_new/lab_8_new.sdk/design_1_wrapper_hw_platform_0/ps7_init.tcl' is done.
21:21:00 INFO  : Context for 'APU' is selected.
21:21:00 INFO  : Hardware design information is loaded from 'C:/vivado_proj/Embedded_Lab/lab_8_new/lab_8_new.sdk/design_1_wrapper_hw_platform_0/system.hdf'.
21:21:00 INFO  : 'configparams force-mem-access 1' command is executed.
21:21:00 INFO  : Context for 'APU' is selected.
21:21:00 INFO  : 'stop' command is executed.
21:21:01 INFO  : 'ps7_init' command is executed.
21:21:01 INFO  : 'ps7_post_config' command is executed.
21:21:01 INFO  : Context for processor 'ps7_cortexa9_0' is selected.
21:21:01 INFO  : Processor reset is completed for 'ps7_cortexa9_0'.
21:21:01 INFO  : Context for processor 'ps7_cortexa9_0' is selected.
21:21:02 INFO  : The application 'C:/vivado_proj/Embedded_Lab/lab_8_new/lab_8_new.sdk/lab_8_freertos/Debug/lab_8_freertos.elf' is downloaded to processor 'ps7_cortexa9_0'.
21:21:02 INFO  : 'configparams force-mem-access 0' command is executed.
21:21:02 INFO  : ----------------XSDB Script----------------
connect -url tcp:127.0.0.1:3121
source C:/vivado_proj/Embedded_Lab/lab_8_new/lab_8_new.sdk/design_1_wrapper_hw_platform_0/ps7_init.tcl
targets -set -nocase -filter {name =~"APU*" && jtag_cable_name =~ "Digilent Zybo 210279A6A507A"} -index 0
loadhw -hw C:/vivado_proj/Embedded_Lab/lab_8_new/lab_8_new.sdk/design_1_wrapper_hw_platform_0/system.hdf -mem-ranges [list {0x40000000 0xbfffffff}]
configparams force-mem-access 1
targets -set -nocase -filter {name =~"APU*" && jtag_cable_name =~ "Digilent Zybo 210279A6A507A"} -index 0
stop
ps7_init
ps7_post_config
targets -set -nocase -filter {name =~ "ARM*#0" && jtag_cable_name =~ "Digilent Zybo 210279A6A507A"} -index 0
rst -processor
targets -set -nocase -filter {name =~ "ARM*#0" && jtag_cable_name =~ "Digilent Zybo 210279A6A507A"} -index 0
dow C:/vivado_proj/Embedded_Lab/lab_8_new/lab_8_new.sdk/lab_8_freertos/Debug/lab_8_freertos.elf
configparams force-mem-access 0
----------------End of Script----------------

21:21:02 INFO  : Context for processor 'ps7_cortexa9_0' is selected.
21:21:02 INFO  : 'con' command is executed.
21:21:02 INFO  : ----------------XSDB Script (After Launch)----------------
targets -set -nocase -filter {name =~ "ARM*#0" && jtag_cable_name =~ "Digilent Zybo 210279A6A507A"} -index 0
con
----------------End of Script----------------

21:21:02 INFO  : Disconnected from the channel tcfchan#1.
21:23:53 INFO  : Connected to target on host '127.0.0.1' and port '3121'.
21:23:55 INFO  : 'targets -set -filter {jtag_cable_name =~ "Digilent Zybo 210279A6A507A" && level==0} -index 1' command is executed.
21:23:56 INFO  : FPGA configured successfully with bitstream "C:/vivado_proj/Embedded_Lab/lab_8_new/lab_8_new.sdk/design_1_wrapper_hw_platform_0/design_1_wrapper.bit"
21:24:04 INFO  : 'targets -set -filter {jtag_cable_name =~ "Digilent Zybo 210279A6A507A" && level==0} -index 1' command is executed.
21:24:04 INFO  : 'fpga -state' command is executed.
21:24:04 INFO  : Connected to target on host '127.0.0.1' and port '3121'.
21:24:04 INFO  : Jtag cable 'Digilent Zybo 210279A6A507A' is selected.
21:24:04 INFO  : 'jtag frequency' command is executed.
21:24:04 INFO  : Sourcing of 'C:/vivado_proj/Embedded_Lab/lab_8_new/lab_8_new.sdk/design_1_wrapper_hw_platform_0/ps7_init.tcl' is done.
21:24:04 INFO  : Context for 'APU' is selected.
21:24:04 INFO  : Hardware design information is loaded from 'C:/vivado_proj/Embedded_Lab/lab_8_new/lab_8_new.sdk/design_1_wrapper_hw_platform_0/system.hdf'.
21:24:04 INFO  : 'configparams force-mem-access 1' command is executed.
21:24:05 INFO  : Context for 'APU' is selected.
21:24:05 INFO  : 'stop' command is executed.
21:24:05 INFO  : 'ps7_init' command is executed.
21:24:05 INFO  : 'ps7_post_config' command is executed.
21:24:05 INFO  : Context for processor 'ps7_cortexa9_0' is selected.
21:24:05 INFO  : Processor reset is completed for 'ps7_cortexa9_0'.
21:24:05 INFO  : Context for processor 'ps7_cortexa9_0' is selected.
21:24:06 INFO  : The application 'C:/vivado_proj/Embedded_Lab/lab_8_new/lab_8_new.sdk/lab_8_freertos/Debug/lab_8_freertos.elf' is downloaded to processor 'ps7_cortexa9_0'.
21:24:06 INFO  : 'configparams force-mem-access 0' command is executed.
21:24:06 INFO  : ----------------XSDB Script----------------
connect -url tcp:127.0.0.1:3121
source C:/vivado_proj/Embedded_Lab/lab_8_new/lab_8_new.sdk/design_1_wrapper_hw_platform_0/ps7_init.tcl
targets -set -nocase -filter {name =~"APU*" && jtag_cable_name =~ "Digilent Zybo 210279A6A507A"} -index 0
loadhw -hw C:/vivado_proj/Embedded_Lab/lab_8_new/lab_8_new.sdk/design_1_wrapper_hw_platform_0/system.hdf -mem-ranges [list {0x40000000 0xbfffffff}]
configparams force-mem-access 1
targets -set -nocase -filter {name =~"APU*" && jtag_cable_name =~ "Digilent Zybo 210279A6A507A"} -index 0
stop
ps7_init
ps7_post_config
targets -set -nocase -filter {name =~ "ARM*#0" && jtag_cable_name =~ "Digilent Zybo 210279A6A507A"} -index 0
rst -processor
targets -set -nocase -filter {name =~ "ARM*#0" && jtag_cable_name =~ "Digilent Zybo 210279A6A507A"} -index 0
dow C:/vivado_proj/Embedded_Lab/lab_8_new/lab_8_new.sdk/lab_8_freertos/Debug/lab_8_freertos.elf
configparams force-mem-access 0
----------------End of Script----------------

21:24:06 INFO  : Context for processor 'ps7_cortexa9_0' is selected.
21:24:06 INFO  : 'con' command is executed.
21:24:06 INFO  : ----------------XSDB Script (After Launch)----------------
targets -set -nocase -filter {name =~ "ARM*#0" && jtag_cable_name =~ "Digilent Zybo 210279A6A507A"} -index 0
con
----------------End of Script----------------

21:24:06 INFO  : Disconnected from the channel tcfchan#2.
21:30:37 INFO  : Connected to target on host '127.0.0.1' and port '3121'.
21:30:39 INFO  : 'targets -set -filter {jtag_cable_name =~ "Digilent Zybo 210279A6A507A" && level==0} -index 1' command is executed.
21:30:40 INFO  : FPGA configured successfully with bitstream "C:/vivado_proj/Embedded_Lab/lab_8_new/lab_8_new.sdk/design_1_wrapper_hw_platform_0/design_1_wrapper.bit"
21:30:47 INFO  : 'targets -set -filter {jtag_cable_name =~ "Digilent Zybo 210279A6A507A" && level==0} -index 1' command is executed.
21:30:47 INFO  : 'fpga -state' command is executed.
21:30:47 INFO  : Connected to target on host '127.0.0.1' and port '3121'.
21:30:47 INFO  : Jtag cable 'Digilent Zybo 210279A6A507A' is selected.
21:30:47 INFO  : 'jtag frequency' command is executed.
21:30:47 INFO  : Sourcing of 'C:/vivado_proj/Embedded_Lab/lab_8_new/lab_8_new.sdk/design_1_wrapper_hw_platform_0/ps7_init.tcl' is done.
21:30:48 INFO  : Context for 'APU' is selected.
21:30:48 INFO  : Hardware design information is loaded from 'C:/vivado_proj/Embedded_Lab/lab_8_new/lab_8_new.sdk/design_1_wrapper_hw_platform_0/system.hdf'.
21:30:48 INFO  : 'configparams force-mem-access 1' command is executed.
21:30:48 INFO  : Context for 'APU' is selected.
21:30:48 INFO  : 'stop' command is executed.
21:30:49 INFO  : 'ps7_init' command is executed.
21:30:49 INFO  : 'ps7_post_config' command is executed.
21:30:49 INFO  : Context for processor 'ps7_cortexa9_0' is selected.
21:30:49 INFO  : Processor reset is completed for 'ps7_cortexa9_0'.
21:30:49 INFO  : Context for processor 'ps7_cortexa9_0' is selected.
21:30:50 INFO  : The application 'C:/vivado_proj/Embedded_Lab/lab_8_new/lab_8_new.sdk/lab_8_freertos/Debug/lab_8_freertos.elf' is downloaded to processor 'ps7_cortexa9_0'.
21:30:50 INFO  : 'configparams force-mem-access 0' command is executed.
21:30:50 INFO  : ----------------XSDB Script----------------
connect -url tcp:127.0.0.1:3121
source C:/vivado_proj/Embedded_Lab/lab_8_new/lab_8_new.sdk/design_1_wrapper_hw_platform_0/ps7_init.tcl
targets -set -nocase -filter {name =~"APU*" && jtag_cable_name =~ "Digilent Zybo 210279A6A507A"} -index 0
loadhw -hw C:/vivado_proj/Embedded_Lab/lab_8_new/lab_8_new.sdk/design_1_wrapper_hw_platform_0/system.hdf -mem-ranges [list {0x40000000 0xbfffffff}]
configparams force-mem-access 1
targets -set -nocase -filter {name =~"APU*" && jtag_cable_name =~ "Digilent Zybo 210279A6A507A"} -index 0
stop
ps7_init
ps7_post_config
targets -set -nocase -filter {name =~ "ARM*#0" && jtag_cable_name =~ "Digilent Zybo 210279A6A507A"} -index 0
rst -processor
targets -set -nocase -filter {name =~ "ARM*#0" && jtag_cable_name =~ "Digilent Zybo 210279A6A507A"} -index 0
dow C:/vivado_proj/Embedded_Lab/lab_8_new/lab_8_new.sdk/lab_8_freertos/Debug/lab_8_freertos.elf
configparams force-mem-access 0
----------------End of Script----------------

21:30:50 INFO  : Context for processor 'ps7_cortexa9_0' is selected.
21:30:50 INFO  : 'con' command is executed.
21:30:50 INFO  : ----------------XSDB Script (After Launch)----------------
targets -set -nocase -filter {name =~ "ARM*#0" && jtag_cable_name =~ "Digilent Zybo 210279A6A507A"} -index 0
con
----------------End of Script----------------

21:30:50 INFO  : Disconnected from the channel tcfchan#3.
