Copyright 1986-2018 Xilinx, Inc. All Rights Reserved.
------------------------------------------------------------------------------------
| Tool Version : Vivado v.2018.3 (win64) Build 2405991 Thu Dec  6 23:38:27 MST 2018
| Date         : Thu Jan 17 18:55:16 2019
| Host         : DESKTOP-P52MVK7 running 64-bit major release  (build 9200)
| Command      : upgrade_ip
| Device       : xc7z010clg400-1
------------------------------------------------------------------------------------

Upgrade Log for IP 'first_zynq_system_rst_ps7_0_100M_0'

1. Summary
----------

SUCCESS in the upgrade of first_zynq_system_rst_ps7_0_100M_0 (xilinx.com:ip:proc_sys_reset:5.0) from (Rev. 12) to (Rev. 13)






Copyright 1986-2018 Xilinx, Inc. All Rights Reserved.
------------------------------------------------------------------------------------
| Tool Version : Vivado v.2018.3 (win64) Build 2405991 Thu Dec  6 23:38:27 MST 2018
| Date         : Thu Jan 17 18:55:16 2019
| Host         : DESKTOP-P52MVK7 running 64-bit major release  (build 9200)
| Command      : upgrade_ip
| Device       : xc7z010clg400-1
------------------------------------------------------------------------------------

Upgrade Log for IP 'first_zynq_system_ps7_0_axi_periph_0'

1. Summary
----------

SUCCESS in the upgrade of first_zynq_system_ps7_0_axi_periph_0 (xilinx.com:ip:axi_interconnect:2.1) from (Rev. 18) to (Rev. 19)






Copyright 1986-2018 Xilinx, Inc. All Rights Reserved.
------------------------------------------------------------------------------------
| Tool Version : Vivado v.2018.3 (win64) Build 2405991 Thu Dec  6 23:38:27 MST 2018
| Date         : Thu Jan 17 18:55:16 2019
| Host         : DESKTOP-P52MVK7 running 64-bit major release  (build 9200)
| Command      : upgrade_ip
| Device       : xc7z010clg400-1
------------------------------------------------------------------------------------

Upgrade Log for IP 'first_zynq_system_axi_gpio_0_0'

1. Summary
----------

SUCCESS in the upgrade of first_zynq_system_axi_gpio_0_0 (xilinx.com:ip:axi_gpio:2.0) from (Rev. 19) to (Rev. 20)

