#-----------------------------------------------------------
# Vivado v2018.2 (64-bit)
# SW Build 2258646 on Thu Jun 14 20:03:12 MDT 2018
# IP Build 2256618 on Thu Jun 14 22:10:49 MDT 2018
# Start of session at: Thu Jan  3 07:26:36 2019
# Process ID: 17560
# Current directory: C:/Zynq_Book_Tutorial_Projects/first_zynq_design
# Command line: vivado.exe -gui_launcher_event rodinguilauncherevent9396 C:\Zynq_Book_Tutorial_Projects\first_zynq_design\first_zynq_design.xpr
# Log file: C:/Zynq_Book_Tutorial_Projects/first_zynq_design/vivado.log
# Journal file: C:/Zynq_Book_Tutorial_Projects/first_zynq_design\vivado.jou
#-----------------------------------------------------------
start_gui
open_project C:/Zynq_Book_Tutorial_Projects/first_zynq_design/first_zynq_design.xpr
Scanning sources...
Finished scanning sources
INFO: [IP_Flow 19-234] Refreshing IP repositories
INFO: [IP_Flow 19-1704] No user IP repositories specified
INFO: [IP_Flow 19-2313] Loaded Vivado IP repository 'C:/Xilinx/Vivado/2018.2/data/ip'.
open_project: Time (s): cpu = 00:00:13 ; elapsed = 00:00:10 . Memory (MB): peak = 843.020 ; gain = 117.785
update_compile_order -fileset sources_1
open_bd_design {C:/Zynq_Book_Tutorial_Projects/first_zynq_design/first_zynq_design.srcs/sources_1/bd/first_zynq_system/first_zynq_system.bd}
Adding cell -- xilinx.com:ip:processing_system7:5.5 - processing_system7_0
Adding cell -- xilinx.com:ip:axi_gpio:2.0 - axi_gpio_0
Adding cell -- xilinx.com:ip:proc_sys_reset:5.0 - rst_ps7_0_100M
Adding cell -- xilinx.com:ip:axi_protocol_converter:2.1 - auto_pc
Successfully read diagram <first_zynq_system> from BD file <C:/Zynq_Book_Tutorial_Projects/first_zynq_design/first_zynq_design.srcs/sources_1/bd/first_zynq_system/first_zynq_system.bd>
open_bd_design: Time (s): cpu = 00:00:08 ; elapsed = 00:00:07 . Memory (MB): peak = 931.246 ; gain = 77.754
file copy -force C:/Zynq_Book_Tutorial_Projects/first_zynq_design/first_zynq_design.runs/impl_1/first_zynq_system_wrapper.sysdef C:/Zynq_Book_Tutorial_Projects/first_zynq_design/first_zynq_design.sdk/first_zynq_system_wrapper.hdf

launch_sdk -workspace C:/Zynq_Book_Tutorial_Projects/first_zynq_design/first_zynq_design.sdk -hwspec C:/Zynq_Book_Tutorial_Projects/first_zynq_design/first_zynq_design.sdk/first_zynq_system_wrapper.hdf
INFO: [Vivado 12-393] Launching SDK...
INFO: [Vivado 12-417] Running xsdk -workspace C:/Zynq_Book_Tutorial_Projects/first_zynq_design/first_zynq_design.sdk -hwspec C:/Zynq_Book_Tutorial_Projects/first_zynq_design/first_zynq_design.sdk/first_zynq_system_wrapper.hdf
INFO: [Vivado 12-3157] SDK launch initiated. Please check console for any further messages.
exit
INFO: [Common 17-206] Exiting Vivado at Thu Jan  3 07:29:04 2019...
