08:08:20 **** Auto Build of configuration Debug for project lab_9 ****
make pre-build main-build 
a9-linaro-pre-build-step
 
Building file: ../src/main.c
Invoking: ARM v7 gcc compiler
arm-none-eabi-gcc -Wall -O0 -g3 -c -fmessage-length=0 -MT"src/main.o" -mcpu=cortex-a9 -mfpu=vfpv3 -mfloat-abi=hard -I../../lab_9_bsp/ps7_cortexa9_0/include -MMD -MP -MF"src/main.d" -MT"src/main.o" -o "src/main.o" "../src/main.c"
../src/main.c: In function 'taskBTNSW':
../src/main.c:38:6: warning: variable 'n' set but not used [-Wunused-but-set-variable]
  int n=0;
      ^
../src/main.c: In function 'oneShotCallback':
../src/main.c:95:12: warning: comparison between pointer and integer
  if (xTime == xOneShotTimer){
            ^~
../src/main.c:96:3: warning: implicit declaration of function 'vPrintStringandNumber' [-Wimplicit-function-declaration]
   vPrintStringandNumber("One shot timer callback executing", xTime);
   ^~~~~~~~~~~~~~~~~~~~~
../src/main.c: In function 'main':
../src/main.c:117:39: warning: character constant too long for its type
  xTaskCreate(taskBTNSW, (const char*) 'BTN_SW', configMINIMAL_STACK_SIZE, NULL, 4, &xTaskBTNSW);
                                       ^~~~~~~~
../src/main.c:118:44: warning: character constant too long for its type
  xOneShotTimer = xTimerCreate((const char*)'Oneshot', ONE_SHOT_PERIOD, pdFALSE, TIMER_ID, oneShotCallback);
                                            ^~~~~~~~~
../src/main.c:13:19: warning: passing argument 4 of 'xTimerCreate' makes pointer from integer without a cast [-Wint-conversion]
 #define TIMER_ID  1
                   ^
../src/main.c:118:81: note: in expansion of macro 'TIMER_ID'
  xOneShotTimer = xTimerCreate((const char*)'Oneshot', ONE_SHOT_PERIOD, pdFALSE, TIMER_ID, oneShotCallback);
                                                                                 ^~~~~~~~
In file included from ../src/main.c:5:0:
../../lab_9_bsp/ps7_cortexa9_0/include/timers.h:228:16: note: expected 'void * const' but argument is of type 'int'
  TimerHandle_t xTimerCreate( const char * const pcTimerName,   /*lint !e971 Unqualified char types are allowed for strings and single characters only. */
                ^~~~~~~~~~~~
In file included from ../../lab_9_bsp/ps7_cortexa9_0/include/FreeRTOS.h:57:0,
                 from ../src/main.c:2:
../src/main.c: In function 'oneShotCallback':
../../lab_9_bsp/ps7_cortexa9_0/include/FreeRTOSConfig.h:87:29: warning: 'xTime' is used uninitialized in this function [-Wuninitialized]
 #define configASSERT( x ) if( ( x ) == 0 ) vApplicationAssert( __FILE__, __LINE__ )
                             ^
../src/main.c:89:13: note: 'xTime' was declared here
  TickType_t xTime;
             ^~~~~
Finished building: ../src/main.c
 
Building target: lab_9.elf
Invoking: ARM v7 gcc linker
arm-none-eabi-gcc -mcpu=cortex-a9 -mfpu=vfpv3 -mfloat-abi=hard -Wl,-build-id=none -specs=Xilinx.spec -Wl,-T -Wl,../src/lscript.ld -L../../lab_9_bsp/ps7_cortexa9_0/lib -o "lab_9.elf"  ./src/main.o   -Wl,--start-group,-lxil,-lfreertos,-lgcc,-lc,--end-group
./src/main.o: In function `oneShotCallback':
D:\vivado_proj\Embedded_Lab\lab_9\lab_9.sdk\lab_9\Debug/../src/main.c:96: undefined reference to `vPrintStringandNumber'
collect2.exe: error: ld returned 1 exit status
make: *** [makefile:41: lab_9.elf] Error 1

08:08:20 Build Finished (took 451ms)

