#-----------------------------------------------------------
# Vivado v2018.3 (64-bit)
# SW Build 2405991 on Thu Dec  6 23:38:27 MST 2018
# IP Build 2404404 on Fri Dec  7 01:43:56 MST 2018
# Start of session at: Wed Mar 27 21:27:16 2019
# Process ID: 23816
# Current directory: D:/vivado_proj/Embedded_Lab/lab_6
# Command line: vivado.exe -gui_launcher_event rodinguilauncherevent23116 D:\vivado_proj\Embedded_Lab\lab_6\lab_6.xpr
# Log file: D:/vivado_proj/Embedded_Lab/lab_6/vivado.log
# Journal file: D:/vivado_proj/Embedded_Lab/lab_6\vivado.jou
#-----------------------------------------------------------
start_gui
open_project D:/vivado_proj/Embedded_Lab/lab_6/lab_6.xpr
INFO: [Project 1-313] Project file moved from 'C:/vivado_proj/Embedded_Lab/lab_6' since last save.
Scanning sources...
Finished scanning sources
WARNING: [filemgmt 56-2] IP Repository Path: Could not find the directory 'D:/Users/tshot/Documents/Embedded System/vivado-library', nor could it be found using path 'C:/Users/tshot/Documents/Embedded System/vivado-library'.
WARNING: [filemgmt 56-2] IPUserFilesDir: Could not find the directory 'D:/vivado_proj/Embedded_Lab/lab_6/lab_6.ip_user_files', nor could it be found using path 'C:/vivado_proj/Embedded_Lab/lab_6/lab_6.ip_user_files'.
INFO: [IP_Flow 19-234] Refreshing IP repositories
WARNING: [IP_Flow 19-2248] Failed to load user IP repository 'd:/Users/tshot/Documents/Embedded System/vivado-library'; Can't find the specified path.
If this directory should no longer be in your list of user repositories, go to the IP Settings dialog and remove it.
INFO: [IP_Flow 19-2313] Loaded Vivado IP repository 'D:/Xilinx/Vivado/2018.3/data/ip'.
open_project: Time (s): cpu = 00:00:18 ; elapsed = 00:00:37 . Memory (MB): peak = 823.223 ; gain = 233.340
update_compile_order -fileset sources_1
INFO: [Vivado 12-4158] Exported Hardware file is out of date. Exported hardware information may be inconsistent with respect to the current state of the design. It is recommended that you re-export the design and launch SDK otherwise SDK is launched with out of date hardware system file.
launch_sdk -workspace D:/vivado_proj/Embedded_Lab/lab_6/lab_6.sdk -hwspec D:/vivado_proj/Embedded_Lab/lab_6/lab_6.sdk/design_1_wrapper.hdf
INFO: [Vivado 12-393] Launching SDK...
INFO: [Vivado 12-417] Running xsdk -workspace D:/vivado_proj/Embedded_Lab/lab_6/lab_6.sdk -hwspec D:/vivado_proj/Embedded_Lab/lab_6/lab_6.sdk/design_1_wrapper.hdf
INFO: [Vivado 12-3157] SDK launch initiated. Please check console for any further messages.
open_bd_design {D:/vivado_proj/Embedded_Lab/lab_6/lab_6.srcs/sources_1/bd/design_1/design_1.bd}
Adding cell -- xilinx.com:ip:processing_system7:5.5 - processing_system7_0
Adding cell -- xilinx.com:ip:axi_gpio:2.0 - axi_gpio_0
Adding cell -- xilinx.com:ip:axi_gpio:2.0 - axi_gpio_1
Adding cell -- xilinx.com:ip:axi_interconnect:2.1 - ps7_0_axi_periph
Adding cell -- xilinx.com:ip:axi_crossbar:2.1 - xbar
Adding cell -- xilinx.com:ip:axi_protocol_converter:2.1 - auto_pc
Adding cell -- xilinx.com:ip:proc_sys_reset:5.0 - rst_ps7_0_100M
Successfully read diagram <design_1> from BD file <D:/vivado_proj/Embedded_Lab/lab_6/lab_6.srcs/sources_1/bd/design_1/design_1.bd>
open_bd_design: Time (s): cpu = 00:00:08 ; elapsed = 00:00:12 . Memory (MB): peak = 1015.434 ; gain = 0.000
exit
INFO: [Common 17-206] Exiting Vivado at Thu Mar 28 00:39:50 2019...
