20:17:40 INFO  : Registering command handlers for SDK TCF services
20:17:40 INFO  : Launching XSCT server: xsct.bat -interactive C:\zybo_Pmod_Projects\zybo_PmodAD1\zybo_PmodAD1.sdk\temp_xsdb_launch_script.tcl
20:17:43 INFO  : XSCT server has started successfully.
20:17:45 INFO  : Processing command line option -hwspec C:/zybo_Pmod_Projects/zybo_PmodAD1/zybo_PmodAD1.sdk/design_1_wrapper.hdf.
20:17:45 INFO  : Successfully done setting XSCT server connection channel  
20:17:45 INFO  : Successfully done setting SDK workspace  
20:48:25 INFO  : Connected to target on host '127.0.0.1' and port '3121'.
20:48:27 INFO  : 'targets -set -filter {jtag_cable_name =~ "Digilent Zybo 210279759244A" && level==0} -index 1' command is executed.
20:48:28 INFO  : FPGA configured successfully with bitstream "C:/zybo_Pmod_Projects/zybo_PmodAD1/zybo_PmodAD1.sdk/design_1_wrapper_hw_platform_0/design_1_wrapper.bit"
20:49:25 INFO  : Connected to target on host '127.0.0.1' and port '3121'.
20:49:25 INFO  : 'targets -set -filter {jtag_cable_name =~ "Digilent Zybo 210279759244A" && level==0} -index 1' command is executed.
20:49:26 INFO  : FPGA configured successfully with bitstream "C:/zybo_Pmod_Projects/zybo_PmodAD1/zybo_PmodAD1.sdk/design_1_wrapper_hw_platform_0/design_1_wrapper.bit"
20:49:52 INFO  : Connected to target on host '127.0.0.1' and port '3121'.
20:49:52 INFO  : 'targets -set -filter {jtag_cable_name =~ "Digilent Zybo 210279759244A" && level==0} -index 1' command is executed.
20:49:53 INFO  : FPGA configured successfully with bitstream "C:/zybo_Pmod_Projects/zybo_PmodAD1/zybo_PmodAD1.sdk/design_1_wrapper_hw_platform_0/design_1_wrapper.bit"
20:51:56 INFO  : Connected to target on host '127.0.0.1' and port '3121'.
20:51:57 INFO  : 'targets -set -filter {jtag_cable_name =~ "Digilent Zybo 210279759244A" && level==0} -index 1' command is executed.
20:51:58 INFO  : FPGA configured successfully with bitstream "C:/zybo_Pmod_Projects/zybo_PmodAD1/zybo_PmodAD1.sdk/design_1_wrapper_hw_platform_0/design_1_wrapper.bit"
20:56:50 INFO  : Connected to target on host '127.0.0.1' and port '3121'.
20:56:50 INFO  : 'targets -set -filter {jtag_cable_name =~ "Digilent Zybo 210279759244A" && level==0} -index 1' command is executed.
20:56:52 INFO  : FPGA configured successfully with bitstream "C:/zybo_Pmod_Projects/zybo_PmodAD1/zybo_PmodAD1.sdk/design_1_wrapper_hw_platform_0/design_1_wrapper.bit"
21:02:03 INFO  : Registering command handlers for SDK TCF services
21:02:04 INFO  : Launching XSCT server: xsct.bat -interactive C:\zybo_Pmod_Projects\zybo_PmodAD1\zybo_PmodAD1.sdk\temp_xsdb_launch_script.tcl
21:02:06 INFO  : XSCT server has started successfully.
21:02:06 INFO  : Successfully done setting XSCT server connection channel  
21:02:06 INFO  : Processing command line option -hwspec C:/zybo_Pmod_Projects/zybo_PmodAD1/zybo_PmodAD1.sdk/design_1_wrapper.hdf.
21:02:06 INFO  : Successfully done setting SDK workspace  
21:02:06 INFO  : Checking for hwspec changes in the project design_1_wrapper_hw_platform_0.
21:06:10 INFO  : Connected to target on host '127.0.0.1' and port '3121'.
21:06:11 INFO  : 'targets -set -filter {jtag_cable_name =~ "Digilent Zybo 210279759244A" && level==0} -index 1' command is executed.
21:06:13 INFO  : FPGA configured successfully with bitstream "C:/zybo_Pmod_Projects/zybo_PmodAD1/zybo_PmodAD1.sdk/design_1_wrapper_hw_platform_0/design_1_wrapper.bit"
21:07:14 INFO  : 'targets -set -filter {jtag_cable_name =~ "Digilent Zybo 210279759244A" && level==0} -index 1' command is executed.
21:07:14 INFO  : 'fpga -state' command is executed.
21:07:14 INFO  : Connected to target on host '127.0.0.1' and port '3121'.
21:07:14 INFO  : Jtag cable 'Digilent Zybo 210279759244A' is selected.
21:07:14 INFO  : 'jtag frequency' command is executed.
21:07:14 INFO  : Sourcing of 'C:/zybo_Pmod_Projects/zybo_PmodAD1/zybo_PmodAD1.sdk/design_1_wrapper_hw_platform_0/ps7_init.tcl' is done.
21:07:14 INFO  : Context for 'APU' is selected.
21:07:15 INFO  : Hardware design information is loaded from 'C:/zybo_Pmod_Projects/zybo_PmodAD1/zybo_PmodAD1.sdk/design_1_wrapper_hw_platform_0/system.hdf'.
21:07:15 INFO  : 'configparams force-mem-access 1' command is executed.
21:07:15 INFO  : Context for 'APU' is selected.
21:07:15 INFO  : 'stop' command is executed.
21:07:15 INFO  : 'ps7_init' command is executed.
21:07:15 INFO  : 'ps7_post_config' command is executed.
21:07:15 INFO  : Context for processor 'ps7_cortexa9_0' is selected.
21:07:15 INFO  : Processor reset is completed for 'ps7_cortexa9_0'.
21:07:15 INFO  : Context for processor 'ps7_cortexa9_0' is selected.
21:07:15 INFO  : The application 'C:/zybo_Pmod_Projects/zybo_PmodAD1/zybo_PmodAD1.sdk/zybo_pmodAD1/Debug/zybo_pmodAD1.elf' is downloaded to processor 'ps7_cortexa9_0'.
21:07:15 INFO  : 'configparams force-mem-access 0' command is executed.
21:07:15 INFO  : ----------------XSDB Script----------------
connect -url tcp:127.0.0.1:3121
source C:/zybo_Pmod_Projects/zybo_PmodAD1/zybo_PmodAD1.sdk/design_1_wrapper_hw_platform_0/ps7_init.tcl
targets -set -nocase -filter {name =~"APU*" && jtag_cable_name =~ "Digilent Zybo 210279759244A"} -index 0
loadhw -hw C:/zybo_Pmod_Projects/zybo_PmodAD1/zybo_PmodAD1.sdk/design_1_wrapper_hw_platform_0/system.hdf -mem-ranges [list {0x40000000 0xbfffffff}]
configparams force-mem-access 1
targets -set -nocase -filter {name =~"APU*" && jtag_cable_name =~ "Digilent Zybo 210279759244A"} -index 0
stop
ps7_init
ps7_post_config
targets -set -nocase -filter {name =~ "ARM*#0" && jtag_cable_name =~ "Digilent Zybo 210279759244A"} -index 0
rst -processor
targets -set -nocase -filter {name =~ "ARM*#0" && jtag_cable_name =~ "Digilent Zybo 210279759244A"} -index 0
dow C:/zybo_Pmod_Projects/zybo_PmodAD1/zybo_PmodAD1.sdk/zybo_pmodAD1/Debug/zybo_pmodAD1.elf
configparams force-mem-access 0
----------------End of Script----------------

21:07:15 INFO  : Context for processor 'ps7_cortexa9_0' is selected.
21:07:15 INFO  : 'con' command is executed.
21:07:15 INFO  : ----------------XSDB Script (After Launch)----------------
targets -set -nocase -filter {name =~ "ARM*#0" && jtag_cable_name =~ "Digilent Zybo 210279759244A"} -index 0
con
----------------End of Script----------------

21:07:15 INFO  : Disconnected from the channel tcfchan#1.
21:08:28 INFO  : 'targets -set -filter {jtag_cable_name =~ "Digilent Zybo 210279759244A" && level==0} -index 1' command is executed.
21:08:28 INFO  : 'fpga -state' command is executed.
21:08:28 INFO  : Connected to target on host '127.0.0.1' and port '3121'.
21:08:28 INFO  : Jtag cable 'Digilent Zybo 210279759244A' is selected.
21:08:28 INFO  : 'jtag frequency' command is executed.
21:08:28 INFO  : Sourcing of 'C:/zybo_Pmod_Projects/zybo_PmodAD1/zybo_PmodAD1.sdk/design_1_wrapper_hw_platform_0/ps7_init.tcl' is done.
21:08:28 INFO  : Context for 'APU' is selected.
21:08:28 INFO  : Hardware design information is loaded from 'C:/zybo_Pmod_Projects/zybo_PmodAD1/zybo_PmodAD1.sdk/design_1_wrapper_hw_platform_0/system.hdf'.
21:08:28 INFO  : 'configparams force-mem-access 1' command is executed.
21:08:28 INFO  : Context for 'APU' is selected.
21:08:28 INFO  : 'stop' command is executed.
21:08:28 INFO  : 'ps7_init' command is executed.
21:08:28 INFO  : 'ps7_post_config' command is executed.
21:08:28 INFO  : Context for processor 'ps7_cortexa9_0' is selected.
21:08:28 INFO  : Processor reset is completed for 'ps7_cortexa9_0'.
21:08:28 INFO  : Context for processor 'ps7_cortexa9_0' is selected.
21:08:29 INFO  : The application 'C:/zybo_Pmod_Projects/zybo_PmodAD1/zybo_PmodAD1.sdk/zybo_pmodAD1/Debug/zybo_pmodAD1.elf' is downloaded to processor 'ps7_cortexa9_0'.
21:08:29 INFO  : 'configparams force-mem-access 0' command is executed.
21:08:29 INFO  : ----------------XSDB Script----------------
connect -url tcp:127.0.0.1:3121
source C:/zybo_Pmod_Projects/zybo_PmodAD1/zybo_PmodAD1.sdk/design_1_wrapper_hw_platform_0/ps7_init.tcl
targets -set -nocase -filter {name =~"APU*" && jtag_cable_name =~ "Digilent Zybo 210279759244A"} -index 0
loadhw -hw C:/zybo_Pmod_Projects/zybo_PmodAD1/zybo_PmodAD1.sdk/design_1_wrapper_hw_platform_0/system.hdf -mem-ranges [list {0x40000000 0xbfffffff}]
configparams force-mem-access 1
targets -set -nocase -filter {name =~"APU*" && jtag_cable_name =~ "Digilent Zybo 210279759244A"} -index 0
stop
ps7_init
ps7_post_config
targets -set -nocase -filter {name =~ "ARM*#0" && jtag_cable_name =~ "Digilent Zybo 210279759244A"} -index 0
rst -processor
targets -set -nocase -filter {name =~ "ARM*#0" && jtag_cable_name =~ "Digilent Zybo 210279759244A"} -index 0
dow C:/zybo_Pmod_Projects/zybo_PmodAD1/zybo_PmodAD1.sdk/zybo_pmodAD1/Debug/zybo_pmodAD1.elf
configparams force-mem-access 0
----------------End of Script----------------

21:08:29 INFO  : Context for processor 'ps7_cortexa9_0' is selected.
21:08:29 INFO  : 'con' command is executed.
21:08:29 INFO  : ----------------XSDB Script (After Launch)----------------
targets -set -nocase -filter {name =~ "ARM*#0" && jtag_cable_name =~ "Digilent Zybo 210279759244A"} -index 0
con
----------------End of Script----------------

21:08:29 INFO  : Disconnected from the channel tcfchan#2.
21:08:51 INFO  : 'targets -set -filter {jtag_cable_name =~ "Digilent Zybo 210279759244A" && level==0} -index 1' command is executed.
21:08:51 INFO  : 'fpga -state' command is executed.
21:08:51 INFO  : Connected to target on host '127.0.0.1' and port '3121'.
21:08:52 INFO  : Jtag cable 'Digilent Zybo 210279759244A' is selected.
21:08:52 INFO  : 'jtag frequency' command is executed.
21:08:52 INFO  : Sourcing of 'C:/zybo_Pmod_Projects/zybo_PmodAD1/zybo_PmodAD1.sdk/design_1_wrapper_hw_platform_0/ps7_init.tcl' is done.
21:08:52 INFO  : Context for 'APU' is selected.
21:08:52 INFO  : Hardware design information is loaded from 'C:/zybo_Pmod_Projects/zybo_PmodAD1/zybo_PmodAD1.sdk/design_1_wrapper_hw_platform_0/system.hdf'.
21:08:52 INFO  : 'configparams force-mem-access 1' command is executed.
21:08:52 INFO  : Context for 'APU' is selected.
21:08:52 INFO  : 'stop' command is executed.
21:08:52 INFO  : 'ps7_init' command is executed.
21:08:52 INFO  : 'ps7_post_config' command is executed.
21:08:52 INFO  : Context for processor 'ps7_cortexa9_0' is selected.
21:08:52 INFO  : Processor reset is completed for 'ps7_cortexa9_0'.
21:08:52 INFO  : Context for processor 'ps7_cortexa9_0' is selected.
21:08:52 INFO  : The application 'C:/zybo_Pmod_Projects/zybo_PmodAD1/zybo_PmodAD1.sdk/zybo_pmodAD1/Debug/zybo_pmodAD1.elf' is downloaded to processor 'ps7_cortexa9_0'.
21:08:52 INFO  : 'configparams force-mem-access 0' command is executed.
21:08:52 INFO  : ----------------XSDB Script----------------
connect -url tcp:127.0.0.1:3121
source C:/zybo_Pmod_Projects/zybo_PmodAD1/zybo_PmodAD1.sdk/design_1_wrapper_hw_platform_0/ps7_init.tcl
targets -set -nocase -filter {name =~"APU*" && jtag_cable_name =~ "Digilent Zybo 210279759244A"} -index 0
loadhw -hw C:/zybo_Pmod_Projects/zybo_PmodAD1/zybo_PmodAD1.sdk/design_1_wrapper_hw_platform_0/system.hdf -mem-ranges [list {0x40000000 0xbfffffff}]
configparams force-mem-access 1
targets -set -nocase -filter {name =~"APU*" && jtag_cable_name =~ "Digilent Zybo 210279759244A"} -index 0
stop
ps7_init
ps7_post_config
targets -set -nocase -filter {name =~ "ARM*#0" && jtag_cable_name =~ "Digilent Zybo 210279759244A"} -index 0
rst -processor
targets -set -nocase -filter {name =~ "ARM*#0" && jtag_cable_name =~ "Digilent Zybo 210279759244A"} -index 0
dow C:/zybo_Pmod_Projects/zybo_PmodAD1/zybo_PmodAD1.sdk/zybo_pmodAD1/Debug/zybo_pmodAD1.elf
configparams force-mem-access 0
----------------End of Script----------------

21:08:52 INFO  : Context for processor 'ps7_cortexa9_0' is selected.
21:08:53 INFO  : 'con' command is executed.
21:08:53 INFO  : ----------------XSDB Script (After Launch)----------------
targets -set -nocase -filter {name =~ "ARM*#0" && jtag_cable_name =~ "Digilent Zybo 210279759244A"} -index 0
con
----------------End of Script----------------

21:08:53 INFO  : Disconnected from the channel tcfchan#3.
