#-----------------------------------------------------------
# Vivado v2018.3 (64-bit)
# SW Build 2405991 on Thu Dec  6 23:38:27 MST 2018
# IP Build 2404404 on Fri Dec  7 01:43:56 MST 2018
# Start of session at: Mon Apr  8 19:27:48 2019
# Process ID: 5172
# Current directory: C:/vivado_proj/Embedded_Lab/zybo_PmodAD1
# Command line: vivado.exe -gui_launcher_event rodinguilauncherevent10860 C:\vivado_proj\Embedded_Lab\zybo_PmodAD1\zybo_PmodAD1.xpr
# Log file: C:/vivado_proj/Embedded_Lab/zybo_PmodAD1/vivado.log
# Journal file: C:/vivado_proj/Embedded_Lab/zybo_PmodAD1\vivado.jou
#-----------------------------------------------------------
start_gui
open_project C:/vivado_proj/Embedded_Lab/zybo_PmodAD1/zybo_PmodAD1.xpr
INFO: [Project 1-313] Project file moved from 'C:/zybo_Pmod_Projects/zybo_PmodAD1' since last save.
Scanning sources...
Finished scanning sources
WARNING: [filemgmt 56-2] IP Repository Path: Could not find the directory 'C:/vivado_proj/ZynqPmodVivado-Library', nor could it be found using path 'C:/ZynqPmodVivado-Library'.
INFO: [IP_Flow 19-234] Refreshing IP repositories
WARNING: [IP_Flow 19-2248] Failed to load user IP repository 'c:/vivado_proj/ZynqPmodVivado-Library'; Can't find the specified path.
If this directory should no longer be in your list of user repositories, go to the IP Settings dialog and remove it.
INFO: [IP_Flow 19-2313] Loaded Vivado IP repository 'C:/Xilinx/Vivado/2018.3/data/ip'.
WARNING: [BD 41-1661] One or more IPs have been locked in the design 'design_1.bd'. Please run report_ip_status for more details and recommendations on how to fix this issue.
List of locked IPs:
design_1_PmodAD1_0_0
design_1_ps7_0_axi_periph_0
design_1_rst_ps7_0_100M_0
design_1_auto_pc_0

INFO: [Project 1-230] Project 'zybo_PmodAD1.xpr' upgraded for this version of Vivado.
open_project: Time (s): cpu = 00:00:38 ; elapsed = 00:00:17 . Memory (MB): peak = 751.652 ; gain = 135.031
update_compile_order -fileset sources_1
open_bd_design {C:/vivado_proj/Embedded_Lab/zybo_PmodAD1/zybo_PmodAD1.srcs/sources_1/bd/design_1/design_1.bd}
Adding cell -- xilinx.com:ip:processing_system7:5.5 - processing_system7_0
Adding cell -- digilentinc.com:IP:PmodAD1:1.0 - PmodAD1_0
CRITICAL WARNING: [BD 41-51] Could not find bus definition for the interface: Pmod_out 
CRITICAL WARNING: [BD 41-49] Could not find abstraction definition for the interface: Pmod_out 
CRITICAL WARNING: [BD 41-49] Could not find abstraction definition for the interface: Pmod_out 
Adding cell -- xilinx.com:ip:proc_sys_reset:5.0 - rst_ps7_0_100M
CRITICAL WARNING: [BD 41-52] Could not find the abstraction definition specified by the vlnv: digilentinc.com:interface:pmod_rtl:1.0 
CRITICAL WARNING: [BD 41-181] Type specified by the VLNV: 'digilentinc.com:interface:pmod_rtl:1.0', cannot be found. Interface port: 'ja' cannot be created
CRITICAL WARNING: [BD 41-52] Could not find the abstraction definition specified by the vlnv: digilentinc.com:interface:pmod_rtl:1.0 
CRITICAL WARNING: [BD 41-181] Type specified by the VLNV: 'digilentinc.com:interface:pmod_rtl:1.0', cannot be found. Interface port: 'ja' cannot be created
Adding cell -- xilinx.com:ip:axi_protocol_converter:2.1 - auto_pc
Successfully read diagram <design_1> from BD file <C:/vivado_proj/Embedded_Lab/zybo_PmodAD1/zybo_PmodAD1.srcs/sources_1/bd/design_1/design_1.bd>
open_bd_design: Time (s): cpu = 00:00:22 ; elapsed = 00:00:15 . Memory (MB): peak = 1525.625 ; gain = 0.000
exit
INFO: [Common 17-206] Exiting Vivado at Mon Apr  8 19:29:53 2019...
