16:48:34 INFO  : Registering command handlers for SDK TCF services
16:48:35 INFO  : Launching XSCT server: xsct.bat -interactive C:\Zynq_Book_Tutorial_Projects\first_zynq_design\first_zynq_design.sdk\temp_xsdb_launch_script.tcl
16:48:40 INFO  : XSCT server has started successfully.
16:48:40 INFO  : Successfully done setting XSCT server connection channel  
16:48:48 INFO  : Successfully done setting SDK workspace  
16:48:48 INFO  : Processing command line option -hwspec C:/Zynq_Book_Tutorial_Projects/first_zynq_design/first_zynq_design.sdk/first_zynq_system_wrapper.hdf.
20:08:26 INFO  : Connected to target on host '127.0.0.1' and port '3121'.
20:08:28 INFO  : 'targets -set -filter {jtag_cable_name =~ "Digilent Zybo 210279759244A" && level==0} -index 1' command is executed.
20:08:29 INFO  : FPGA configured successfully with bitstream "C:/Zynq_Book_Tutorial_Projects/first_zynq_design/first_zynq_design.sdk/first_zynq_system_wrapper_hw_platform_0/first_zynq_system_wrapper.bit"
20:15:20 INFO  : 'targets -set -filter {jtag_cable_name =~ "Digilent Zybo 210279759244A" && level==0} -index 1' command is executed.
20:15:20 INFO  : 'fpga -state' command is executed.
20:15:20 INFO  : Connected to target on host '127.0.0.1' and port '3121'.
20:15:20 INFO  : Jtag cable 'Digilent Zybo 210279759244A' is selected.
20:15:20 INFO  : 'jtag frequency' command is executed.
20:15:20 INFO  : Sourcing of 'C:/Zynq_Book_Tutorial_Projects/first_zynq_design/first_zynq_design.sdk/first_zynq_system_wrapper_hw_platform_0/ps7_init.tcl' is done.
20:15:20 INFO  : Context for 'APU' is selected.
20:15:20 INFO  : Hardware design information is loaded from 'C:/Zynq_Book_Tutorial_Projects/first_zynq_design/first_zynq_design.sdk/first_zynq_system_wrapper_hw_platform_0/system.hdf'.
20:15:20 INFO  : 'configparams force-mem-access 1' command is executed.
20:15:20 INFO  : Context for 'APU' is selected.
20:15:20 INFO  : 'stop' command is executed.
20:15:21 INFO  : 'ps7_init' command is executed.
20:15:21 INFO  : 'ps7_post_config' command is executed.
20:15:21 INFO  : Context for processor 'ps7_cortexa9_0' is selected.
20:15:21 INFO  : Processor reset is completed for 'ps7_cortexa9_0'.
20:15:21 INFO  : Context for processor 'ps7_cortexa9_0' is selected.
20:15:21 INFO  : The application 'C:/Zynq_Book_Tutorial_Projects/first_zynq_design/first_zynq_design.sdk/LED_test/Debug/LED_test.elf' is downloaded to processor 'ps7_cortexa9_0'.
20:15:21 INFO  : 'configparams force-mem-access 0' command is executed.
20:15:21 INFO  : ----------------XSDB Script----------------
connect -url tcp:127.0.0.1:3121
source C:/Zynq_Book_Tutorial_Projects/first_zynq_design/first_zynq_design.sdk/first_zynq_system_wrapper_hw_platform_0/ps7_init.tcl
targets -set -nocase -filter {name =~"APU*" && jtag_cable_name =~ "Digilent Zybo 210279759244A"} -index 0
loadhw -hw C:/Zynq_Book_Tutorial_Projects/first_zynq_design/first_zynq_design.sdk/first_zynq_system_wrapper_hw_platform_0/system.hdf -mem-ranges [list {0x40000000 0xbfffffff}]
configparams force-mem-access 1
targets -set -nocase -filter {name =~"APU*" && jtag_cable_name =~ "Digilent Zybo 210279759244A"} -index 0
stop
ps7_init
ps7_post_config
targets -set -nocase -filter {name =~ "ARM*#0" && jtag_cable_name =~ "Digilent Zybo 210279759244A"} -index 0
rst -processor
targets -set -nocase -filter {name =~ "ARM*#0" && jtag_cable_name =~ "Digilent Zybo 210279759244A"} -index 0
dow C:/Zynq_Book_Tutorial_Projects/first_zynq_design/first_zynq_design.sdk/LED_test/Debug/LED_test.elf
configparams force-mem-access 0
----------------End of Script----------------

20:15:21 INFO  : Context for processor 'ps7_cortexa9_0' is selected.
20:15:21 INFO  : 'con' command is executed.
20:15:21 INFO  : ----------------XSDB Script (After Launch)----------------
targets -set -nocase -filter {name =~ "ARM*#0" && jtag_cable_name =~ "Digilent Zybo 210279759244A"} -index 0
con
----------------End of Script----------------

20:15:21 INFO  : Disconnected from the channel tcfchan#1.
07:27:56 INFO  : Registering command handlers for SDK TCF services
07:27:56 INFO  : Launching XSCT server: xsct.bat -interactive C:\Zynq_Book_Tutorial_Projects\first_zynq_design\first_zynq_design.sdk\temp_xsdb_launch_script.tcl
07:27:58 INFO  : XSCT server has started successfully.
07:27:58 INFO  : Successfully done setting XSCT server connection channel  
07:27:59 INFO  : Processing command line option -hwspec C:/Zynq_Book_Tutorial_Projects/first_zynq_design/first_zynq_design.sdk/first_zynq_system_wrapper.hdf.
07:27:59 INFO  : Successfully done setting SDK workspace  
07:27:59 INFO  : Checking for hwspec changes in the project first_zynq_system_wrapper_hw_platform_0.
07:28:16 INFO  : Connected to target on host '127.0.0.1' and port '3121'.
07:28:18 INFO  : 'targets -set -filter {jtag_cable_name =~ "Digilent Zybo 210279759244A" && level==0} -index 1' command is executed.
07:28:20 INFO  : FPGA configured successfully with bitstream "C:/Zynq_Book_Tutorial_Projects/first_zynq_design/first_zynq_design.sdk/first_zynq_system_wrapper_hw_platform_0/first_zynq_system_wrapper.bit"
07:28:37 INFO  : 'targets -set -filter {jtag_cable_name =~ "Digilent Zybo 210279759244A" && level==0} -index 1' command is executed.
07:28:37 INFO  : 'fpga -state' command is executed.
07:28:37 INFO  : Connected to target on host '127.0.0.1' and port '3121'.
07:28:37 INFO  : Jtag cable 'Digilent Zybo 210279759244A' is selected.
07:28:37 INFO  : 'jtag frequency' command is executed.
07:28:37 INFO  : Sourcing of 'C:/Zynq_Book_Tutorial_Projects/first_zynq_design/first_zynq_design.sdk/first_zynq_system_wrapper_hw_platform_0/ps7_init.tcl' is done.
07:28:37 INFO  : Context for 'APU' is selected.
07:28:38 INFO  : Hardware design information is loaded from 'C:/Zynq_Book_Tutorial_Projects/first_zynq_design/first_zynq_design.sdk/first_zynq_system_wrapper_hw_platform_0/system.hdf'.
07:28:38 INFO  : 'configparams force-mem-access 1' command is executed.
07:28:38 INFO  : Context for 'APU' is selected.
07:28:38 INFO  : 'stop' command is executed.
07:28:38 INFO  : 'ps7_init' command is executed.
07:28:38 INFO  : 'ps7_post_config' command is executed.
07:28:38 INFO  : Context for processor 'ps7_cortexa9_0' is selected.
07:28:38 INFO  : Processor reset is completed for 'ps7_cortexa9_0'.
07:28:38 INFO  : Context for processor 'ps7_cortexa9_0' is selected.
07:28:38 INFO  : The application 'C:/Zynq_Book_Tutorial_Projects/first_zynq_design/first_zynq_design.sdk/LED_test/Debug/LED_test.elf' is downloaded to processor 'ps7_cortexa9_0'.
07:28:38 INFO  : 'configparams force-mem-access 0' command is executed.
07:28:38 INFO  : ----------------XSDB Script----------------
connect -url tcp:127.0.0.1:3121
source C:/Zynq_Book_Tutorial_Projects/first_zynq_design/first_zynq_design.sdk/first_zynq_system_wrapper_hw_platform_0/ps7_init.tcl
targets -set -nocase -filter {name =~"APU*" && jtag_cable_name =~ "Digilent Zybo 210279759244A"} -index 0
loadhw -hw C:/Zynq_Book_Tutorial_Projects/first_zynq_design/first_zynq_design.sdk/first_zynq_system_wrapper_hw_platform_0/system.hdf -mem-ranges [list {0x40000000 0xbfffffff}]
configparams force-mem-access 1
targets -set -nocase -filter {name =~"APU*" && jtag_cable_name =~ "Digilent Zybo 210279759244A"} -index 0
stop
ps7_init
ps7_post_config
targets -set -nocase -filter {name =~ "ARM*#0" && jtag_cable_name =~ "Digilent Zybo 210279759244A"} -index 0
rst -processor
targets -set -nocase -filter {name =~ "ARM*#0" && jtag_cable_name =~ "Digilent Zybo 210279759244A"} -index 0
dow C:/Zynq_Book_Tutorial_Projects/first_zynq_design/first_zynq_design.sdk/LED_test/Debug/LED_test.elf
configparams force-mem-access 0
----------------End of Script----------------

07:28:38 INFO  : Context for processor 'ps7_cortexa9_0' is selected.
07:28:38 INFO  : 'con' command is executed.
07:28:38 INFO  : ----------------XSDB Script (After Launch)----------------
targets -set -nocase -filter {name =~ "ARM*#0" && jtag_cable_name =~ "Digilent Zybo 210279759244A"} -index 0
con
----------------End of Script----------------

07:28:38 INFO  : Disconnected from the channel tcfchan#1.
