#-----------------------------------------------------------
# Vivado v2018.3 (64-bit)
# SW Build 2405991 on Thu Dec  6 23:38:27 MST 2018
# IP Build 2404404 on Fri Dec  7 01:43:56 MST 2018
# Start of session at: Wed Apr 17 21:04:48 2019
# Process ID: 8628
# Current directory: C:/vivado_proj/Embedded_Lab/lab_8_new
# Command line: vivado.exe -gui_launcher_event rodinguilauncherevent8564 C:\vivado_proj\Embedded_Lab\lab_8_new\lab_8_new.xpr
# Log file: C:/vivado_proj/Embedded_Lab/lab_8_new/vivado.log
# Journal file: C:/vivado_proj/Embedded_Lab/lab_8_new\vivado.jou
#-----------------------------------------------------------
start_gui
open_project C:/vivado_proj/Embedded_Lab/lab_8_new/lab_8_new.xpr
Scanning sources...
Finished scanning sources
INFO: [IP_Flow 19-234] Refreshing IP repositories
INFO: [IP_Flow 19-1700] Loaded user IP repository 'c:/vivado_proj/Embedded_Lab/AD1Pmod_1.0'.
INFO: [IP_Flow 19-1700] Loaded user IP repository 'c:/vivado_proj/Embedded_Lab/DA2Pmod_1.0'.
WARNING: [IP_Flow 19-3685] Ignored loading user repository 'c:/vivado_proj/Embedded_Lab/AD1Pmod_1.0/xilinx.com_user_AD1Pmod_1.0'. The path is contained within another repository.
INFO: [IP_Flow 19-2313] Loaded Vivado IP repository 'C:/Xilinx/Vivado/2018.3/data/ip'.
CRITICAL WARNING: [IP_Flow 19-1663] Duplicate IP found for 'xilinx.com:user:AD1Pmod:1.0'. The one found in IP location 'c:/vivado_proj/Embedded_Lab/AD1Pmod_1.0' will take precedence over the same IP in location c:/vivado_proj/Embedded_Lab/AD1Pmod_1.0/xilinx.com_user_AD1Pmod_1.0
CRITICAL WARNING: [IP_Flow 19-1663] Duplicate IP found for 'xilinx.com:user:DA2Pmod:1.0'. The one found in IP location 'c:/vivado_proj/Embedded_Lab/DA2Pmod_1.0' will take precedence over the same IP in location c:/vivado_proj/Embedded_Lab/DA2Pmod_1.0/xilinx.com_user_DA2Pmod_1.0
open_project: Time (s): cpu = 00:00:34 ; elapsed = 00:00:16 . Memory (MB): peak = 809.848 ; gain = 196.477
update_compile_order -fileset sources_1
exit
INFO: [Common 17-206] Exiting Vivado at Wed Apr 17 21:07:17 2019...
