22:22:05 **** Auto Build of configuration Debug for project lab_5_new ****
make pre-build main-build 
a9-linaro-pre-build-step
' '
'Building file: ../src/main-1.c'
'Invoking: ARM v7 gcc compiler'
arm-none-eabi-gcc -Wall -O0 -g3 -c -fmessage-length=0 -MT"src/main-1.o" -mcpu=cortex-a9 -mfpu=vfpv3 -mfloat-abi=hard -I../../lab_5_new_bsp/ps7_cortexa9_0/include -MMD -MP -MF"src/main-1.d" -MT"src/main-1.o" -o "src/main-1.o" "../src/main-1.c"
'Finished building: ../src/main-1.c'
' '
'Building target: lab_5_new.elf'
'Invoking: ARM v7 gcc linker'
arm-none-eabi-gcc -mcpu=cortex-a9 -mfpu=vfpv3 -mfloat-abi=hard -Wl,-build-id=none -specs=Xilinx.spec -Wl,-T -Wl,../src/lscript.ld -L../../lab_5_new_bsp/ps7_cortexa9_0/lib -o "lab_5_new.elf"  ./src/main-1.o   -lm -Wl,--start-group,-lxil,-lgcc,-lc,--end-group
'Finished building target: lab_5_new.elf'
' '
'Invoking: ARM v7 Print Size'
arm-none-eabi-size lab_5_new.elf  |tee "lab_5_new.elf.size"
   text	   data	    bss	    dec	    hex	filename
  27672	   1144	  22568	  51384	   c8b8	lab_5_new.elf
'Finished building: lab_5_new.elf.size'
' '

22:22:08 Build Finished (took 2s.787ms)

